<?xml version="1.0" encoding="UTF-8" ?>
<testsuites name="vitest tests" tests="450" failures="2" errors="0" time="17.072429261">
    <testsuite name="scripts/ci/check-security-regressions.test.ts" timestamp="2026-09-17T13:34:26.438Z" hostname="sandbox-pool-7fb46484d8-hq4cn" tests="0" failures="0" errors="0" skipped="0" time="0">
    </testsuite>
    <testsuite name="scripts/ci/lint-blog-jsonld.test.ts" timestamp="2026-09-17T13:34:26.439Z" hostname="sandbox-pool-7fb46484d8-hq4cn" tests="20" failures="0" errors="0" skipped="0" time="0">
        <testcase classname="scripts/ci/lint-blog-jsonld.test.ts" name="validateNodes — happy path &gt; returns zero issues for a well-formed graph" time="0">
        </testcase>
        <testcase classname="scripts/ci/lint-blog-jsonld.test.ts" name="validateNodes — happy path &gt; flags a non-array input as an empty graph" time="0">
        </testcase>
        <testcase classname="scripts/ci/lint-blog-jsonld.test.ts" name="validateNodes — happy path &gt; flags an empty array as an empty graph" time="0">
        </testcase>
        <testcase classname="scripts/ci/lint-blog-jsonld.test.ts" name="validateNodes — BlogPosting required fields &gt; reports every missing required field on an empty BlogPosting" time="0">
        </testcase>
        <testcase classname="scripts/ci/lint-blog-jsonld.test.ts" name="validateNodes — format checks &gt; flags a bad ISO date, non-https URL, and zero wordCount" time="0">
        </testcase>
        <testcase classname="scripts/ci/lint-blog-jsonld.test.ts" name="validateNodes — format checks &gt; flags a relative image URL and missing width/height on the ImageObject" time="0">
        </testcase>
        <testcase classname="scripts/ci/lint-blog-jsonld.test.ts" name="validateNodes — authors &gt; only flags the invalid author when a multi-author list has one bad entry" time="0">
        </testcase>
        <testcase classname="scripts/ci/lint-blog-jsonld.test.ts" name="validateNodes — FAQPage &gt; flags a blank question and blank answer inside a FAQPage" time="0">
        </testcase>
        <testcase classname="scripts/ci/lint-blog-jsonld.test.ts" name="parseAllowlist &gt; returns no entries and no errors for an empty allowlist" time="0">
        </testcase>
        <testcase classname="scripts/ci/lint-blog-jsonld.test.ts" name="parseAllowlist &gt; compiles a valid entry" time="0">
        </testcase>
        <testcase classname="scripts/ci/lint-blog-jsonld.test.ts" name="parseAllowlist &gt; errors on missing required keys" time="0">
        </testcase>
        <testcase classname="scripts/ci/lint-blog-jsonld.test.ts" name="parseAllowlist &gt; errors when expires is not YYYY-MM-DD" time="0">
        </testcase>
        <testcase classname="scripts/ci/lint-blog-jsonld.test.ts" name="parseAllowlist &gt; errors when the entry has already expired" time="0">
        </testcase>
        <testcase classname="scripts/ci/lint-blog-jsonld.test.ts" name="parseAllowlist &gt; does not flag an entry that expires exactly today" time="0">
        </testcase>
        <testcase classname="scripts/ci/lint-blog-jsonld.test.ts" name="parseAllowlist &gt; errors when messagePattern is not a valid regex" time="0">
        </testcase>
        <testcase classname="scripts/ci/lint-blog-jsonld.test.ts" name="applyAllowlist &gt; suppresses only issues whose slug+path+message all match" time="0">
        </testcase>
        <testcase classname="scripts/ci/lint-blog-jsonld.test.ts" name="applyAllowlist &gt; supports slug=* and path=* wildcards" time="0">
        </testcase>
        <testcase classname="scripts/ci/lint-blog-jsonld.test.ts" name="applyAllowlist &gt; reports stale entries that did not match any issue" time="0">
        </testcase>
        <testcase classname="scripts/ci/lint-blog-jsonld.test.ts" name="applyAllowlist &gt; does not double-count a single issue against multiple matching entries" time="0">
        </testcase>
        <testcase classname="scripts/ci/lint-blog-jsonld.test.ts" name="applyAllowlist &gt; returns everything when there are no allowlist entries" time="0">
        </testcase>
    </testsuite>
    <testsuite name="src/components/ProtectedRoute.superadmin.test.tsx" timestamp="2026-09-17T13:34:26.448Z" hostname="sandbox-pool-7fb46484d8-hq4cn" tests="0" failures="0" errors="0" skipped="0" time="0">
    </testsuite>
    <testsuite name="src/components/SystemAdminRoute.test.tsx" timestamp="2026-09-17T13:34:26.448Z" hostname="sandbox-pool-7fb46484d8-hq4cn" tests="6" failures="0" errors="0" skipped="0" time="0.717535244">
        <testcase classname="src/components/SystemAdminRoute.test.tsx" name="SystemAdminRoute (/superadmin enforcement) &gt; renders the Forbidden page for an authenticated non-system-admin user" time="0.428441942">
            <system-err>
⚠️ React Router Future Flag Warning: React Router will begin wrapping state updates in `React.startTransition` in v7. You can use the `v7_startTransition` future flag to opt-in early. For more information, see https://reactrouter.com/v6/upgrading/future#v7_starttransition.
⚠️ React Router Future Flag Warning: Relative route resolution within Splat routes is changing in v7. You can use the `v7_relativeSplatPath` future flag to opt-in early. For more information, see https://reactrouter.com/v6/upgrading/future#v7_relativesplatpath.

            </system-err>
        </testcase>
        <testcase classname="src/components/SystemAdminRoute.test.tsx" name="SystemAdminRoute (/superadmin enforcement) &gt; renders the Forbidden page when the is_system_admin RPC fails (fail-closed)" time="0.097229305">
            <system-err>
[useIsSystemAdmin] RPC error: { message: [32m&apos;rpc failed&apos;[39m }

            </system-err>
        </testcase>
        <testcase classname="src/components/SystemAdminRoute.test.tsx" name="SystemAdminRoute (/superadmin enforcement) &gt; renders the Superadmin content for a confirmed system admin" time="0.084134477">
        </testcase>
        <testcase classname="src/components/SystemAdminRoute.test.tsx" name="SystemAdminRoute (/superadmin enforcement) &gt; shows a loading indicator while the is_system_admin RPC is in-flight" time="0.051161214">
        </testcase>
        <testcase classname="src/components/SystemAdminRoute.test.tsx" name="SystemAdminRoute (/superadmin enforcement) &gt; does not re-query the database when the guard is unmounted and remounted" time="0.01876079">
        </testcase>
        <testcase classname="src/components/SystemAdminRoute.test.tsx" name="SystemAdminRoute (/superadmin enforcement) &gt; issues exactly ONE is_system_admin RPC even when multiple SystemAdminRoute instances mount simultaneously" time="0.027942213">
        </testcase>
    </testsuite>
    <testsuite name="src/hooks/useIsSystemAdmin.invalidate.test.tsx" timestamp="2026-09-17T13:34:26.450Z" hostname="sandbox-pool-7fb46484d8-hq4cn" tests="4" failures="0" errors="0" skipped="0" time="0.379843852">
        <testcase classname="src/hooks/useIsSystemAdmin.invalidate.test.tsx" name="invalidateIsSystemAdmin &gt; forces a refetch when called with a specific userId" time="0.148519631">
        </testcase>
        <testcase classname="src/hooks/useIsSystemAdmin.invalidate.test.tsx" name="invalidateIsSystemAdmin &gt; does NOT refetch without invalidation (control: proves the cache is sticky)" time="0.09006723">
        </testcase>
        <testcase classname="src/hooks/useIsSystemAdmin.invalidate.test.tsx" name="invalidateIsSystemAdmin &gt; clears every cached variant when called with no userId" time="0.015131559">
        </testcase>
        <testcase classname="src/hooks/useIsSystemAdmin.invalidate.test.tsx" name="useInvalidateIsSystemAdmin (hook form) &gt; returns a stable callback that invalidates the bound queryClient" time="0.1233152">
        </testcase>
    </testsuite>
    <testsuite name="src/lib/blogJsonLd.test.ts" timestamp="2026-09-17T13:34:26.452Z" hostname="sandbox-pool-7fb46484d8-hq4cn" tests="19" failures="0" errors="0" skipped="0" time="0">
        <testcase classname="src/lib/blogJsonLd.test.ts" name="blogJsonLd — buildAuthorField (missing author data) &gt; returns the default Organization when authors is undefined" time="0">
        </testcase>
        <testcase classname="src/lib/blogJsonLd.test.ts" name="blogJsonLd — buildAuthorField (missing author data) &gt; returns the default Organization when authors is an empty array" time="0">
        </testcase>
        <testcase classname="src/lib/blogJsonLd.test.ts" name="blogJsonLd — buildAuthorField (missing author data) &gt; returns the default Organization when every author entry is blank" time="0">
        </testcase>
        <testcase classname="src/lib/blogJsonLd.test.ts" name="blogJsonLd — buildAuthorField (missing author data) &gt; falls back to editorial name/url when a kept entry is missing name and url" time="0">
        </testcase>
        <testcase classname="src/lib/blogJsonLd.test.ts" name="blogJsonLd — buildAuthorField (missing author data) &gt; uses fallback url and name when both are blank on a surviving entry" time="0">
        </testcase>
        <testcase classname="src/lib/blogJsonLd.test.ts" name="blogJsonLd — buildAuthorField (multiple authors) &gt; returns a single object (not an array) for one author" time="0">
        </testcase>
        <testcase classname="src/lib/blogJsonLd.test.ts" name="blogJsonLd — buildAuthorField (multiple authors) &gt; returns an array of nodes for multiple authors, preserving order" time="0">
        </testcase>
        <testcase classname="src/lib/blogJsonLd.test.ts" name="blogJsonLd — buildAuthorField (multiple authors) &gt; drops blank entries from a mixed list without collapsing the rest" time="0">
        </testcase>
        <testcase classname="src/lib/blogJsonLd.test.ts" name="blogJsonLd — buildAuthorField (multiple authors) &gt; every emitted node always carries @type, name, url, and @id" time="0">
        </testcase>
        <testcase classname="src/lib/blogJsonLd.test.ts" name="blogJsonLd — resolveDateModified (updatedKey behavior) &gt; uses updatedKey when present" time="0">
        </testcase>
        <testcase classname="src/lib/blogJsonLd.test.ts" name="blogJsonLd — resolveDateModified (updatedKey behavior) &gt; falls back to dateKey when updatedKey is undefined" time="0">
        </testcase>
        <testcase classname="src/lib/blogJsonLd.test.ts" name="blogJsonLd — resolveDateModified (updatedKey behavior) &gt; falls back to dateKey when updatedKey is an empty string" time="0">
        </testcase>
        <testcase classname="src/lib/blogJsonLd.test.ts" name="blogJsonLd — resolveDateModified (updatedKey behavior) &gt; falls back to dateKey when updatedKey is whitespace only" time="0">
        </testcase>
        <testcase classname="src/lib/blogJsonLd.test.ts" name="blogJsonLd — resolveDateModified (updatedKey behavior) &gt; always returns an ISO 8601 string for YYYY-MM-DD inputs" time="0">
        </testcase>
        <testcase classname="src/lib/blogJsonLd.test.ts" name="blogJsonLd — resolveDateModified (updatedKey behavior) &gt; passes through non-YYYY-MM-DD strings unchanged (already-ISO input)" time="0">
        </testcase>
        <testcase classname="src/lib/blogJsonLd.test.ts" name="blogJsonLd — comparison post regression snapshot &gt; has the comparison post registered in the posts map" time="0">
        </testcase>
        <testcase classname="src/lib/blogJsonLd.test.ts" name="blogJsonLd — comparison post regression snapshot &gt; emits Article JSON-LD (not BlogPosting) for the comparison post" time="0">
        </testcase>
        <testcase classname="src/lib/blogJsonLd.test.ts" name="blogJsonLd — comparison post regression snapshot &gt; matches the frozen JSON-LD snapshot for the comparison post" time="0">
        </testcase>
        <testcase classname="src/lib/blogJsonLd.test.ts" name="blogJsonLd — comparison post regression snapshot &gt; keeps the about/mentions entity nodes stable" time="0">
        </testcase>
    </testsuite>
    <testsuite name="src/lib/booking-error-registry.test.ts" timestamp="2026-09-17T13:34:26.457Z" hostname="sandbox-pool-7fb46484d8-hq4cn" tests="0" failures="0" errors="0" skipped="0" time="0">
    </testsuite>
    <testsuite name="src/lib/booking-error-toast.test.tsx" timestamp="2026-09-17T13:34:26.458Z" hostname="sandbox-pool-7fb46484d8-hq4cn" tests="0" failures="0" errors="0" skipped="0" time="0">
    </testsuite>
    <testsuite name="src/lib/booking-misconfig-guard.test.tsx" timestamp="2026-09-17T13:34:26.458Z" hostname="sandbox-pool-7fb46484d8-hq4cn" tests="0" failures="0" errors="0" skipped="0" time="0">
    </testsuite>
    <testsuite name="src/lib/booking-telemetry.test.ts" timestamp="2026-09-17T13:34:26.459Z" hostname="sandbox-pool-7fb46484d8-hq4cn" tests="0" failures="0" errors="0" skipped="0" time="0">
    </testsuite>
    <testsuite name="src/lib/booking-tiles.test.ts" timestamp="2026-09-17T13:34:26.460Z" hostname="sandbox-pool-7fb46484d8-hq4cn" tests="16" failures="0" errors="0" skipped="0" time="0">
        <testcase classname="src/lib/booking-tiles.test.ts" name="buildTypeTiles — public booking custom resource tiles &gt; renders one tile per built-in reservation type" time="0">
        </testcase>
        <testcase classname="src/lib/booking-tiles.test.ts" name="buildTypeTiles — public booking custom resource tiles &gt; does NOT render a generic &apos;custom&apos; tile when custom is allowed" time="0">
        </testcase>
        <testcase classname="src/lib/booking-tiles.test.ts" name="buildTypeTiles — public booking custom resource tiles &gt; renders one tile per custom resource using custom_type_label" time="0">
        </testcase>
        <testcase classname="src/lib/booking-tiles.test.ts" name="buildTypeTiles — public booking custom resource tiles &gt; falls back to resource name when custom_type_label is missing" time="0">
        </testcase>
        <testcase classname="src/lib/booking-tiles.test.ts" name="buildTypeTiles — public booking custom resource tiles &gt; falls back to literal &apos;Custom&apos; when both label and name are missing" time="0">
        </testcase>
        <testcase classname="src/lib/booking-tiles.test.ts" name="buildTypeTiles — public booking custom resource tiles &gt; does not render custom tiles when &apos;custom&apos; is NOT in allowedTypes" time="0">
        </testcase>
        <testcase classname="src/lib/booking-tiles.test.ts" name="buildTypeTiles — public booking custom resource tiles &gt; includes sub_services array on custom tiles when present" time="0">
        </testcase>
        <testcase classname="src/lib/booking-tiles.test.ts" name="buildTypeTiles — public booking custom resource tiles &gt; defaults sub_services to [] when missing or non-array" time="0">
        </testcase>
        <testcase classname="src/lib/booking-tiles.test.ts" name="buildTypeTiles — public booking custom resource tiles &gt; preserves the order: built-ins first, then custom resources in given order" time="0">
        </testcase>
        <testcase classname="src/lib/booking-tiles.test.ts" name="buildTypeTiles — public booking custom resource tiles &gt; each custom tile has a unique key (no collisions across resources)" time="0">
        </testcase>
        <testcase classname="src/lib/booking-tiles.test.ts" name="selectTile — clicking a tile sets booking form state &gt; selecting a built-in tile sets reservation_type and clears resource_id" time="0">
        </testcase>
        <testcase classname="src/lib/booking-tiles.test.ts" name="selectTile — clicking a tile sets booking form state &gt; selecting a custom tile pins reservation_type=&apos;custom&apos; AND the specific resource_id" time="0">
        </testcase>
        <testcase classname="src/lib/booking-tiles.test.ts" name="selectTile — clicking a tile sets booking form state &gt; selecting a different custom tile swaps to its resource_id" time="0">
        </testcase>
        <testcase classname="src/lib/booking-tiles.test.ts" name="selectTile — clicking a tile sets booking form state &gt; selecting a wellness tile pins reservation_type=&apos;wellness&apos; AND resource_id" time="0">
        </testcase>
        <testcase classname="src/lib/booking-tiles.test.ts" name="buildTypeTiles — wellness resources &gt; renders one tile per wellness resource (skips the bare &apos;wellness&apos; tile)" time="0">
        </testcase>
        <testcase classname="src/lib/booking-tiles.test.ts" name="buildTypeTiles — wellness resources &gt; preserves sub_services with duration_min on wellness tiles" time="0">
        </testcase>
    </testsuite>
    <testsuite name="src/lib/invoicePdf.test.ts" timestamp="2026-09-17T13:34:26.467Z" hostname="sandbox-pool-7fb46484d8-hq4cn" tests="0" failures="0" errors="0" skipped="0" time="0">
    </testsuite>
    <testsuite name="src/lib/invoke-with-retry.test.ts" timestamp="2026-09-17T13:34:26.467Z" hostname="sandbox-pool-7fb46484d8-hq4cn" tests="0" failures="0" errors="0" skipped="0" time="0">
    </testsuite>
    <testsuite name="src/lib/offer-reservation-pricing.test.ts" timestamp="2026-09-17T13:34:26.468Z" hostname="sandbox-pool-7fb46484d8-hq4cn" tests="0" failures="0" errors="0" skipped="0" time="0">
    </testsuite>
    <testsuite name="src/lib/report-accommodation-pricing.breakfast-rate.test.ts" timestamp="2026-09-17T13:34:26.469Z" hostname="sandbox-pool-7fb46484d8-hq4cn" tests="8" failures="0" errors="0" skipped="0" time="0.088374825">
        <testcase classname="src/lib/report-accommodation-pricing.breakfast-rate.test.ts" name="stored breakfast rates in period reports &gt; uses the stored rate, not the 15 EUR default, for a multi-night stay" time="0.005011261">
        </testcase>
        <testcase classname="src/lib/report-accommodation-pricing.breakfast-rate.test.ts" name="stored breakfast rates in period reports &gt; falls back to the default only when no rate was stored" time="0.000794101">
        </testcase>
        <testcase classname="src/lib/report-accommodation-pricing.breakfast-rate.test.ts" name="stored breakfast rates in period reports &gt; keeps the split exact for every plausible stored rate, stay length and party size" time="0.077082697">
        </testcase>
        <testcase classname="src/lib/report-accommodation-pricing.breakfast-rate.test.ts" name="stored breakfast rates in period reports &gt; ignores injected rates: a stored 0 rate yields no breakfast line" time="0.000359981">
        </testcase>
        <testcase classname="src/lib/report-accommodation-pricing.breakfast-rate.test.ts" name="stored breakfast rates in period reports &gt; never lets a negative, NaN or absurd stored rate distort the report" time="0.00058078">
        </testcase>
        <testcase classname="src/lib/report-accommodation-pricing.breakfast-rate.test.ts" name="stored breakfast rates in period reports &gt; applies stored rates identically for hotels and leaves other types alone" time="0.000379811">
        </testcase>
        <testcase classname="src/lib/report-accommodation-pricing.breakfast-rate.test.ts" name="stored breakfast rates in period reports &gt; keeps a whole period balanced across mixed stored rates" time="0.00041595">
        </testcase>
        <testcase classname="src/lib/report-accommodation-pricing.breakfast-rate.test.ts" name="stored breakfast rates in period reports &gt; public booking still persists the resource rate, never the request body" time="0.000823641">
        </testcase>
    </testsuite>
    <testsuite name="src/lib/report-accommodation-pricing.discounts.test.ts" timestamp="2026-09-17T13:34:26.472Z" hostname="sandbox-pool-7fb46484d8-hq4cn" tests="9" failures="0" errors="0" skipped="0" time="0">
        <testcase classname="src/lib/report-accommodation-pricing.discounts.test.ts" name="accommodation totals with discounts, coupons and manual adjustments &gt; splits the discounted amount, not the list price (percentage promo code)" time="0">
        </testcase>
        <testcase classname="src/lib/report-accommodation-pricing.discounts.test.ts" name="accommodation totals with discounts, coupons and manual adjustments &gt; splits a fixed-amount coupon stay to the cent" time="0">
        </testcase>
        <testcase classname="src/lib/report-accommodation-pricing.discounts.test.ts" name="accommodation totals with discounts, coupons and manual adjustments &gt; handles awkward percentages that land on fractions of a cent" time="0">
        </testcase>
        <testcase classname="src/lib/report-accommodation-pricing.discounts.test.ts" name="accommodation totals with discounts, coupons and manual adjustments &gt; keeps long discounted stays and large groups exact" time="0">
        </testcase>
        <testcase classname="src/lib/report-accommodation-pricing.discounts.test.ts" name="accommodation totals with discounts, coupons and manual adjustments &gt; caps breakfast when a deep discount drops the total below the breakfast value" time="0">
        </testcase>
        <testcase classname="src/lib/report-accommodation-pricing.discounts.test.ts" name="accommodation totals with discounts, coupons and manual adjustments &gt; counts a fully comped stay as zero with no negative lines" time="0">
        </testcase>
        <testcase classname="src/lib/report-accommodation-pricing.discounts.test.ts" name="accommodation totals with discounts, coupons and manual adjustments &gt; follows a manual price adjustment, up or down" time="0">
        </testcase>
        <testcase classname="src/lib/report-accommodation-pricing.discounts.test.ts" name="accommodation totals with discounts, coupons and manual adjustments &gt; uses the saved breakfast rate on discounted stays, falling back to the default" time="0">
        </testcase>
        <testcase classname="src/lib/report-accommodation-pricing.discounts.test.ts" name="accommodation totals with discounts, coupons and manual adjustments &gt; makes the period total equal the sum of charged amounts, and the discount saving the difference from list prices" time="0">
        </testcase>
    </testsuite>
    <testsuite name="src/lib/report-accommodation-pricing.multi-resource.test.ts" timestamp="2026-09-17T13:34:26.478Z" hostname="sandbox-pool-7fb46484d8-hq4cn" tests="6" failures="0" errors="0" skipped="0" time="0">
        <testcase classname="src/lib/report-accommodation-pricing.multi-resource.test.ts" name="stays spanning multiple resources &gt; keeps each room&apos;s own price and breakfast rate in a two-room booking" time="0">
        </testcase>
        <testcase classname="src/lib/report-accommodation-pricing.multi-resource.test.ts" name="stays spanning multiple resources &gt; reconciles a stay that moves from a hotel room to a guesthouse room" time="0">
        </testcase>
        <testcase classname="src/lib/report-accommodation-pricing.multi-resource.test.ts" name="stays spanning multiple resources &gt; handles a bundle where one leg carries the package price and others carry none" time="0">
        </testcase>
        <testcase classname="src/lib/report-accommodation-pricing.multi-resource.test.ts" name="stays spanning multiple resources &gt; mixes stored rates, a missing rate and a discounted leg without drift" time="0">
        </testcase>
        <testcase classname="src/lib/report-accommodation-pricing.multi-resource.test.ts" name="stays spanning multiple resources &gt; reconciles a large multi-resource group across many rate and length combinations" time="0">
        </testcase>
        <testcase classname="src/lib/report-accommodation-pricing.multi-resource.test.ts" name="stays spanning multiple resources &gt; keeps breakfast capped per resource when one leg is deeply discounted" time="0">
        </testcase>
    </testsuite>
    <testsuite name="src/lib/report-accommodation-pricing.property.test.ts" timestamp="2026-09-17T13:34:26.481Z" hostname="sandbox-pool-7fb46484d8-hq4cn" tests="2" failures="0" errors="0" skipped="0" time="5.632395104">
        <testcase classname="src/lib/report-accommodation-pricing.property.test.ts" name="property: accommodation lines always sum to the charged total &gt; holds for 20000 randomly generated discount combinations" time="5.385259445">
        </testcase>
        <testcase classname="src/lib/report-accommodation-pricing.property.test.ts" name="property: accommodation lines always sum to the charged total &gt; exports the same balanced figures for every generated booking" time="0.244219005">
        </testcase>
    </testsuite>
    <testsuite name="src/lib/report-accommodation-pricing.rounding.test.ts" timestamp="2026-09-17T13:34:26.482Z" hostname="sandbox-pool-7fb46484d8-hq4cn" tests="7" failures="0" errors="0" skipped="0" time="0">
        <testcase classname="src/lib/report-accommodation-pricing.rounding.test.ts" name="report accommodation split, rounding edge cases &gt; snaps values to whole cents" time="0">
        </testcase>
        <testcase classname="src/lib/report-accommodation-pricing.rounding.test.ts" name="report accommodation split, rounding edge cases &gt; splits awkward breakfast rates without a cent of drift" time="0">
        </testcase>
        <testcase classname="src/lib/report-accommodation-pricing.rounding.test.ts" name="report accommodation split, rounding edge cases &gt; splits awkward totals without a cent of drift" time="0">
        </testcase>
        <testcase classname="src/lib/report-accommodation-pricing.rounding.test.ts" name="report accommodation split, rounding edge cases &gt; holds for long stays and large groups" time="0">
        </testcase>
        <testcase classname="src/lib/report-accommodation-pricing.rounding.test.ts" name="report accommodation split, rounding edge cases &gt; keeps the split exact when breakfast alone would exceed the charged total" time="0">
        </testcase>
        <testcase classname="src/lib/report-accommodation-pricing.rounding.test.ts" name="report accommodation split, rounding edge cases &gt; keeps the split exact for zero-priced and comped stays" time="0">
        </testcase>
        <testcase classname="src/lib/report-accommodation-pricing.rounding.test.ts" name="report accommodation split, rounding edge cases &gt; keeps a whole period&apos;s room and breakfast lines equal to the charged sum, to the cent" time="0">
        </testcase>
    </testsuite>
    <testsuite name="src/lib/report-accommodation-pricing.stacked-discounts.test.ts" timestamp="2026-09-17T13:34:26.485Z" hostname="sandbox-pool-7fb46484d8-hq4cn" tests="6" failures="0" errors="0" skipped="0" time="0.863634669">
        <testcase classname="src/lib/report-accommodation-pricing.stacked-discounts.test.ts" name="stacked discounts on multi-night stays &gt; splits only the final charged amount, not any step of the stack" time="0.005396188">
        </testcase>
        <testcase classname="src/lib/report-accommodation-pricing.stacked-discounts.test.ts" name="stacked discounts on multi-night stays &gt; stays balanced when a stack discounts a stay below its breakfast value" time="0.000758375">
        </testcase>
        <testcase classname="src/lib/report-accommodation-pricing.stacked-discounts.test.ts" name="stacked discounts on multi-night stays &gt; reports zero for a stack that comps the whole stay" time="0.000476952">
        </testcase>
        <testcase classname="src/lib/report-accommodation-pricing.stacked-discounts.test.ts" name="stacked discounts on multi-night stays &gt; handles a stack that ends in a manual override above the list price" time="0.000715904">
        </testcase>
        <testcase classname="src/lib/report-accommodation-pricing.stacked-discounts.test.ts" name="stacked discounts on multi-night stays &gt; keeps every stacked combination balanced across many stays" time="0.850056218">
        </testcase>
        <testcase classname="src/lib/report-accommodation-pricing.stacked-discounts.test.ts" name="stacked discounts on multi-night stays &gt; ignores a stack entirely on a menu-priced restaurant booking" time="0.001224372">
        </testcase>
    </testsuite>
    <testsuite name="src/lib/report-accommodation-pricing.test.ts" timestamp="2026-09-17T13:34:26.487Z" hostname="sandbox-pool-7fb46484d8-hq4cn" tests="0" failures="0" errors="0" skipped="0" time="0">
    </testsuite>
    <testsuite name="src/lib/report-export-cells.test.ts" timestamp="2026-09-17T13:34:26.487Z" hostname="sandbox-pool-7fb46484d8-hq4cn" tests="0" failures="0" errors="0" skipped="0" time="0">
    </testsuite>
    <testsuite name="src/lib/report-export-consistency.test.ts" timestamp="2026-09-17T13:34:26.487Z" hostname="sandbox-pool-7fb46484d8-hq4cn" tests="0" failures="0" errors="0" skipped="0" time="0">
    </testsuite>
    <testsuite name="src/lib/report-export-fractional-multi-resource.test.ts" timestamp="2026-09-17T13:34:26.488Z" hostname="sandbox-pool-7fb46484d8-hq4cn" tests="0" failures="0" errors="0" skipped="0" time="0">
    </testsuite>
    <testsuite name="src/lib/report-menu-pricing-discounts.test.ts" timestamp="2026-09-17T13:34:26.488Z" hostname="sandbox-pool-7fb46484d8-hq4cn" tests="0" failures="0" errors="0" skipped="0" time="0">
    </testsuite>
    <testsuite name="src/lib/report-pdf-export.discounted-stays.test.ts" timestamp="2026-09-17T13:34:26.488Z" hostname="sandbox-pool-7fb46484d8-hq4cn" tests="2" failures="0" errors="0" skipped="0" time="0.711711781">
        <testcase classname="src/lib/report-pdf-export.discounted-stays.test.ts" name="period report PDF for discounted multi-night stays &gt; prints the guest-charged total, split to the cent" time="0.369422896">
        </testcase>
        <testcase classname="src/lib/report-pdf-export.discounted-stays.test.ts" name="period report PDF for discounted multi-night stays &gt; never prints a list price or a discount step" time="0.337402459">
        </testcase>
    </testsuite>
    <testsuite name="src/lib/report-pdf-export.test.ts" timestamp="2026-09-17T13:34:26.489Z" hostname="sandbox-pool-7fb46484d8-hq4cn" tests="2" failures="0" errors="0" skipped="0" time="0.446506152">
        <testcase classname="src/lib/report-pdf-export.test.ts" name="generated period report PDF &gt; shows a room + breakfast split that matches the total to the cent" time="0.429820795">
        </testcase>
        <testcase classname="src/lib/report-pdf-export.test.ts" name="generated period report PDF &gt; keeps the PDF export reading its money from the shared cells" time="0.014468977">
        </testcase>
    </testsuite>
    <testsuite name="src/lib/report-pricing-accessor.test.ts" timestamp="2026-09-17T13:34:26.490Z" hostname="sandbox-pool-7fb46484d8-hq4cn" tests="0" failures="0" errors="0" skipped="0" time="0">
    </testsuite>
    <testsuite name="src/lib/reservation-pricing.test.ts" timestamp="2026-09-17T13:34:26.490Z" hostname="sandbox-pool-7fb46484d8-hq4cn" tests="0" failures="0" errors="0" skipped="0" time="0">
    </testsuite>
    <testsuite name="src/lib/reservation-type-limit-api.regression.test.ts" timestamp="2026-09-17T13:34:26.491Z" hostname="sandbox-pool-7fb46484d8-hq4cn" tests="93" failures="0" errors="0" skipped="0" time="0.590543661">
        <testcase classname="src/lib/reservation-type-limit-api.regression.test.ts" name="reservations-type API: Professional 5-type cap &gt; frontend cap mirror agrees with the DB cap (5)" time="0.002751042">
        </testcase>
        <testcase classname="src/lib/reservation-type-limit-api.regression.test.ts" name="reservations-type API: Professional 5-type cap &gt; rejects 6-type combination: &apos;5 built-ins + custom (appended)&apos; &gt; returns the trigger error and parses to RESERVATION_TYPE_LIMIT_REACHED" time="0.019585775">
        </testcase>
        <testcase classname="src/lib/reservation-type-limit-api.regression.test.ts" name="reservations-type API: Professional 5-type cap &gt; rejects 6-type combination: &apos;5 built-ins + custom (prepended)&apos; &gt; returns the trigger error and parses to RESERVATION_TYPE_LIMIT_REACHED" time="0.01497164">
        </testcase>
        <testcase classname="src/lib/reservation-type-limit-api.regression.test.ts" name="reservations-type API: Professional 5-type cap &gt; rejects 6-type combination: &apos;5 built-ins + custom (middle)&apos; &gt; returns the trigger error and parses to RESERVATION_TYPE_LIMIT_REACHED" time="0.005727273">
        </testcase>
        <testcase classname="src/lib/reservation-type-limit-api.regression.test.ts" name="reservations-type API: Professional 5-type cap &gt; rejects 6-type combination: &apos;6 built-ins, no custom&apos; &gt; returns the trigger error and parses to RESERVATION_TYPE_LIMIT_REACHED" time="0.004903825">
        </testcase>
        <testcase classname="src/lib/reservation-type-limit-api.regression.test.ts" name="reservations-type API: Professional 5-type cap &gt; rejects 6-type combination: &apos;4 built-ins + custom + extra label&apos; &gt; returns the trigger error and parses to RESERVATION_TYPE_LIMIT_REACHED" time="0.002947657">
        </testcase>
        <testcase classname="src/lib/reservation-type-limit-api.regression.test.ts" name="reservations-type API: Professional 5-type cap &gt; rejects 6-type combination: &apos;3 built-ins + 3 custom&apos; &gt; returns the trigger error and parses to RESERVATION_TYPE_LIMIT_REACHED" time="0.003605714">
        </testcase>
        <testcase classname="src/lib/reservation-type-limit-api.regression.test.ts" name="reservations-type API: Professional 5-type cap &gt; accepts 5-type combination at the cap: &apos;5 built-ins, no custom&apos; &gt; returns the saved row and no error" time="0.003792695">
        </testcase>
        <testcase classname="src/lib/reservation-type-limit-api.regression.test.ts" name="reservations-type API: Professional 5-type cap &gt; accepts 5-type combination at the cap: &apos;4 built-ins + custom&apos; &gt; returns the saved row and no error" time="0.004699229">
        </testcase>
        <testcase classname="src/lib/reservation-type-limit-api.regression.test.ts" name="reservations-type API: Professional 5-type cap &gt; accepts 5-type combination at the cap: &apos;1 built-in + 4 custom&apos; &gt; returns the saved row and no error" time="0.002846773">
        </testcase>
        <testcase classname="src/lib/reservation-type-limit-api.regression.test.ts" name="reservations-type API: Professional 5-type cap &gt; accepts 5-type combination at the cap: &apos;5 customs&apos; &gt; returns the saved row and no error" time="0.005122304">
        </testcase>
        <testcase classname="src/lib/reservation-type-limit-api.regression.test.ts" name="reservations-type API: Professional 5-type cap &gt; rejected updates never mutate the persisted row &gt; baseline [single built-in] is preserved when rejecting [5 built-ins + custom (appended)]" time="0.006265042">
        </testcase>
        <testcase classname="src/lib/reservation-type-limit-api.regression.test.ts" name="reservations-type API: Professional 5-type cap &gt; rejected updates never mutate the persisted row &gt; baseline [single built-in] is preserved when rejecting [5 built-ins + custom (prepended)]" time="0.005703578">
        </testcase>
        <testcase classname="src/lib/reservation-type-limit-api.regression.test.ts" name="reservations-type API: Professional 5-type cap &gt; rejected updates never mutate the persisted row &gt; baseline [single built-in] is preserved when rejecting [5 built-ins + custom (middle)]" time="0.013084056">
        </testcase>
        <testcase classname="src/lib/reservation-type-limit-api.regression.test.ts" name="reservations-type API: Professional 5-type cap &gt; rejected updates never mutate the persisted row &gt; baseline [single built-in] is preserved when rejecting [6 built-ins, no custom]" time="0.006390205">
        </testcase>
        <testcase classname="src/lib/reservation-type-limit-api.regression.test.ts" name="reservations-type API: Professional 5-type cap &gt; rejected updates never mutate the persisted row &gt; baseline [single built-in] is preserved when rejecting [4 built-ins + custom + extra label]" time="0.00595146">
        </testcase>
        <testcase classname="src/lib/reservation-type-limit-api.regression.test.ts" name="reservations-type API: Professional 5-type cap &gt; rejected updates never mutate the persisted row &gt; baseline [single built-in] is preserved when rejecting [3 built-ins + 3 custom]" time="0.004918135">
        </testcase>
        <testcase classname="src/lib/reservation-type-limit-api.regression.test.ts" name="reservations-type API: Professional 5-type cap &gt; rejected updates never mutate the persisted row &gt; baseline [two built-ins] is preserved when rejecting [5 built-ins + custom (appended)]" time="0.006238397">
        </testcase>
        <testcase classname="src/lib/reservation-type-limit-api.regression.test.ts" name="reservations-type API: Professional 5-type cap &gt; rejected updates never mutate the persisted row &gt; baseline [two built-ins] is preserved when rejecting [5 built-ins + custom (prepended)]" time="0.005764957">
        </testcase>
        <testcase classname="src/lib/reservation-type-limit-api.regression.test.ts" name="reservations-type API: Professional 5-type cap &gt; rejected updates never mutate the persisted row &gt; baseline [two built-ins] is preserved when rejecting [5 built-ins + custom (middle)]" time="0.007144388">
        </testcase>
        <testcase classname="src/lib/reservation-type-limit-api.regression.test.ts" name="reservations-type API: Professional 5-type cap &gt; rejected updates never mutate the persisted row &gt; baseline [two built-ins] is preserved when rejecting [6 built-ins, no custom]" time="0.006821753">
        </testcase>
        <testcase classname="src/lib/reservation-type-limit-api.regression.test.ts" name="reservations-type API: Professional 5-type cap &gt; rejected updates never mutate the persisted row &gt; baseline [two built-ins] is preserved when rejecting [4 built-ins + custom + extra label]" time="0.006154336">
        </testcase>
        <testcase classname="src/lib/reservation-type-limit-api.regression.test.ts" name="reservations-type API: Professional 5-type cap &gt; rejected updates never mutate the persisted row &gt; baseline [two built-ins] is preserved when rejecting [3 built-ins + 3 custom]" time="0.010221463">
        </testcase>
        <testcase classname="src/lib/reservation-type-limit-api.regression.test.ts" name="reservations-type API: Professional 5-type cap &gt; rejected updates never mutate the persisted row &gt; baseline [at-cap built-ins] is preserved when rejecting [5 built-ins + custom (appended)]" time="0.005776101">
        </testcase>
        <testcase classname="src/lib/reservation-type-limit-api.regression.test.ts" name="reservations-type API: Professional 5-type cap &gt; rejected updates never mutate the persisted row &gt; baseline [at-cap built-ins] is preserved when rejecting [5 built-ins + custom (prepended)]" time="0.005965748">
        </testcase>
        <testcase classname="src/lib/reservation-type-limit-api.regression.test.ts" name="reservations-type API: Professional 5-type cap &gt; rejected updates never mutate the persisted row &gt; baseline [at-cap built-ins] is preserved when rejecting [5 built-ins + custom (middle)]" time="0.006287593">
        </testcase>
        <testcase classname="src/lib/reservation-type-limit-api.regression.test.ts" name="reservations-type API: Professional 5-type cap &gt; rejected updates never mutate the persisted row &gt; baseline [at-cap built-ins] is preserved when rejecting [6 built-ins, no custom]" time="0.010719431">
        </testcase>
        <testcase classname="src/lib/reservation-type-limit-api.regression.test.ts" name="reservations-type API: Professional 5-type cap &gt; rejected updates never mutate the persisted row &gt; baseline [at-cap built-ins] is preserved when rejecting [4 built-ins + custom + extra label]" time="0.006272715">
        </testcase>
        <testcase classname="src/lib/reservation-type-limit-api.regression.test.ts" name="reservations-type API: Professional 5-type cap &gt; rejected updates never mutate the persisted row &gt; baseline [at-cap built-ins] is preserved when rejecting [3 built-ins + 3 custom]" time="0.006152904">
        </testcase>
        <testcase classname="src/lib/reservation-type-limit-api.regression.test.ts" name="reservations-type API: Professional 5-type cap &gt; rejected updates never mutate the persisted row &gt; baseline [at-cap mixed with custom] is preserved when rejecting [5 built-ins + custom (appended)]" time="0.00661172">
        </testcase>
        <testcase classname="src/lib/reservation-type-limit-api.regression.test.ts" name="reservations-type API: Professional 5-type cap &gt; rejected updates never mutate the persisted row &gt; baseline [at-cap mixed with custom] is preserved when rejecting [5 built-ins + custom (prepended)]" time="0.014009088">
        </testcase>
        <testcase classname="src/lib/reservation-type-limit-api.regression.test.ts" name="reservations-type API: Professional 5-type cap &gt; rejected updates never mutate the persisted row &gt; baseline [at-cap mixed with custom] is preserved when rejecting [5 built-ins + custom (middle)]" time="0.017418139">
        </testcase>
        <testcase classname="src/lib/reservation-type-limit-api.regression.test.ts" name="reservations-type API: Professional 5-type cap &gt; rejected updates never mutate the persisted row &gt; baseline [at-cap mixed with custom] is preserved when rejecting [6 built-ins, no custom]" time="0.006701107">
        </testcase>
        <testcase classname="src/lib/reservation-type-limit-api.regression.test.ts" name="reservations-type API: Professional 5-type cap &gt; rejected updates never mutate the persisted row &gt; baseline [at-cap mixed with custom] is preserved when rejecting [4 built-ins + custom + extra label]" time="0.007708073">
        </testcase>
        <testcase classname="src/lib/reservation-type-limit-api.regression.test.ts" name="reservations-type API: Professional 5-type cap &gt; rejected updates never mutate the persisted row &gt; baseline [at-cap mixed with custom] is preserved when rejecting [3 built-ins + 3 custom]" time="0.009931923">
        </testcase>
        <testcase classname="src/lib/reservation-type-limit-api.regression.test.ts" name="reservations-type API: Professional 5-type cap &gt; rejected updates never mutate the persisted row &gt; baseline [only custom] is preserved when rejecting [5 built-ins + custom (appended)]" time="0.00547764">
        </testcase>
        <testcase classname="src/lib/reservation-type-limit-api.regression.test.ts" name="reservations-type API: Professional 5-type cap &gt; rejected updates never mutate the persisted row &gt; baseline [only custom] is preserved when rejecting [5 built-ins + custom (prepended)]" time="0.007180596">
        </testcase>
        <testcase classname="src/lib/reservation-type-limit-api.regression.test.ts" name="reservations-type API: Professional 5-type cap &gt; rejected updates never mutate the persisted row &gt; baseline [only custom] is preserved when rejecting [5 built-ins + custom (middle)]" time="0.005841227">
        </testcase>
        <testcase classname="src/lib/reservation-type-limit-api.regression.test.ts" name="reservations-type API: Professional 5-type cap &gt; rejected updates never mutate the persisted row &gt; baseline [only custom] is preserved when rejecting [6 built-ins, no custom]" time="0.005980544">
        </testcase>
        <testcase classname="src/lib/reservation-type-limit-api.regression.test.ts" name="reservations-type API: Professional 5-type cap &gt; rejected updates never mutate the persisted row &gt; baseline [only custom] is preserved when rejecting [4 built-ins + custom + extra label]" time="0.010527977">
        </testcase>
        <testcase classname="src/lib/reservation-type-limit-api.regression.test.ts" name="reservations-type API: Professional 5-type cap &gt; rejected updates never mutate the persisted row &gt; baseline [only custom] is preserved when rejecting [3 built-ins + 3 custom]" time="0.006840502">
        </testcase>
        <testcase classname="src/lib/reservation-type-limit-api.regression.test.ts" name="reservations-type API: Professional 5-type cap &gt; rejected updates never mutate the persisted row &gt; baseline [empty] is preserved when rejecting [5 built-ins + custom (appended)]" time="0.007441598">
        </testcase>
        <testcase classname="src/lib/reservation-type-limit-api.regression.test.ts" name="reservations-type API: Professional 5-type cap &gt; rejected updates never mutate the persisted row &gt; baseline [empty] is preserved when rejecting [5 built-ins + custom (prepended)]" time="0.005807054">
        </testcase>
        <testcase classname="src/lib/reservation-type-limit-api.regression.test.ts" name="reservations-type API: Professional 5-type cap &gt; rejected updates never mutate the persisted row &gt; baseline [empty] is preserved when rejecting [5 built-ins + custom (middle)]" time="0.004925564">
        </testcase>
        <testcase classname="src/lib/reservation-type-limit-api.regression.test.ts" name="reservations-type API: Professional 5-type cap &gt; rejected updates never mutate the persisted row &gt; baseline [empty] is preserved when rejecting [6 built-ins, no custom]" time="0.007062089">
        </testcase>
        <testcase classname="src/lib/reservation-type-limit-api.regression.test.ts" name="reservations-type API: Professional 5-type cap &gt; rejected updates never mutate the persisted row &gt; baseline [empty] is preserved when rejecting [4 built-ins + custom + extra label]" time="0.007776459">
        </testcase>
        <testcase classname="src/lib/reservation-type-limit-api.regression.test.ts" name="reservations-type API: Professional 5-type cap &gt; rejected updates never mutate the persisted row &gt; baseline [empty] is preserved when rejecting [3 built-ins + 3 custom]" time="0.007031296">
        </testcase>
        <testcase classname="src/lib/reservation-type-limit-api.regression.test.ts" name="reservations-type API: Professional 5-type cap &gt; rejected updates never mutate the persisted row &gt; after several rejections in a row, no partial write leaks through" time="0.039177907">
        </testcase>
        <testcase classname="src/lib/reservation-type-limit-api.regression.test.ts" name="reservations-type API: Professional 5-type cap &gt; rejected updates never mutate the persisted row &gt; an accepted update between rejections persists, and a later rejection does not undo it" time="0.014966363">
        </testcase>
        <testcase classname="src/lib/reservation-type-limit-api.regression.test.ts" name="reservations-type API: Professional 5-type cap &gt; rejected updates never mutate the persisted row &gt; rejection on a non-existent row creates nothing" time="0.005256103">
        </testcase>
        <testcase classname="src/lib/reservation-type-limit-api.regression.test.ts" name="reservations-type API: Professional 5-type cap &gt; trigger returns the exact &apos;at most 5&apos; error for every over-limit combo &gt; matches the contract for &apos;size=6, custom@0&apos;" time="0.006666051">
        </testcase>
        <testcase classname="src/lib/reservation-type-limit-api.regression.test.ts" name="reservations-type API: Professional 5-type cap &gt; trigger returns the exact &apos;at most 5&apos; error for every over-limit combo &gt; matches the contract for &apos;size=6, custom@1&apos;" time="0.006259508">
        </testcase>
        <testcase classname="src/lib/reservation-type-limit-api.regression.test.ts" name="reservations-type API: Professional 5-type cap &gt; trigger returns the exact &apos;at most 5&apos; error for every over-limit combo &gt; matches the contract for &apos;size=6, custom@2&apos;" time="0.002892796">
        </testcase>
        <testcase classname="src/lib/reservation-type-limit-api.regression.test.ts" name="reservations-type API: Professional 5-type cap &gt; trigger returns the exact &apos;at most 5&apos; error for every over-limit combo &gt; matches the contract for &apos;size=6, custom@3&apos;" time="0.003138665">
        </testcase>
        <testcase classname="src/lib/reservation-type-limit-api.regression.test.ts" name="reservations-type API: Professional 5-type cap &gt; trigger returns the exact &apos;at most 5&apos; error for every over-limit combo &gt; matches the contract for &apos;size=6, custom@4&apos;" time="0.00415898">
        </testcase>
        <testcase classname="src/lib/reservation-type-limit-api.regression.test.ts" name="reservations-type API: Professional 5-type cap &gt; trigger returns the exact &apos;at most 5&apos; error for every over-limit combo &gt; matches the contract for &apos;size=6, custom@5&apos;" time="0.004409242">
        </testcase>
        <testcase classname="src/lib/reservation-type-limit-api.regression.test.ts" name="reservations-type API: Professional 5-type cap &gt; trigger returns the exact &apos;at most 5&apos; error for every over-limit combo &gt; matches the contract for &apos;size=6, no custom&apos;" time="0.001584481">
        </testcase>
        <testcase classname="src/lib/reservation-type-limit-api.regression.test.ts" name="reservations-type API: Professional 5-type cap &gt; trigger returns the exact &apos;at most 5&apos; error for every over-limit combo &gt; matches the contract for &apos;size=6, 3 customs&apos;" time="0.002767995">
        </testcase>
        <testcase classname="src/lib/reservation-type-limit-api.regression.test.ts" name="reservations-type API: Professional 5-type cap &gt; trigger returns the exact &apos;at most 5&apos; error for every over-limit combo &gt; matches the contract for &apos;size=7, custom@0&apos;" time="0.0071409">
        </testcase>
        <testcase classname="src/lib/reservation-type-limit-api.regression.test.ts" name="reservations-type API: Professional 5-type cap &gt; trigger returns the exact &apos;at most 5&apos; error for every over-limit combo &gt; matches the contract for &apos;size=7, custom@1&apos;" time="0.005612511">
        </testcase>
        <testcase classname="src/lib/reservation-type-limit-api.regression.test.ts" name="reservations-type API: Professional 5-type cap &gt; trigger returns the exact &apos;at most 5&apos; error for every over-limit combo &gt; matches the contract for &apos;size=7, custom@2&apos;" time="0.002226676">
        </testcase>
        <testcase classname="src/lib/reservation-type-limit-api.regression.test.ts" name="reservations-type API: Professional 5-type cap &gt; trigger returns the exact &apos;at most 5&apos; error for every over-limit combo &gt; matches the contract for &apos;size=7, custom@3&apos;" time="0.002929501">
        </testcase>
        <testcase classname="src/lib/reservation-type-limit-api.regression.test.ts" name="reservations-type API: Professional 5-type cap &gt; trigger returns the exact &apos;at most 5&apos; error for every over-limit combo &gt; matches the contract for &apos;size=7, custom@4&apos;" time="0.002806276">
        </testcase>
        <testcase classname="src/lib/reservation-type-limit-api.regression.test.ts" name="reservations-type API: Professional 5-type cap &gt; trigger returns the exact &apos;at most 5&apos; error for every over-limit combo &gt; matches the contract for &apos;size=7, custom@5&apos;" time="0.002847649">
        </testcase>
        <testcase classname="src/lib/reservation-type-limit-api.regression.test.ts" name="reservations-type API: Professional 5-type cap &gt; trigger returns the exact &apos;at most 5&apos; error for every over-limit combo &gt; matches the contract for &apos;size=7, custom@6&apos;" time="0.005817296">
        </testcase>
        <testcase classname="src/lib/reservation-type-limit-api.regression.test.ts" name="reservations-type API: Professional 5-type cap &gt; trigger returns the exact &apos;at most 5&apos; error for every over-limit combo &gt; matches the contract for &apos;size=7, no custom&apos;" time="0.005105858">
        </testcase>
        <testcase classname="src/lib/reservation-type-limit-api.regression.test.ts" name="reservations-type API: Professional 5-type cap &gt; trigger returns the exact &apos;at most 5&apos; error for every over-limit combo &gt; matches the contract for &apos;size=7, 4 customs&apos;" time="0.00424447">
        </testcase>
        <testcase classname="src/lib/reservation-type-limit-api.regression.test.ts" name="reservations-type API: Professional 5-type cap &gt; trigger returns the exact &apos;at most 5&apos; error for every over-limit combo &gt; matches the contract for &apos;size=8, custom@0&apos;" time="0.002885546">
        </testcase>
        <testcase classname="src/lib/reservation-type-limit-api.regression.test.ts" name="reservations-type API: Professional 5-type cap &gt; trigger returns the exact &apos;at most 5&apos; error for every over-limit combo &gt; matches the contract for &apos;size=8, custom@1&apos;" time="0.003103428">
        </testcase>
        <testcase classname="src/lib/reservation-type-limit-api.regression.test.ts" name="reservations-type API: Professional 5-type cap &gt; trigger returns the exact &apos;at most 5&apos; error for every over-limit combo &gt; matches the contract for &apos;size=8, custom@2&apos;" time="0.005101076">
        </testcase>
        <testcase classname="src/lib/reservation-type-limit-api.regression.test.ts" name="reservations-type API: Professional 5-type cap &gt; trigger returns the exact &apos;at most 5&apos; error for every over-limit combo &gt; matches the contract for &apos;size=8, custom@3&apos;" time="0.002721385">
        </testcase>
        <testcase classname="src/lib/reservation-type-limit-api.regression.test.ts" name="reservations-type API: Professional 5-type cap &gt; trigger returns the exact &apos;at most 5&apos; error for every over-limit combo &gt; matches the contract for &apos;size=8, custom@4&apos;" time="0.002763992">
        </testcase>
        <testcase classname="src/lib/reservation-type-limit-api.regression.test.ts" name="reservations-type API: Professional 5-type cap &gt; trigger returns the exact &apos;at most 5&apos; error for every over-limit combo &gt; matches the contract for &apos;size=8, custom@5&apos;" time="0.002865811">
        </testcase>
        <testcase classname="src/lib/reservation-type-limit-api.regression.test.ts" name="reservations-type API: Professional 5-type cap &gt; trigger returns the exact &apos;at most 5&apos; error for every over-limit combo &gt; matches the contract for &apos;size=8, custom@6&apos;" time="0.002982698">
        </testcase>
        <testcase classname="src/lib/reservation-type-limit-api.regression.test.ts" name="reservations-type API: Professional 5-type cap &gt; trigger returns the exact &apos;at most 5&apos; error for every over-limit combo &gt; matches the contract for &apos;size=8, custom@7&apos;" time="0.003637726">
        </testcase>
        <testcase classname="src/lib/reservation-type-limit-api.regression.test.ts" name="reservations-type API: Professional 5-type cap &gt; trigger returns the exact &apos;at most 5&apos; error for every over-limit combo &gt; matches the contract for &apos;size=8, no custom&apos;" time="0.003701842">
        </testcase>
        <testcase classname="src/lib/reservation-type-limit-api.regression.test.ts" name="reservations-type API: Professional 5-type cap &gt; trigger returns the exact &apos;at most 5&apos; error for every over-limit combo &gt; matches the contract for &apos;size=8, 4 customs&apos;" time="0.002710585">
        </testcase>
        <testcase classname="src/lib/reservation-type-limit-api.regression.test.ts" name="reservations-type API: Professional 5-type cap &gt; trigger returns the exact &apos;at most 5&apos; error for every over-limit combo &gt; matches the contract for &apos;size=10, custom@0&apos;" time="0.004522412">
        </testcase>
        <testcase classname="src/lib/reservation-type-limit-api.regression.test.ts" name="reservations-type API: Professional 5-type cap &gt; trigger returns the exact &apos;at most 5&apos; error for every over-limit combo &gt; matches the contract for &apos;size=10, custom@1&apos;" time="0.002854982">
        </testcase>
        <testcase classname="src/lib/reservation-type-limit-api.regression.test.ts" name="reservations-type API: Professional 5-type cap &gt; trigger returns the exact &apos;at most 5&apos; error for every over-limit combo &gt; matches the contract for &apos;size=10, custom@2&apos;" time="0.002820449">
        </testcase>
        <testcase classname="src/lib/reservation-type-limit-api.regression.test.ts" name="reservations-type API: Professional 5-type cap &gt; trigger returns the exact &apos;at most 5&apos; error for every over-limit combo &gt; matches the contract for &apos;size=10, custom@3&apos;" time="0.002861844">
        </testcase>
        <testcase classname="src/lib/reservation-type-limit-api.regression.test.ts" name="reservations-type API: Professional 5-type cap &gt; trigger returns the exact &apos;at most 5&apos; error for every over-limit combo &gt; matches the contract for &apos;size=10, custom@4&apos;" time="0.002843644">
        </testcase>
        <testcase classname="src/lib/reservation-type-limit-api.regression.test.ts" name="reservations-type API: Professional 5-type cap &gt; trigger returns the exact &apos;at most 5&apos; error for every over-limit combo &gt; matches the contract for &apos;size=10, custom@5&apos;" time="0.002843987">
        </testcase>
        <testcase classname="src/lib/reservation-type-limit-api.regression.test.ts" name="reservations-type API: Professional 5-type cap &gt; trigger returns the exact &apos;at most 5&apos; error for every over-limit combo &gt; matches the contract for &apos;size=10, custom@6&apos;" time="0.004246785">
        </testcase>
        <testcase classname="src/lib/reservation-type-limit-api.regression.test.ts" name="reservations-type API: Professional 5-type cap &gt; trigger returns the exact &apos;at most 5&apos; error for every over-limit combo &gt; matches the contract for &apos;size=10, custom@7&apos;" time="0.004445169">
        </testcase>
        <testcase classname="src/lib/reservation-type-limit-api.regression.test.ts" name="reservations-type API: Professional 5-type cap &gt; trigger returns the exact &apos;at most 5&apos; error for every over-limit combo &gt; matches the contract for &apos;size=10, custom@8&apos;" time="0.00286487">
        </testcase>
        <testcase classname="src/lib/reservation-type-limit-api.regression.test.ts" name="reservations-type API: Professional 5-type cap &gt; trigger returns the exact &apos;at most 5&apos; error for every over-limit combo &gt; matches the contract for &apos;size=10, custom@9&apos;" time="0.003617208">
        </testcase>
        <testcase classname="src/lib/reservation-type-limit-api.regression.test.ts" name="reservations-type API: Professional 5-type cap &gt; trigger returns the exact &apos;at most 5&apos; error for every over-limit combo &gt; matches the contract for &apos;size=10, no custom&apos;" time="0.003076177">
        </testcase>
        <testcase classname="src/lib/reservation-type-limit-api.regression.test.ts" name="reservations-type API: Professional 5-type cap &gt; trigger returns the exact &apos;at most 5&apos; error for every over-limit combo &gt; matches the contract for &apos;size=10, 5 customs&apos;" time="0.001646494">
        </testcase>
        <testcase classname="src/lib/reservation-type-limit-api.regression.test.ts" name="reservations-type API: Professional 5-type cap &gt; concurrent rejected + accepted updates do not drift &gt; interleaved 6-type reject and 5-type accept: row matches the accepted payload" time="0.005393808">
        </testcase>
        <testcase classname="src/lib/reservation-type-limit-api.regression.test.ts" name="reservations-type API: Professional 5-type cap &gt; concurrent rejected + accepted updates do not drift &gt; burst of 20 mixed updates: final row is one of the accepted payloads, never over-cap" time="0.007748414">
        </testcase>
        <testcase classname="src/lib/reservation-type-limit-api.regression.test.ts" name="reservations-type API: Professional 5-type cap &gt; concurrent rejected + accepted updates do not drift &gt; repeated rejects against a stable accepted baseline never mutate it" time="0.008702997">
        </testcase>
        <testcase classname="src/lib/reservation-type-limit-api.regression.test.ts" name="reservations-type API: Professional 5-type cap &gt; concurrent rejected + accepted updates do not drift &gt; interleaved accept-reject-accept sequence: last accept wins, no over-cap leak" time="0.00678145">
        </testcase>
    </testsuite>
    <testsuite name="src/lib/reservationFilters.test.ts" timestamp="2026-09-17T13:34:26.528Z" hostname="sandbox-pool-7fb46484d8-hq4cn" tests="0" failures="0" errors="0" skipped="0" time="0">
    </testsuite>
    <testsuite name="src/lib/staff-limit-trigger.regression.test.ts" timestamp="2026-09-17T13:34:26.528Z" hostname="sandbox-pool-7fb46484d8-hq4cn" tests="0" failures="0" errors="0" skipped="0" time="0">
    </testsuite>
    <testsuite name="src/lib/storage-path.fuzz.test.ts" timestamp="2026-09-17T13:34:26.529Z" hostname="sandbox-pool-7fb46484d8-hq4cn" tests="3" failures="0" errors="0" skipped="0" time="2.882737479">
        <testcase classname="src/lib/storage-path.fuzz.test.ts" name="assertSafeStorageObjectPath (property-based fuzz) &gt; accept/reject decision matches the independent oracle for 10k random inputs" time="0.919287923">
        </testcase>
        <testcase classname="src/lib/storage-path.fuzz.test.ts" name="assertSafeStorageObjectPath (property-based fuzz) &gt; every accepted path stays inside the tenant root segment" time="0.202939367">
        </testcase>
        <testcase classname="src/lib/storage-path.fuzz.test.ts" name="assertSafeStorageObjectPath (rejection log leakage invariants) &gt; never echoes raw input, sentinel PII, or non-UUID tenantId in the logged event" time="1.756723409">
        </testcase>
    </testsuite>
    <testsuite name="src/lib/storage-path.test.ts" timestamp="2026-09-17T13:34:26.530Z" hostname="sandbox-pool-7fb46484d8-hq4cn" tests="32" failures="0" errors="0" skipped="0" time="0">
        <testcase classname="src/lib/storage-path.test.ts" name="assertSafeStorageObjectPath &gt; rejects malicious inputs &gt; rejects parent traversal segment with reason &quot;traversal_or_empty_segment&quot;" time="0">
        </testcase>
        <testcase classname="src/lib/storage-path.test.ts" name="assertSafeStorageObjectPath &gt; rejects malicious inputs &gt; rejects leading parent traversal with reason &quot;traversal_or_empty_segment&quot;" time="0">
        </testcase>
        <testcase classname="src/lib/storage-path.test.ts" name="assertSafeStorageObjectPath &gt; rejects malicious inputs &gt; rejects current-dir segment with reason &quot;traversal_or_empty_segment&quot;" time="0">
        </testcase>
        <testcase classname="src/lib/storage-path.test.ts" name="assertSafeStorageObjectPath &gt; rejects malicious inputs &gt; rejects double slash empty segment with reason &quot;traversal_or_empty_segment&quot;" time="0">
        </testcase>
        <testcase classname="src/lib/storage-path.test.ts" name="assertSafeStorageObjectPath &gt; rejects malicious inputs &gt; rejects trailing slash empty segment with reason &quot;traversal_or_empty_segment&quot;" time="0">
        </testcase>
        <testcase classname="src/lib/storage-path.test.ts" name="assertSafeStorageObjectPath &gt; rejects malicious inputs &gt; rejects absolute unix path with reason &quot;absolute&quot;" time="0">
        </testcase>
        <testcase classname="src/lib/storage-path.test.ts" name="assertSafeStorageObjectPath &gt; rejects malicious inputs &gt; rejects windows backslash with reason &quot;backslash&quot;" time="0">
        </testcase>
        <testcase classname="src/lib/storage-path.test.ts" name="assertSafeStorageObjectPath &gt; rejects malicious inputs &gt; rejects embedded NUL byte with reason &quot;control_char&quot;" time="0">
        </testcase>
        <testcase classname="src/lib/storage-path.test.ts" name="assertSafeStorageObjectPath &gt; rejects malicious inputs &gt; rejects ASCII bell with reason &quot;control_char&quot;" time="0">
        </testcase>
        <testcase classname="src/lib/storage-path.test.ts" name="assertSafeStorageObjectPath &gt; rejects malicious inputs &gt; rejects DEL char with reason &quot;control_char&quot;" time="0">
        </testcase>
        <testcase classname="src/lib/storage-path.test.ts" name="assertSafeStorageObjectPath &gt; rejects malicious inputs &gt; rejects http scheme with reason &quot;scheme&quot;" time="0">
        </testcase>
        <testcase classname="src/lib/storage-path.test.ts" name="assertSafeStorageObjectPath &gt; rejects malicious inputs &gt; rejects https scheme with reason &quot;scheme&quot;" time="0">
        </testcase>
        <testcase classname="src/lib/storage-path.test.ts" name="assertSafeStorageObjectPath &gt; rejects malicious inputs &gt; rejects file scheme with reason &quot;scheme&quot;" time="0">
        </testcase>
        <testcase classname="src/lib/storage-path.test.ts" name="assertSafeStorageObjectPath &gt; rejects malicious inputs &gt; rejects empty string with reason &quot;empty&quot;" time="0">
        </testcase>
        <testcase classname="src/lib/storage-path.test.ts" name="assertSafeStorageObjectPath &gt; rejects malicious inputs &gt; rejects whitespace only with reason &quot;empty&quot;" time="0">
        </testcase>
        <testcase classname="src/lib/storage-path.test.ts" name="assertSafeStorageObjectPath &gt; rejects malicious inputs &gt; rejects overly long with reason &quot;too_long&quot;" time="0">
        </testcase>
        <testcase classname="src/lib/storage-path.test.ts" name="assertSafeStorageObjectPath &gt; rejects malicious inputs &gt; rejects non-string input" time="0">
        </testcase>
        <testcase classname="src/lib/storage-path.test.ts" name="assertSafeStorageObjectPath &gt; accepts valid keys &gt; accepts &quot;tenant-id/logo.png&quot;" time="0">
        </testcase>
        <testcase classname="src/lib/storage-path.test.ts" name="assertSafeStorageObjectPath &gt; accepts valid keys &gt; accepts &quot;tenant-id/resources/abc/photo.jpg&quot;" time="0">
        </testcase>
        <testcase classname="src/lib/storage-path.test.ts" name="assertSafeStorageObjectPath &gt; accepts valid keys &gt; accepts &quot;tenant-id/avatars/user-id.webp&quot;" time="0">
        </testcase>
        <testcase classname="src/lib/storage-path.test.ts" name="assertSafeStorageObjectPath &gt; accepts valid keys &gt; accepts &quot;tenant-id/offers/2026/offer-123.pdf&quot;" time="0">
        </testcase>
        <testcase classname="src/lib/storage-path.test.ts" name="assertSafeStorageObjectPath &gt; accepts valid keys &gt; accepts &quot;single.png&quot;" time="0">
        </testcase>
        <testcase classname="src/lib/storage-path.test.ts" name="assertSafeStorageObjectPath &gt; accepts valid keys &gt; accepts &quot;deep/nested/path/with/many/segments/file.txt&quot;" time="0">
        </testcase>
        <testcase classname="src/lib/storage-path.test.ts" name="assertSafeStorageObjectPath &gt; accepts valid keys &gt; accepts &quot;  tenant-id/logo.png  &quot;" time="0">
        </testcase>
        <testcase classname="src/lib/storage-path.test.ts" name="assertSafeStorageObjectPath &gt; structured logging &gt; emits a redacted event without echoing the raw payload" time="0">
        </testcase>
        <testcase classname="src/lib/storage-path.test.ts" name="assertSafeStorageObjectPath &gt; structured logging &gt; flags scheme, backslash, and control-char shapes" time="0">
        </testcase>
        <testcase classname="src/lib/storage-path.test.ts" name="assertSafeStorageObjectPath &gt; structured logging &gt; does not log on success" time="0">
        </testcase>
        <testcase classname="src/lib/storage-path.test.ts" name="assertSafeStorageObjectPath &gt; structured logging &gt; swallows logger exceptions so rejection still propagates" time="0">
        </testcase>
        <testcase classname="src/lib/storage-path.test.ts" name="assertSafeStorageObjectPath &gt; structured logging &gt; tenantId telemetry &gt; includes valid UUID tenantId in the event" time="0">
        </testcase>
        <testcase classname="src/lib/storage-path.test.ts" name="assertSafeStorageObjectPath &gt; structured logging &gt; tenantId telemetry &gt; normalises UUID casing and trims whitespace" time="0">
        </testcase>
        <testcase classname="src/lib/storage-path.test.ts" name="assertSafeStorageObjectPath &gt; structured logging &gt; tenantId telemetry &gt; drops non-UUID tenantId so PII can&apos;t leak through" time="0">
        </testcase>
        <testcase classname="src/lib/storage-path.test.ts" name="assertSafeStorageObjectPath &gt; structured logging &gt; tenantId telemetry &gt; omits tenantId when the caller did not provide one" time="0">
        </testcase>
    </testsuite>
    <testsuite name="src/lib/tenant-private-url.test.ts" timestamp="2026-09-17T13:34:26.543Z" hostname="sandbox-pool-7fb46484d8-hq4cn" tests="14" failures="0" errors="0" skipped="0" time="0">
        <testcase classname="src/lib/tenant-private-url.test.ts" name="tenant-private-url helper &gt; uses a 24h TTL by default" time="0">
        </testcase>
        <testcase classname="src/lib/tenant-private-url.test.ts" name="tenant-private-url helper &gt; caps oversized TTLs at 7 days" time="0">
        </testcase>
        <testcase classname="src/lib/tenant-private-url.test.ts" name="tenant-private-url helper &gt; rejects empty paths" time="0">
        </testcase>
        <testcase classname="src/lib/tenant-private-url.test.ts" name="tenant-private-url helper &gt; surfaces underlying storage errors" time="0">
        </testcase>
        <testcase classname="src/lib/tenant-private-url.test.ts" name="tenant-private-url helper &gt; re-uses cached URLs across repeated calls" time="0">
        </testcase>
        <testcase classname="src/lib/tenant-private-url.test.ts" name="tenant-private-url helper &gt; dedupes concurrent in-flight requests" time="0">
        </testcase>
        <testcase classname="src/lib/tenant-private-url.test.ts" name="tenant-private-url helper &gt; renews the URL once it nears expiry" time="0">
        </testcase>
        <testcase classname="src/lib/tenant-private-url.test.ts" name="tenant-private-url helper &gt; forceRefresh bypasses the cache" time="0">
        </testcase>
        <testcase classname="src/lib/tenant-private-url.test.ts" name="tenant-private-url helper &gt; invalidate drops a single cached entry" time="0">
        </testcase>
        <testcase classname="src/lib/tenant-private-url.test.ts" name="tenant-private-url SignedUrlError contract &gt; invalid path -&gt; code &apos;invalid_path&apos;" time="0">
        </testcase>
        <testcase classname="src/lib/tenant-private-url.test.ts" name="tenant-private-url SignedUrlError contract &gt; SDK 403 -&gt; code &apos;forbidden&apos; with httpStatus 403" time="0">
        </testcase>
        <testcase classname="src/lib/tenant-private-url.test.ts" name="tenant-private-url SignedUrlError contract &gt; SDK 404 -&gt; code &apos;not_found&apos;" time="0">
        </testcase>
        <testcase classname="src/lib/tenant-private-url.test.ts" name="tenant-private-url SignedUrlError contract &gt; thrown TypeError(&apos;fetch failed&apos;) -&gt; code &apos;transport&apos;" time="0">
        </testcase>
        <testcase classname="src/lib/tenant-private-url.test.ts" name="tenant-private-url SignedUrlError contract &gt; dropped cache after a classified failure (next call retries)" time="0">
        </testcase>
    </testsuite>
    <testsuite name="src/lib/tier-error-codes.test.ts" timestamp="2026-09-17T13:34:26.549Z" hostname="sandbox-pool-7fb46484d8-hq4cn" tests="0" failures="0" errors="0" skipped="0" time="0">
    </testsuite>
    <testsuite name="src/lib/tier-limits.test.ts" timestamp="2026-09-17T13:34:26.550Z" hostname="sandbox-pool-7fb46484d8-hq4cn" tests="0" failures="0" errors="0" skipped="0" time="0">
    </testsuite>
    <testsuite name="src/pages/Forbidden.adminCheckState.test.tsx" timestamp="2026-09-17T13:34:26.550Z" hostname="sandbox-pool-7fb46484d8-hq4cn" tests="0" failures="0" errors="0" skipped="0" time="0">
    </testsuite>
    <testsuite name="src/pages/Forbidden.audit.test.tsx" timestamp="2026-09-17T13:34:26.550Z" hostname="sandbox-pool-7fb46484d8-hq4cn" tests="5" failures="0" errors="0" skipped="0" time="0.458328762">
        <testcase classname="src/pages/Forbidden.audit.test.tsx" name="Forbidden page — audit-log beacon (denial at /superadmin) &gt; invokes log-forbidden-access with the slug, label, and attempted path on mount" time="0.132422307">
            <system-err>
⚠️ React Router Future Flag Warning: React Router will begin wrapping state updates in `React.startTransition` in v7. You can use the `v7_startTransition` future flag to opt-in early. For more information, see https://reactrouter.com/v6/upgrading/future#v7_starttransition.
⚠️ React Router Future Flag Warning: Relative route resolution within Splat routes is changing in v7. You can use the `v7_relativeSplatPath` future flag to opt-in early. For more information, see https://reactrouter.com/v6/upgrading/future#v7_relativesplatpath.

            </system-err>
        </testcase>
        <testcase classname="src/pages/Forbidden.audit.test.tsx" name="Forbidden page — audit-log beacon (denial at /superadmin) &gt; reflects the audit success (logged=true) on the &lt;main&gt; data attribute" time="0.135242832">
        </testcase>
        <testcase classname="src/pages/Forbidden.audit.test.tsx" name="Forbidden page — audit-log beacon (denial at /superadmin) &gt; reflects the audit user_id and timestamp in the DOM for observability" time="0.085902842">
        </testcase>
        <testcase classname="src/pages/Forbidden.audit.test.tsx" name="Forbidden page — audit-log beacon (denial at /superadmin) &gt; never sends a client-supplied user_id or tenantId in the audit payload" time="0.047616304">
        </testcase>
        <testcase classname="src/pages/Forbidden.audit.test.tsx" name="Forbidden page — audit-log beacon (denial at /superadmin) &gt; skips the audit beacon entirely when there is no session" time="0.054153353">
        </testcase>
    </testsuite>
    <testsuite name="src/pages/Forbidden.beacon.test.tsx" timestamp="2026-09-17T13:34:26.554Z" hostname="sandbox-pool-7fb46484d8-hq4cn" tests="0" failures="0" errors="0" skipped="0" time="0">
    </testsuite>
    <testsuite name="src/pages/Forbidden.test.tsx" timestamp="2026-09-17T13:34:26.555Z" hostname="sandbox-pool-7fb46484d8-hq4cn" tests="0" failures="0" errors="0" skipped="0" time="0">
    </testsuite>
    <testsuite name="src/pages/PublicBooking.permissionEmptyState.test.tsx" timestamp="2026-09-17T13:34:26.556Z" hostname="sandbox-pool-7fb46484d8-hq4cn" tests="0" failures="0" errors="0" skipped="0" time="0">
    </testsuite>
    <testsuite name="src/pages/Support.faq-a11y.test.tsx" timestamp="2026-09-17T13:34:26.556Z" hostname="sandbox-pool-7fb46484d8-hq4cn" tests="0" failures="0" errors="0" skipped="0" time="0">
    </testsuite>
    <testsuite name="src/test/bookingChannelStats.test.ts" timestamp="2026-09-17T13:34:26.557Z" hostname="sandbox-pool-7fb46484d8-hq4cn" tests="0" failures="0" errors="0" skipped="0" time="0">
    </testsuite>
    <testsuite name="src/test/branding-skeleton-fade.test.tsx" timestamp="2026-09-17T13:34:26.557Z" hostname="sandbox-pool-7fb46484d8-hq4cn" tests="0" failures="0" errors="0" skipped="0" time="0">
    </testsuite>
    <testsuite name="src/test/dompurify-uri-scheme.test.ts" timestamp="2026-09-17T13:34:26.560Z" hostname="sandbox-pool-7fb46484d8-hq4cn" tests="0" failures="0" errors="0" skipped="0" time="0">
    </testsuite>
    <testsuite name="src/test/example.test.ts" timestamp="2026-09-17T13:34:26.560Z" hostname="sandbox-pool-7fb46484d8-hq4cn" tests="0" failures="0" errors="0" skipped="0" time="0">
    </testsuite>
    <testsuite name="src/test/guidebook-key-guard.test.ts" timestamp="2026-09-17T13:34:26.560Z" hostname="sandbox-pool-7fb46484d8-hq4cn" tests="0" failures="0" errors="0" skipped="0" time="0">
    </testsuite>
    <testsuite name="src/test/prompt-sections.test.ts" timestamp="2026-09-17T13:34:26.560Z" hostname="sandbox-pool-7fb46484d8-hq4cn" tests="0" failures="0" errors="0" skipped="0" time="0">
    </testsuite>
    <testsuite name="src/test/sitemap-blog-post.test.ts" timestamp="2026-09-17T13:34:26.560Z" hostname="sandbox-pool-7fb46484d8-hq4cn" tests="0" failures="0" errors="0" skipped="0" time="0">
    </testsuite>
    <testsuite name="src/test/support-chat-calendar-qa.test.ts" timestamp="2026-09-17T13:34:26.561Z" hostname="sandbox-pool-7fb46484d8-hq4cn" tests="0" failures="0" errors="0" skipped="0" time="0">
    </testsuite>
    <testsuite name="src/test/support-chat-prompt-diff.test.ts" timestamp="2026-09-17T13:34:26.561Z" hostname="sandbox-pool-7fb46484d8-hq4cn" tests="0" failures="0" errors="0" skipped="0" time="0">
    </testsuite>
    <testsuite name="src/test/support-chat-prompt-export.test.ts" timestamp="2026-09-17T13:34:26.561Z" hostname="sandbox-pool-7fb46484d8-hq4cn" tests="0" failures="0" errors="0" skipped="0" time="0">
    </testsuite>
    <testsuite name="src/test/support-chat-prompt.snapshot.test.ts" timestamp="2026-09-17T13:34:26.561Z" hostname="sandbox-pool-7fb46484d8-hq4cn" tests="0" failures="0" errors="0" skipped="0" time="0">
    </testsuite>
    <testsuite name="src/test/support-chat-recent-additions.test.ts" timestamp="2026-09-17T13:34:26.561Z" hostname="sandbox-pool-7fb46484d8-hq4cn" tests="59" failures="0" errors="0" skipped="0" time="0">
        <testcase classname="src/test/support-chat-recent-additions.test.ts" name="&apos;Recent additions&apos; prompt section ↔ dashboard UI parity &gt; extracts at least one bullet from the prompt" time="0">
        </testcase>
        <testcase classname="src/test/support-chat-recent-additions.test.ts" name="&apos;Recent additions&apos; prompt section ↔ dashboard UI parity &gt; the prompt bullet list matches the expected set of recent features" time="0">
        </testcase>
        <testcase classname="src/test/support-chat-recent-additions.test.ts" name="&apos;Recent additions&apos; prompt section ↔ dashboard UI parity &gt; feature &apos;&apos;Guest Portal&apos;&apos; appears in the prompt bullets" time="0">
        </testcase>
        <testcase classname="src/test/support-chat-recent-additions.test.ts" name="&apos;Recent additions&apos; prompt section ↔ dashboard UI parity &gt; feature &apos;&apos;Waitlist&apos;&apos; appears in the prompt bullets" time="0">
        </testcase>
        <testcase classname="src/test/support-chat-recent-additions.test.ts" name="&apos;Recent additions&apos; prompt section ↔ dashboard UI parity &gt; feature &apos;&apos;Calendar sync (iCal feed)&apos;&apos; appears in the prompt bullets" time="0">
        </testcase>
        <testcase classname="src/test/support-chat-recent-additions.test.ts" name="&apos;Recent additions&apos; prompt section ↔ dashboard UI parity &gt; feature &apos;&apos;CSV/PDF export&apos;&apos; appears in the prompt bullets" time="0">
        </testcase>
        <testcase classname="src/test/support-chat-recent-additions.test.ts" name="&apos;Recent additions&apos; prompt section ↔ dashboard UI parity &gt; feature &apos;&apos;Analytics charts&apos;&apos; appears in the prompt bullets" time="0">
        </testcase>
[...]
        </testcase>
        <testcase classname="src/test/security/edge-function-csp.test.ts" name="Edge Function CSP — admin-users &amp; support-chat &gt; support-chat &gt; rate-limit (429) response carries the header bag" time="0.000263152">
        </testcase>
        <testcase classname="src/test/security/edge-function-csp.test.ts" name="Edge Function CSP — admin-users &amp; support-chat &gt; Cross-function consistency &gt; admin-users and support-chat use the same CSP value (consistent posture)" time="0.016515633">
        </testcase>
    </testsuite>
    <testsuite name="src/test/security/edge-function-headers.test.ts" timestamp="2026-09-17T13:34:26.634Z" hostname="sandbox-pool-7fb46484d8-hq4cn" tests="0" failures="0" errors="0" skipped="0" time="0">
    </testsuite>
    <testsuite name="src/test/security/edge-function-hsts-referrer-csp.test.ts" timestamp="2026-09-17T13:34:26.635Z" hostname="sandbox-pool-7fb46484d8-hq4cn" tests="0" failures="0" errors="0" skipped="0" time="0">
    </testsuite>
    <testsuite name="src/test/security/edge-function-schema-validation.test.ts" timestamp="2026-09-17T13:34:26.635Z" hostname="sandbox-pool-7fb46484d8-hq4cn" tests="43" failures="0" errors="0" skipped="0" time="0">
        <testcase classname="src/test/security/edge-function-schema-validation.test.ts" name="Edge Function Schema Validation - support-chat &gt; envelope shape &gt; rejects non-object body: null body" time="0">
        </testcase>
        <testcase classname="src/test/security/edge-function-schema-validation.test.ts" name="Edge Function Schema Validation - support-chat &gt; envelope shape &gt; rejects non-object body: array body" time="0">
        </testcase>
        <testcase classname="src/test/security/edge-function-schema-validation.test.ts" name="Edge Function Schema Validation - support-chat &gt; envelope shape &gt; rejects non-object body: string body" time="0">
        </testcase>
        <testcase classname="src/test/security/edge-function-schema-validation.test.ts" name="Edge Function Schema Validation - support-chat &gt; envelope shape &gt; rejects non-object body: number body" time="0">
        </testcase>
        <testcase classname="src/test/security/edge-function-schema-validation.test.ts" name="Edge Function Schema Validation - support-chat &gt; envelope shape &gt; rejects body without messages key" time="0">
        </testcase>
        <testcase classname="src/test/security/edge-function-schema-validation.test.ts" name="Edge Function Schema Validation - support-chat &gt; envelope shape &gt; rejects messages that is not an array" time="0">
        </testcase>
        <testcase classname="src/test/security/edge-function-schema-validation.test.ts" name="Edge Function Schema Validation - support-chat &gt; envelope shape &gt; rejects empty messages array" time="0">
        </testcase>
        <testcase classname="src/test/security/edge-function-schema-validation.test.ts" name="Edge Function Schema Validation - support-chat &gt; envelope shape &gt; rejects more than 50 messages" time="0">
        </testcase>
        <testcase classname="src/test/security/edge-function-schema-validation.test.ts" name="Edge Function Schema Validation - support-chat &gt; per-message shape &gt; rejects null entries in messages" time="0">
        </testcase>
        <testcase classname="src/test/security/edge-function-schema-validation.test.ts" name="Edge Function Schema Validation - support-chat &gt; per-message shape &gt; rejects messages without role" time="0">
        </testcase>
        <testcase classname="src/test/security/edge-function-schema-validation.test.ts" name="Edge Function Schema Validation - support-chat &gt; per-message shape &gt; rejects disallowed role (system injection)" time="0">
        </testcase>
        <testcase classname="src/test/security/edge-function-schema-validation.test.ts" name="Edge Function Schema Validation - support-chat &gt; per-message shape &gt; rejects disallowed role (tool / function call)" time="0">
        </testcase>
        <testcase classname="src/test/security/edge-function-schema-validation.test.ts" name="Edge Function Schema Validation - support-chat &gt; per-message shape &gt; rejects non-string content" time="0">
        </testcase>
        <testcase classname="src/test/security/edge-function-schema-validation.test.ts" name="Edge Function Schema Validation - support-chat &gt; per-message shape &gt; rejects whitespace-only content" time="0">
        </testcase>
        <testcase classname="src/test/security/edge-function-schema-validation.test.ts" name="Edge Function Schema Validation - support-chat &gt; per-message shape &gt; rejects oversized content (&gt;4000 chars)" time="0">
        </testcase>
        <testcase classname="src/test/security/edge-function-schema-validation.test.ts" name="Edge Function Schema Validation - support-chat &gt; per-message shape &gt; accepts valid minimal payload" time="0">
        </testcase>
        <testcase classname="src/test/security/edge-function-schema-validation.test.ts" name="Edge Function Schema Validation - support-chat &gt; per-message shape &gt; strips extra fields when sanitizing (no prompt smuggling)" time="0">
        </testcase>
        <testcase classname="src/test/security/edge-function-schema-validation.test.ts" name="Edge Function Schema Validation - support-chat &gt; per-message shape &gt; trims whitespace from accepted content" time="0">
        </testcase>
        <testcase classname="src/test/security/edge-function-schema-validation.test.ts" name="Edge Function Schema Validation - admin-users &gt; action discriminator &gt; rejects missing action" time="0">
        </testcase>
        <testcase classname="src/test/security/edge-function-schema-validation.test.ts" name="Edge Function Schema Validation - admin-users &gt; action discriminator &gt; rejects unknown action (privilege fishing)" time="0">
        </testcase>
        <testcase classname="src/test/security/edge-function-schema-validation.test.ts" name="Edge Function Schema Validation - admin-users &gt; action discriminator &gt; rejects non-string action" time="0">
        </testcase>
        <testcase classname="src/test/security/edge-function-schema-validation.test.ts" name="Edge Function Schema Validation - admin-users &gt; action discriminator &gt; rejects null body" time="0">
        </testcase>
        <testcase classname="src/test/security/edge-function-schema-validation.test.ts" name="Edge Function Schema Validation - admin-users &gt; create action &gt; accepts a fully-valid payload" time="0">
        </testcase>
        <testcase classname="src/test/security/edge-function-schema-validation.test.ts" name="Edge Function Schema Validation - admin-users &gt; create action &gt; rejects missing email" time="0">
        </testcase>
        <testcase classname="src/test/security/edge-function-schema-validation.test.ts" name="Edge Function Schema Validation - admin-users &gt; create action &gt; rejects malformed email" time="0">
        </testcase>
        <testcase classname="src/test/security/edge-function-schema-validation.test.ts" name="Edge Function Schema Validation - admin-users &gt; create action &gt; rejects weak password (too short)" time="0">
        </testcase>
        <testcase classname="src/test/security/edge-function-schema-validation.test.ts" name="Edge Function Schema Validation - admin-users &gt; create action &gt; rejects password missing complexity class" time="0">
        </testcase>
        <testcase classname="src/test/security/edge-function-schema-validation.test.ts" name="Edge Function Schema Validation - admin-users &gt; create action &gt; rejects oversized password (DoS guard)" time="0">
        </testcase>
        <testcase classname="src/test/security/edge-function-schema-validation.test.ts" name="Edge Function Schema Validation - admin-users &gt; create action &gt; rejects unknown role with disallowed characters" time="0">
        </testcase>
        <testcase classname="src/test/security/edge-function-schema-validation.test.ts" name="Edge Function Schema Validation - admin-users &gt; create action &gt; rejects oversized display name" time="0">
        </testcase>
        <testcase classname="src/test/security/edge-function-schema-validation.test.ts" name="Edge Function Schema Validation - admin-users &gt; create action &gt; rejects non-string email types (NoSQL-ish injection)" time="0">
        </testcase>
        <testcase classname="src/test/security/edge-function-schema-validation.test.ts" name="Edge Function Schema Validation - admin-users &gt; create action &gt; normalizes accepted email to trimmed lowercase" time="0">
        </testcase>
        <testcase classname="src/test/security/edge-function-schema-validation.test.ts" name="Edge Function Schema Validation - admin-users &gt; update action &gt; accepts a minimal update with just user_id" time="0">
        </testcase>
        <testcase classname="src/test/security/edge-function-schema-validation.test.ts" name="Edge Function Schema Validation - admin-users &gt; update action &gt; rejects missing user_id" time="0">
        </testcase>
        <testcase classname="src/test/security/edge-function-schema-validation.test.ts" name="Edge Function Schema Validation - admin-users &gt; update action &gt; rejects malformed uuid" time="0">
        </testcase>
        <testcase classname="src/test/security/edge-function-schema-validation.test.ts" name="Edge Function Schema Validation - admin-users &gt; update action &gt; rejects sql injection in uuid field" time="0">
        </testcase>
        <testcase classname="src/test/security/edge-function-schema-validation.test.ts" name="Edge Function Schema Validation - admin-users &gt; update action &gt; rejects role with invalid format on update" time="0">
        </testcase>
        <testcase classname="src/test/security/edge-function-schema-validation.test.ts" name="Edge Function Schema Validation - admin-users &gt; delete &amp; resend_invite actions &gt; delete: requires user_id" time="0">
        </testcase>
        <testcase classname="src/test/security/edge-function-schema-validation.test.ts" name="Edge Function Schema Validation - admin-users &gt; delete &amp; resend_invite actions &gt; delete: rejects array as user_id" time="0">
        </testcase>
        <testcase classname="src/test/security/edge-function-schema-validation.test.ts" name="Edge Function Schema Validation - admin-users &gt; delete &amp; resend_invite actions &gt; resend_invite: accepts valid uuid" time="0">
        </testcase>
        <testcase classname="src/test/security/edge-function-schema-validation.test.ts" name="Edge Function Schema Validation - admin-users &gt; delete &amp; resend_invite actions &gt; resend_invite: rejects empty string" time="0">
        </testcase>
        <testcase classname="src/test/security/edge-function-schema-validation.test.ts" name="Edge Function Schema Validation - admin-users &gt; list action &gt; accepts bare action without extra fields" time="0">
        </testcase>
        <testcase classname="src/test/security/edge-function-schema-validation.test.ts" name="Edge Function Schema Validation - admin-users &gt; list action &gt; ignores extra fields silently (no privilege smuggling via tenant_id)" time="0">
        </testcase>
    </testsuite>
    <testsuite name="src/test/security/has-permission-tenant-scope.test.ts" timestamp="2026-09-17T13:34:26.651Z" hostname="sandbox-pool-7fb46484d8-hq4cn" tests="0" failures="0" errors="0" skipped="0" time="0">
    </testsuite>
    <testsuite name="src/test/security/input-validation.test.ts" timestamp="2026-09-17T13:34:26.651Z" hostname="sandbox-pool-7fb46484d8-hq4cn" tests="28" failures="0" errors="0" skipped="0" time="0">
        <testcase classname="src/test/security/input-validation.test.ts" name="Input Validation - Security Regression Tests &gt; Email validation &gt; rejects empty email" time="0">
        </testcase>
        <testcase classname="src/test/security/input-validation.test.ts" name="Input Validation - Security Regression Tests &gt; Email validation &gt; rejects email without @" time="0">
        </testcase>
        <testcase classname="src/test/security/input-validation.test.ts" name="Input Validation - Security Regression Tests &gt; Email validation &gt; rejects email exceeding max length" time="0">
        </testcase>
        <testcase classname="src/test/security/input-validation.test.ts" name="Input Validation - Security Regression Tests &gt; Email validation &gt; normalizes email to lowercase" time="0">
        </testcase>
        <testcase classname="src/test/security/input-validation.test.ts" name="Input Validation - Security Regression Tests &gt; Email validation &gt; trims whitespace" time="0">
        </testcase>
        <testcase classname="src/test/security/input-validation.test.ts" name="Input Validation - Security Regression Tests &gt; Email validation &gt; rejects email with spaces in the middle" time="0">
        </testcase>
        <testcase classname="src/test/security/input-validation.test.ts" name="Input Validation - Security Regression Tests &gt; Password validation (edge function) &gt; rejects password under 12 characters" time="0">
        </testcase>
        <testcase classname="src/test/security/input-validation.test.ts" name="Input Validation - Security Regression Tests &gt; Password validation (edge function) &gt; rejects password over 128 characters" time="0">
        </testcase>
        <testcase classname="src/test/security/input-validation.test.ts" name="Input Validation - Security Regression Tests &gt; Password validation (edge function) &gt; requires uppercase letter" time="0">
        </testcase>
        <testcase classname="src/test/security/input-validation.test.ts" name="Input Validation - Security Regression Tests &gt; Password validation (edge function) &gt; requires lowercase letter" time="0">
        </testcase>
        <testcase classname="src/test/security/input-validation.test.ts" name="Input Validation - Security Regression Tests &gt; Password validation (edge function) &gt; requires number" time="0">
        </testcase>
        <testcase classname="src/test/security/input-validation.test.ts" name="Input Validation - Security Regression Tests &gt; Password validation (edge function) &gt; requires special character" time="0">
        </testcase>
        <testcase classname="src/test/security/input-validation.test.ts" name="Input Validation - Security Regression Tests &gt; Password validation (edge function) &gt; accepts valid password" time="0">
        </testcase>
        <testcase classname="src/test/security/input-validation.test.ts" name="Input Validation - Security Regression Tests &gt; Display name validation &gt; returns null for empty values" time="0">
        </testcase>
        <testcase classname="src/test/security/input-validation.test.ts" name="Input Validation - Security Regression Tests &gt; Display name validation &gt; rejects names exceeding max length" time="0">
        </testcase>
        <testcase classname="src/test/security/input-validation.test.ts" name="Input Validation - Security Regression Tests &gt; Display name validation &gt; trims whitespace" time="0">
        </testcase>
        <testcase classname="src/test/security/input-validation.test.ts" name="Input Validation - Security Regression Tests &gt; Display name validation &gt; rejects non-string types" time="0">
        </testcase>
        <testcase classname="src/test/security/input-validation.test.ts" name="Input Validation - Security Regression Tests &gt; Role validation &gt; accepts system roles" time="0">
        </testcase>
        <testcase classname="src/test/security/input-validation.test.ts" name="Input Validation - Security Regression Tests &gt; Role validation &gt; accepts valid custom role keys" time="0">
        </testcase>
        <testcase classname="src/test/security/input-validation.test.ts" name="Input Validation - Security Regression Tests &gt; Role validation &gt; rejects role with invalid characters" time="0">
        </testcase>
        <testcase classname="src/test/security/input-validation.test.ts" name="Input Validation - Security Regression Tests &gt; Role validation &gt; rejects injection attempts in role" time="0">
        </testcase>
        <testcase classname="src/test/security/input-validation.test.ts" name="Input Validation - Security Regression Tests &gt; Role validation &gt; rejects empty role" time="0">
        </testcase>
        <testcase classname="src/test/security/input-validation.test.ts" name="Input Validation - Security Regression Tests &gt; Role validation &gt; rejects role exceeding 50 chars" time="0">
        </testcase>
        <testcase classname="src/test/security/input-validation.test.ts" name="Input Validation - Security Regression Tests &gt; UUID validation &gt; accepts valid UUID" time="0">
        </testcase>
        <testcase classname="src/test/security/input-validation.test.ts" name="Input Validation - Security Regression Tests &gt; UUID validation &gt; rejects malformed UUID" time="0">
        </testcase>
        <testcase classname="src/test/security/input-validation.test.ts" name="Input Validation - Security Regression Tests &gt; UUID validation &gt; rejects empty UUID" time="0">
        </testcase>
        <testcase classname="src/test/security/input-validation.test.ts" name="Input Validation - Security Regression Tests &gt; UUID validation &gt; rejects SQL injection in UUID field" time="0">
        </testcase>
        <testcase classname="src/test/security/input-validation.test.ts" name="Input Validation - Security Regression Tests &gt; UUID validation &gt; rejects UUID with extra characters" time="0">
        </testcase>
    </testsuite>
    <testsuite name="src/test/security/js-yaml-merge-dos.test.ts" timestamp="2026-09-17T13:34:26.663Z" hostname="sandbox-pool-7fb46484d8-hq4cn" tests="0" failures="0" errors="0" skipped="0" time="0">
    </testsuite>
    <testsuite name="src/test/security/password-validation.test.ts" timestamp="2026-09-17T13:34:26.663Z" hostname="sandbox-pool-7fb46484d8-hq4cn" tests="0" failures="0" errors="0" skipped="0" time="0">
    </testsuite>
    <testsuite name="src/test/security/permissions.test.ts" timestamp="2026-09-17T13:34:26.664Z" hostname="sandbox-pool-7fb46484d8-hq4cn" tests="0" failures="0" errors="0" skipped="0" time="0">
    </testsuite>
    <testsuite name="src/test/security/print-report-headers.test.ts" timestamp="2026-09-17T13:34:26.664Z" hostname="sandbox-pool-7fb46484d8-hq4cn" tests="0" failures="0" errors="0" skipped="0" time="0">
    </testsuite>
    <testsuite name="src/test/security/privilege-escalation.test.ts" timestamp="2026-09-17T13:34:26.665Z" hostname="sandbox-pool-7fb46484d8-hq4cn" tests="0" failures="0" errors="0" skipped="0" time="0">
    </testsuite>
    <testsuite name="src/test/security/public-booking-response-headers.test.ts" timestamp="2026-09-17T13:34:26.665Z" hostname="sandbox-pool-7fb46484d8-hq4cn" tests="0" failures="0" errors="0" skipped="0" time="0">
    </testsuite>
    <testsuite name="src/test/security/rate-limiting.test.ts" timestamp="2026-09-17T13:34:26.665Z" hostname="sandbox-pool-7fb46484d8-hq4cn" tests="0" failures="0" errors="0" skipped="0" time="0">
    </testsuite>
    <testsuite name="src/test/security/safe-yaml.test.ts" timestamp="2026-09-17T13:34:26.666Z" hostname="sandbox-pool-7fb46484d8-hq4cn" tests="0" failures="0" errors="0" skipped="0" time="0">
    </testsuite>
    <testsuite name="src/test/security/sql-injection.test.ts" timestamp="2026-09-17T13:34:26.666Z" hostname="sandbox-pool-7fb46484d8-hq4cn" tests="0" failures="0" errors="0" skipped="0" time="0">
    </testsuite>
    <testsuite name="src/test/security/xss-prevention.test.ts" timestamp="2026-09-17T13:34:26.667Z" hostname="sandbox-pool-7fb46484d8-hq4cn" tests="0" failures="0" errors="0" skipped="0" time="0">
    </testsuite>
</testsuites>
