<?xml version="1.0" encoding="UTF-8" ?>
<testsuites name="vitest tests" tests="1206" failures="2" errors="0" time="41.8256176">
    <testsuite name="scripts/ci/check-security-regressions.test.ts" timestamp="2026-09-17T13:35:53.091Z" hostname="sandbox-pool-7fb46484d8-hq4cn" tests="8" failures="0" errors="0" skipped="0" time="1.45728828">
        <testcase classname="scripts/ci/check-security-regressions.test.ts" name="check-security-regressions &gt; passes when advisors returns no lints" time="0.159900998">
        </testcase>
        <testcase classname="scripts/ci/check-security-regressions.test.ts" name="check-security-regressions &gt; passes when lints do not match any baseline entry" time="0.204654927">
        </testcase>
        <testcase classname="scripts/ci/check-security-regressions.test.ts" name="check-security-regressions &gt; fails when a baseline-tracked table re-appears in an RLS lint (WARN)" time="0.184592826">
        </testcase>
        <testcase classname="scripts/ci/check-security-regressions.test.ts" name="check-security-regressions &gt; fails on the class rule rls_disabled_in_public for any public table" time="0.194608386">
        </testcase>
        <testcase classname="scripts/ci/check-security-regressions.test.ts" name="check-security-regressions &gt; fails on security_definer_view class rule" time="0.17330961">
        </testcase>
        <testcase classname="scripts/ci/check-security-regressions.test.ts" name="check-security-regressions &gt; fails on function_search_path_mutable class rule" time="0.199562068">
        </testcase>
        <testcase classname="scripts/ci/check-security-regressions.test.ts" name="check-security-regressions &gt; does not match a class rule scoped to public when schema differs" time="0.176357358">
        </testcase>
        <testcase classname="scripts/ci/check-security-regressions.test.ts" name="check-security-regressions &gt; exit code 2 on non-JSON stdin" time="0.160965866">
        </testcase>
    </testsuite>
    <testsuite name="scripts/ci/lint-blog-jsonld.test.ts" timestamp="2026-09-17T13:35:53.097Z" hostname="sandbox-pool-7fb46484d8-hq4cn" tests="20" failures="0" errors="0" skipped="0" time="0.031407606">
        <testcase classname="scripts/ci/lint-blog-jsonld.test.ts" name="validateNodes — happy path &gt; returns zero issues for a well-formed graph" time="0.008832574">
        </testcase>
        <testcase classname="scripts/ci/lint-blog-jsonld.test.ts" name="validateNodes — happy path &gt; flags a non-array input as an empty graph" time="0.002458313">
        </testcase>
        <testcase classname="scripts/ci/lint-blog-jsonld.test.ts" name="validateNodes — happy path &gt; flags an empty array as an empty graph" time="0.001471287">
        </testcase>
        <testcase classname="scripts/ci/lint-blog-jsonld.test.ts" name="validateNodes — BlogPosting required fields &gt; reports every missing required field on an empty BlogPosting" time="0.001442113">
        </testcase>
        <testcase classname="scripts/ci/lint-blog-jsonld.test.ts" name="validateNodes — format checks &gt; flags a bad ISO date, non-https URL, and zero wordCount" time="0.002170632">
        </testcase>
        <testcase classname="scripts/ci/lint-blog-jsonld.test.ts" name="validateNodes — format checks &gt; flags a relative image URL and missing width/height on the ImageObject" time="0.001080116">
        </testcase>
        <testcase classname="scripts/ci/lint-blog-jsonld.test.ts" name="validateNodes — authors &gt; only flags the invalid author when a multi-author list has one bad entry" time="0.000629126">
        </testcase>
        <testcase classname="scripts/ci/lint-blog-jsonld.test.ts" name="validateNodes — FAQPage &gt; flags a blank question and blank answer inside a FAQPage" time="0.000468235">
        </testcase>
        <testcase classname="scripts/ci/lint-blog-jsonld.test.ts" name="parseAllowlist &gt; returns no entries and no errors for an empty allowlist" time="0.001454811">
        </testcase>
        <testcase classname="scripts/ci/lint-blog-jsonld.test.ts" name="parseAllowlist &gt; compiles a valid entry" time="0.000787211">
        </testcase>
        <testcase classname="scripts/ci/lint-blog-jsonld.test.ts" name="parseAllowlist &gt; errors on missing required keys" time="0.000325694">
        </testcase>
        <testcase classname="scripts/ci/lint-blog-jsonld.test.ts" name="parseAllowlist &gt; errors when expires is not YYYY-MM-DD" time="0.000624955">
        </testcase>
        <testcase classname="scripts/ci/lint-blog-jsonld.test.ts" name="parseAllowlist &gt; errors when the entry has already expired" time="0.000258888">
        </testcase>
        <testcase classname="scripts/ci/lint-blog-jsonld.test.ts" name="parseAllowlist &gt; does not flag an entry that expires exactly today" time="0.000591947">
        </testcase>
        <testcase classname="scripts/ci/lint-blog-jsonld.test.ts" name="parseAllowlist &gt; errors when messagePattern is not a valid regex" time="0.000543389">
        </testcase>
        <testcase classname="scripts/ci/lint-blog-jsonld.test.ts" name="applyAllowlist &gt; suppresses only issues whose slug+path+message all match" time="0.00075633">
        </testcase>
        <testcase classname="scripts/ci/lint-blog-jsonld.test.ts" name="applyAllowlist &gt; supports slug=* and path=* wildcards" time="0.000579588">
        </testcase>
        <testcase classname="scripts/ci/lint-blog-jsonld.test.ts" name="applyAllowlist &gt; reports stale entries that did not match any issue" time="0.000623403">
        </testcase>
        <testcase classname="scripts/ci/lint-blog-jsonld.test.ts" name="applyAllowlist &gt; does not double-count a single issue against multiple matching entries" time="0.000686601">
        </testcase>
        <testcase classname="scripts/ci/lint-blog-jsonld.test.ts" name="applyAllowlist &gt; returns everything when there are no allowlist entries" time="0.000350755">
        </testcase>
    </testsuite>
    <testsuite name="src/components/ProtectedRoute.superadmin.test.tsx" timestamp="2026-09-17T13:35:53.109Z" hostname="sandbox-pool-7fb46484d8-hq4cn" tests="4" failures="0" errors="0" skipped="0" time="0.198786659">
        <testcase classname="src/components/ProtectedRoute.superadmin.test.tsx" name="Anonymous /superadmin visit (auth-gate before role-gate) &gt; redirects an unauthenticated visitor to /login" time="0.094736046">
            <system-err>
⚠️ React Router Future Flag Warning: React Router will begin wrapping state updates in `React.startTransition` in v7. You can use the `v7_startTransition` future flag to opt-in early. For more information, see https://reactrouter.com/v6/upgrading/future#v7_starttransition.
⚠️ React Router Future Flag Warning: Relative route resolution within Splat routes is changing in v7. You can use the `v7_relativeSplatPath` future flag to opt-in early. For more information, see https://reactrouter.com/v6/upgrading/future#v7_relativesplatpath.

            </system-err>
        </testcase>
        <testcase classname="src/components/ProtectedRoute.superadmin.test.tsx" name="Anonymous /superadmin visit (auth-gate before role-gate) &gt; never renders the Forbidden 403 marker for an unauthenticated visitor" time="0.014325833">
        </testcase>
        <testcase classname="src/components/ProtectedRoute.superadmin.test.tsx" name="Anonymous /superadmin visit (auth-gate before role-gate) &gt; does not invoke the forbidden-status or log-forbidden-access beacons" time="0.011371841">
        </testcase>
        <testcase classname="src/components/ProtectedRoute.superadmin.test.tsx" name="Anonymous /superadmin visit (auth-gate before role-gate) &gt; renders a loading indicator (not a redirect or Forbidden) while auth is still resolving" time="0.073733371">
        </testcase>
    </testsuite>
    <testsuite name="src/components/SystemAdminRoute.test.tsx" timestamp="2026-09-17T13:35:53.112Z" hostname="sandbox-pool-7fb46484d8-hq4cn" tests="6" failures="0" errors="0" skipped="0" time="0.819460924">
        <testcase classname="src/components/SystemAdminRoute.test.tsx" name="SystemAdminRoute (/superadmin enforcement) &gt; renders the Forbidden page for an authenticated non-system-admin user" time="0.41273773">
            <system-err>
⚠️ React Router Future Flag Warning: React Router will begin wrapping state updates in `React.startTransition` in v7. You can use the `v7_startTransition` future flag to opt-in early. For more information, see https://reactrouter.com/v6/upgrading/future#v7_starttransition.
⚠️ React Router Future Flag Warning: Relative route resolution within Splat routes is changing in v7. You can use the `v7_relativeSplatPath` future flag to opt-in early. For more information, see https://reactrouter.com/v6/upgrading/future#v7_relativesplatpath.

            </system-err>
        </testcase>
        <testcase classname="src/components/SystemAdminRoute.test.tsx" name="SystemAdminRoute (/superadmin enforcement) &gt; renders the Forbidden page when the is_system_admin RPC fails (fail-closed)" time="0.138410113">
            <system-err>
[useIsSystemAdmin] RPC error: { message: [32m&apos;rpc failed&apos;[39m }

            </system-err>
        </testcase>
        <testcase classname="src/components/SystemAdminRoute.test.tsx" name="SystemAdminRoute (/superadmin enforcement) &gt; renders the Superadmin content for a confirmed system admin" time="0.01554052">
        </testcase>
        <testcase classname="src/components/SystemAdminRoute.test.tsx" name="SystemAdminRoute (/superadmin enforcement) &gt; shows a loading indicator while the is_system_admin RPC is in-flight" time="0.101041332">
        </testcase>
        <testcase classname="src/components/SystemAdminRoute.test.tsx" name="SystemAdminRoute (/superadmin enforcement) &gt; does not re-query the database when the guard is unmounted and remounted" time="0.093959605">
        </testcase>
        <testcase classname="src/components/SystemAdminRoute.test.tsx" name="SystemAdminRoute (/superadmin enforcement) &gt; issues exactly ONE is_system_admin RPC even when multiple SystemAdminRoute instances mount simultaneously" time="0.052573651">
        </testcase>
    </testsuite>
    <testsuite name="src/hooks/useIsSystemAdmin.invalidate.test.tsx" timestamp="2026-09-17T13:35:53.122Z" hostname="sandbox-pool-7fb46484d8-hq4cn" tests="4" failures="0" errors="0" skipped="0" time="0.350329863">
        <testcase classname="src/hooks/useIsSystemAdmin.invalidate.test.tsx" name="invalidateIsSystemAdmin &gt; forces a refetch when called with a specific userId" time="0.151031959">
        </testcase>
        <testcase classname="src/hooks/useIsSystemAdmin.invalidate.test.tsx" name="invalidateIsSystemAdmin &gt; does NOT refetch without invalidation (control: proves the cache is sticky)" time="0.07024153">
        </testcase>
        <testcase classname="src/hooks/useIsSystemAdmin.invalidate.test.tsx" name="invalidateIsSystemAdmin &gt; clears every cached variant when called with no userId" time="0.003136314">
        </testcase>
        <testcase classname="src/hooks/useIsSystemAdmin.invalidate.test.tsx" name="useInvalidateIsSystemAdmin (hook form) &gt; returns a stable callback that invalidates the bound queryClient" time="0.118592431">
        </testcase>
    </testsuite>
    <testsuite name="src/lib/blogJsonLd.test.ts" timestamp="2026-09-17T13:35:53.128Z" hostname="sandbox-pool-7fb46484d8-hq4cn" tests="19" failures="0" errors="0" skipped="0" time="0.021567742">
        <testcase classname="src/lib/blogJsonLd.test.ts" name="blogJsonLd — buildAuthorField (missing author data) &gt; returns the default Organization when authors is undefined" time="0.002697983">
        </testcase>
        <testcase classname="src/lib/blogJsonLd.test.ts" name="blogJsonLd — buildAuthorField (missing author data) &gt; returns the default Organization when authors is an empty array" time="0.000598027">
        </testcase>
        <testcase classname="src/lib/blogJsonLd.test.ts" name="blogJsonLd — buildAuthorField (missing author data) &gt; returns the default Organization when every author entry is blank" time="0.000344966">
        </testcase>
        <testcase classname="src/lib/blogJsonLd.test.ts" name="blogJsonLd — buildAuthorField (missing author data) &gt; falls back to editorial name/url when a kept entry is missing name and url" time="0.001464025">
        </testcase>
        <testcase classname="src/lib/blogJsonLd.test.ts" name="blogJsonLd — buildAuthorField (missing author data) &gt; uses fallback url and name when both are blank on a surviving entry" time="0.000583159">
        </testcase>
        <testcase classname="src/lib/blogJsonLd.test.ts" name="blogJsonLd — buildAuthorField (multiple authors) &gt; returns a single object (not an array) for one author" time="0.000573254">
        </testcase>
        <testcase classname="src/lib/blogJsonLd.test.ts" name="blogJsonLd — buildAuthorField (multiple authors) &gt; returns an array of nodes for multiple authors, preserving order" time="0.001951023">
        </testcase>
        <testcase classname="src/lib/blogJsonLd.test.ts" name="blogJsonLd — buildAuthorField (multiple authors) &gt; drops blank entries from a mixed list without collapsing the rest" time="0.000727925">
        </testcase>
        <testcase classname="src/lib/blogJsonLd.test.ts" name="blogJsonLd — buildAuthorField (multiple authors) &gt; every emitted node always carries @type, name, url, and @id" time="0.000789556">
        </testcase>
        <testcase classname="src/lib/blogJsonLd.test.ts" name="blogJsonLd — resolveDateModified (updatedKey behavior) &gt; uses updatedKey when present" time="0.000392559">
        </testcase>
        <testcase classname="src/lib/blogJsonLd.test.ts" name="blogJsonLd — resolveDateModified (updatedKey behavior) &gt; falls back to dateKey when updatedKey is undefined" time="0.000243747">
        </testcase>
        <testcase classname="src/lib/blogJsonLd.test.ts" name="blogJsonLd — resolveDateModified (updatedKey behavior) &gt; falls back to dateKey when updatedKey is an empty string" time="0.000186243">
        </testcase>
        <testcase classname="src/lib/blogJsonLd.test.ts" name="blogJsonLd — resolveDateModified (updatedKey behavior) &gt; falls back to dateKey when updatedKey is whitespace only" time="0.00014141">
        </testcase>
        <testcase classname="src/lib/blogJsonLd.test.ts" name="blogJsonLd — resolveDateModified (updatedKey behavior) &gt; always returns an ISO 8601 string for YYYY-MM-DD inputs" time="0.001761489">
        </testcase>
        <testcase classname="src/lib/blogJsonLd.test.ts" name="blogJsonLd — resolveDateModified (updatedKey behavior) &gt; passes through non-YYYY-MM-DD strings unchanged (already-ISO input)" time="0.000285554">
        </testcase>
        <testcase classname="src/lib/blogJsonLd.test.ts" name="blogJsonLd — comparison post regression snapshot &gt; has the comparison post registered in the posts map" time="0.000255545">
        </testcase>
        <testcase classname="src/lib/blogJsonLd.test.ts" name="blogJsonLd — comparison post regression snapshot &gt; emits Article JSON-LD (not BlogPosting) for the comparison post" time="0.000908923">
        </testcase>
        <testcase classname="src/lib/blogJsonLd.test.ts" name="blogJsonLd — comparison post regression snapshot &gt; matches the frozen JSON-LD snapshot for the comparison post" time="0.004079504">
        </testcase>
        <testcase classname="src/lib/blogJsonLd.test.ts" name="blogJsonLd — comparison post regression snapshot &gt; keeps the about/mentions entity nodes stable" time="0.000487071">
        </testcase>
    </testsuite>
    <testsuite name="src/lib/booking-error-registry.test.ts" timestamp="2026-09-17T13:35:53.138Z" hostname="sandbox-pool-7fb46484d8-hq4cn" tests="8" failures="0" errors="0" skipped="0" time="0.008661915">
        <testcase classname="src/lib/booking-error-registry.test.ts" name="BOOKING_ERROR_REGISTRY &gt; has a registry entry for every known booking error code" time="0.001777723">
        </testcase>
        <testcase classname="src/lib/booking-error-registry.test.ts" name="BOOKING_ERROR_REGISTRY &gt; maps SERVICE_ROLE_KEY_MISSING to the guest descriptor by default" time="0.000969382">
        </testcase>
        <testcase classname="src/lib/booking-error-registry.test.ts" name="BOOKING_ERROR_REGISTRY &gt; swaps to the admin copy when isStaff=true" time="0.000770474">
        </testcase>
        <testcase classname="src/lib/booking-error-registry.test.ts" name="BOOKING_ERROR_REGISTRY &gt; ignores isStaff for entries without a staff-specific key" time="0.000290852">
        </testcase>
        <testcase classname="src/lib/booking-error-registry.test.ts" name="BOOKING_ERROR_REGISTRY &gt; falls back to the generic submit error for unknown codes" time="0.000438378">
        </testcase>
        <testcase classname="src/lib/booking-error-registry.test.ts" name="BOOKING_ERROR_REGISTRY &gt; falls back when the error is null, undefined, or oddly shaped" time="0.001009265">
        </testcase>
        <testcase classname="src/lib/booking-error-registry.test.ts" name="BOOKING_ERROR_REGISTRY &gt; extractBookingErrorCode only returns known codes" time="0.000305959">
        </testcase>
        <testcase classname="src/lib/booking-error-registry.test.ts" name="BOOKING_ERROR_REGISTRY &gt; never pins the misconfig banner for non-misconfig errors" time="0.000365067">
        </testcase>
    </testsuite>
    <testsuite name="src/lib/booking-error-toast.test.tsx" timestamp="2026-09-17T13:35:53.144Z" hostname="sandbox-pool-7fb46484d8-hq4cn" tests="9" failures="0" errors="0" skipped="0" time="0.278397907">
        <testcase classname="src/lib/booking-error-toast.test.tsx" name="public booking SERVICE_ROLE_KEY_MISSING toast &gt; renders the localized misconfig toast in EN" time="0.172267154">
        </testcase>
        <testcase classname="src/lib/booking-error-toast.test.tsx" name="public booking SERVICE_ROLE_KEY_MISSING toast &gt; renders the localized misconfig toast in FI" time="0.049458175">
        </testcase>
        <testcase classname="src/lib/booking-error-toast.test.tsx" name="public booking SERVICE_ROLE_KEY_MISSING toast &gt; renders the localized misconfig toast in SV" time="0.025941942">
        </testcase>
        <testcase classname="src/lib/booking-error-toast.test.tsx" name="public booking SERVICE_ROLE_KEY_MISSING toast &gt; falls back to the generic submitError toast for non misconfig errors" time="0.025572218">
        </testcase>
        <testcase classname="src/lib/booking-error-toast.test.tsx" name="public booking SERVICE_ROLE_KEY_MISSING toast &gt; getBookingErrorToastKey routes by error code" time="0.000744322">
        </testcase>
        <testcase classname="src/lib/booking-error-toast.test.tsx" name="public booking SERVICE_ROLE_KEY_MISSING toast &gt; misconfig toast uses the long 10s duration so admins have time to read the steps" time="0.000507819">
        </testcase>
        <testcase classname="src/lib/booking-error-toast.test.tsx" name="translation completeness &gt; en has booking.serviceMisconfigured defined" time="0.000296755">
        </testcase>
        <testcase classname="src/lib/booking-error-toast.test.tsx" name="translation completeness &gt; fi has booking.serviceMisconfigured defined" time="0.000157582">
        </testcase>
        <testcase classname="src/lib/booking-error-toast.test.tsx" name="translation completeness &gt; sv has booking.serviceMisconfigured defined" time="0.0004717">
        </testcase>
    </testsuite>
    <testsuite name="src/lib/booking-misconfig-guard.test.tsx" timestamp="2026-09-17T13:35:53.150Z" hostname="sandbox-pool-7fb46484d8-hq4cn" tests="3" failures="0" errors="0" skipped="0" time="0.268090725">
        <testcase classname="src/lib/booking-misconfig-guard.test.tsx" name="SERVICE_ROLE_KEY_MISSING UI guard &gt; does not create a reservation and disables follow-up submits after the error" time="0.168552094">
        </testcase>
        <testcase classname="src/lib/booking-misconfig-guard.test.tsx" name="SERVICE_ROLE_KEY_MISSING UI guard &gt; clears the guard when the user clicks Try again, re-enabling submit" time="0.078589885">
        </testcase>
        <testcase classname="src/lib/booking-misconfig-guard.test.tsx" name="SERVICE_ROLE_KEY_MISSING UI guard &gt; does not pin the misconfig banner for unrelated errors" time="0.017954218">
        </testcase>
    </testsuite>
    <testsuite name="src/lib/booking-telemetry.test.ts" timestamp="2026-09-17T13:35:53.151Z" hostname="sandbox-pool-7fb46484d8-hq4cn" tests="6" failures="0" errors="0" skipped="0" time="0.027819341">
        <testcase classname="src/lib/booking-telemetry.test.ts" name="booking telemetry &gt; builds an event with stable shape and ISO timestamp" time="0.008332512">
        </testcase>
        <testcase classname="src/lib/booking-telemetry.test.ts" name="booking telemetry &gt; pushes a SERVICE_ROLE_KEY_MISSING event onto window.dataLayer" time="0.003579424">
        </testcase>
        <testcase classname="src/lib/booking-telemetry.test.ts" name="booking telemetry &gt; never includes secret-ish fields in the payload" time="0.001273697">
        </testcase>
        <testcase classname="src/lib/booking-telemetry.test.ts" name="booking telemetry &gt; logs a coarse console.warn so the signal survives ad-blockers" time="0.003262819">
        </testcase>
        <testcase classname="src/lib/booking-telemetry.test.ts" name="booking telemetry &gt; never throws even if dataLayer.push is broken" time="0.000645307">
        </testcase>
        <testcase classname="src/lib/booking-telemetry.test.ts" name="booking telemetry &gt; omits optional context fields when not provided" time="0.001382483">
        </testcase>
    </testsuite>
    <testsuite name="src/lib/booking-tiles.test.ts" timestamp="2026-09-17T13:35:53.153Z" hostname="sandbox-pool-7fb46484d8-hq4cn" tests="16" failures="0" errors="0" skipped="0" time="0.021095969">
        <testcase classname="src/lib/booking-tiles.test.ts" name="buildTypeTiles — public booking custom resource tiles &gt; renders one tile per built-in reservation type" time="0.005039857">
        </testcase>
        <testcase classname="src/lib/booking-tiles.test.ts" name="buildTypeTiles — public booking custom resource tiles &gt; does NOT render a generic &apos;custom&apos; tile when custom is allowed" time="0.000748211">
        </testcase>
        <testcase classname="src/lib/booking-tiles.test.ts" name="buildTypeTiles — public booking custom resource tiles &gt; renders one tile per custom resource using custom_type_label" time="0.002822662">
        </testcase>
        <testcase classname="src/lib/booking-tiles.test.ts" name="buildTypeTiles — public booking custom resource tiles &gt; falls back to resource name when custom_type_label is missing" time="0.000990874">
        </testcase>
        <testcase classname="src/lib/booking-tiles.test.ts" name="buildTypeTiles — public booking custom resource tiles &gt; falls back to literal &apos;Custom&apos; when both label and name are missing" time="0.000482063">
        </testcase>
        <testcase classname="src/lib/booking-tiles.test.ts" name="buildTypeTiles — public booking custom resource tiles &gt; does not render custom tiles when &apos;custom&apos; is NOT in allowedTypes" time="0.000563325">
        </testcase>
        <testcase classname="src/lib/booking-tiles.test.ts" name="buildTypeTiles — public booking custom resource tiles &gt; includes sub_services array on custom tiles when present" time="0.000519298">
        </testcase>
        <testcase classname="src/lib/booking-tiles.test.ts" name="buildTypeTiles — public booking custom resource tiles &gt; defaults sub_services to [] when missing or non-array" time="0.000452357">
        </testcase>
        <testcase classname="src/lib/booking-tiles.test.ts" name="buildTypeTiles — public booking custom resource tiles &gt; preserves the order: built-ins first, then custom resources in given order" time="0.000674636">
        </testcase>
        <testcase classname="src/lib/booking-tiles.test.ts" name="buildTypeTiles — public booking custom resource tiles &gt; each custom tile has a unique key (no collisions across resources)" time="0.000452516">
        </testcase>
        <testcase classname="src/lib/booking-tiles.test.ts" name="selectTile — clicking a tile sets booking form state &gt; selecting a built-in tile sets reservation_type and clears resource_id" time="0.000365869">
        </testcase>
        <testcase classname="src/lib/booking-tiles.test.ts" name="selectTile — clicking a tile sets booking form state &gt; selecting a custom tile pins reservation_type=&apos;custom&apos; AND the specific resource_id" time="0.000525593">
        </testcase>
        <testcase classname="src/lib/booking-tiles.test.ts" name="selectTile — clicking a tile sets booking form state &gt; selecting a different custom tile swaps to its resource_id" time="0.00028258">
        </testcase>
        <testcase classname="src/lib/booking-tiles.test.ts" name="selectTile — clicking a tile sets booking form state &gt; selecting a wellness tile pins reservation_type=&apos;wellness&apos; AND resource_id" time="0.000211783">
        </testcase>
        <testcase classname="src/lib/booking-tiles.test.ts" name="buildTypeTiles — wellness resources &gt; renders one tile per wellness resource (skips the bare &apos;wellness&apos; tile)" time="0.000652554">
        </testcase>
        <testcase classname="src/lib/booking-tiles.test.ts" name="buildTypeTiles — wellness resources &gt; preserves sub_services with duration_min on wellness tiles" time="0.00057796">
        </testcase>
    </testsuite>
    <testsuite name="src/lib/invoicePdf.test.ts" timestamp="2026-09-17T13:35:53.163Z" hostname="sandbox-pool-7fb46484d8-hq4cn" tests="7" failures="0" errors="0" skipped="0" time="0.111785978">
        <testcase classname="src/lib/invoicePdf.test.ts" name="extractDiscountCode &gt; reads the promo code out of the stored reason" time="0.002631474">
        </testcase>
        <testcase classname="src/lib/invoicePdf.test.ts" name="buildInvoiceModel &gt; computes subtotal, discount and final total for a percentage promo code" time="0.00095621">
        </testcase>
        <testcase classname="src/lib/invoicePdf.test.ts" name="buildInvoiceModel &gt; derives the subtotal when the original price was not stored" time="0.000448636">
        </testcase>
        <testcase classname="src/lib/invoicePdf.test.ts" name="buildInvoiceModel &gt; has no discount lines for a plain reservation" time="0.000451119">
        </testcase>
        <testcase classname="src/lib/invoicePdf.test.ts" name="generateInvoicePdf &gt; renders the discounted price, applied code and final total" time="0.088051689">
        </testcase>
        <testcase classname="src/lib/invoicePdf.test.ts" name="generateInvoicePdf &gt; localises the invoice in Finnish" time="0.008750413">
        </testcase>
        <testcase classname="src/lib/invoicePdf.test.ts" name="generateInvoicePdf &gt; omits discount lines when no discount was applied" time="0.007659963">
        </testcase>
    </testsuite>
    <testsuite name="src/lib/invoke-with-retry.test.ts" timestamp="2026-09-17T13:35:53.171Z" hostname="sandbox-pool-7fb46484d8-hq4cn" tests="10" failures="0" errors="0" skipped="0" time="0.021910453">
        <testcase classname="src/lib/invoke-with-retry.test.ts" name="invokeWithRetry &gt; returns immediately on success" time="0.003380588">
        </testcase>
        <testcase classname="src/lib/invoke-with-retry.test.ts" name="invokeWithRetry &gt; retries on transient 502 and eventually succeeds" time="0.003773922">
        </testcase>
        <testcase classname="src/lib/invoke-with-retry.test.ts" name="invokeWithRetry &gt; retries on transient 503 and eventually succeeds" time="0.001613691">
        </testcase>
        <testcase classname="src/lib/invoke-with-retry.test.ts" name="invokeWithRetry &gt; retries on transient 504 and eventually succeeds" time="0.000612488">
        </testcase>
        <testcase classname="src/lib/invoke-with-retry.test.ts" name="invokeWithRetry &gt; fails fast on 401 (no retry)" time="0.000854283">
        </testcase>
        <testcase classname="src/lib/invoke-with-retry.test.ts" name="invokeWithRetry &gt; fails fast on 400 validation errors" time="0.000450324">
        </testcase>
        <testcase classname="src/lib/invoke-with-retry.test.ts" name="invokeWithRetry &gt; gives up after maxAttempts on persistent 502" time="0.003057493">
        </testcase>
        <testcase classname="src/lib/invoke-with-retry.test.ts" name="invokeWithRetry &gt; retries bare network errors" time="0.001993324">
        </testcase>
        <testcase classname="src/lib/invoke-with-retry.test.ts" name="invokeWithRetry &gt; does not retry on AbortError" time="0.001612083">
        </testcase>
        <testcase classname="src/lib/invoke-with-retry.test.ts" name="invokeWithRetry &gt; shouldRetryError classifies statuses correctly" time="0.000634706">
        </testcase>
    </testsuite>
    <testsuite name="src/lib/offer-reservation-pricing.test.ts" timestamp="2026-09-17T13:35:53.177Z" hostname="sandbox-pool-7fb46484d8-hq4cn" tests="9" failures="0" errors="0" skipped="0" time="0.010609844">
        <testcase classname="src/lib/offer-reservation-pricing.test.ts" name="resolveOfferReservationPrice &gt; uses the resource room price per night for accommodation" time="0.002293593">
        </testcase>
        <testcase classname="src/lib/offer-reservation-pricing.test.ts" name="resolveOfferReservationPrice &gt; defaults accommodation to one night" time="0.000355086">
        </testcase>
        <testcase classname="src/lib/offer-reservation-pricing.test.ts" name="resolveOfferReservationPrice &gt; matches a named sub-service price" time="0.000441639">
        </testcase>
        <testcase classname="src/lib/offer-reservation-pricing.test.ts" name="resolveOfferReservationPrice &gt; uses the only priced sub-service when no space is given" time="0.000667589">
        </testcase>
        <testcase classname="src/lib/offer-reservation-pricing.test.ts" name="resolveOfferReservationPrice &gt; returns null when the configuration is ambiguous" time="0.002062879">
        </testcase>
        <testcase classname="src/lib/offer-reservation-pricing.test.ts" name="resolveOfferReservationPrice &gt; returns null without a resource or price" time="0.00039106">
        </testcase>
        <testcase classname="src/lib/offer-reservation-pricing.test.ts" name="pickOfferResource &gt; prefers an exact name match" time="0.000377278">
        </testcase>
        <testcase classname="src/lib/offer-reservation-pricing.test.ts" name="pickOfferResource &gt; falls back to the reservation type" time="0.000342094">
        </testcase>
        <testcase classname="src/lib/offer-reservation-pricing.test.ts" name="pickOfferResource &gt; returns null when nothing matches" time="0.00047976">
        </testcase>
    </testsuite>
    <testsuite name="src/lib/report-accommodation-pricing.breakfast-rate.test.ts" timestamp="2026-09-17T13:35:53.185Z" hostname="sandbox-pool-7fb46484d8-hq4cn" tests="8" failures="0" errors="0" skipped="0" time="0.090097765">
        <testcase classname="src/lib/report-accommodation-pricing.breakfast-rate.test.ts" name="stored breakfast rates in period reports &gt; uses the stored rate, not the 15 EUR default, for a multi-night stay" time="0.039385547">
        </testcase>
        <testcase classname="src/lib/report-accommodation-pricing.breakfast-rate.test.ts" name="stored breakfast rates in period reports &gt; falls back to the default only when no rate was stored" time="0.00218857">
        </testcase>
        <testcase classname="src/lib/report-accommodation-pricing.breakfast-rate.test.ts" name="stored breakfast rates in period reports &gt; keeps the split exact for every plausible stored rate, stay length and party size" time="0.042569404">
        </testcase>
        <testcase classname="src/lib/report-accommodation-pricing.breakfast-rate.test.ts" name="stored breakfast rates in period reports &gt; ignores injected rates: a stored 0 rate yields no breakfast line" time="0.00043479">
        </testcase>
        <testcase classname="src/lib/report-accommodation-pricing.breakfast-rate.test.ts" name="stored breakfast rates in period reports &gt; never lets a negative, NaN or absurd stored rate distort the report" time="0.000526078">
        </testcase>
        <testcase classname="src/lib/report-accommodation-pricing.breakfast-rate.test.ts" name="stored breakfast rates in period reports &gt; applies stored rates identically for hotels and leaves other types alone" time="0.000456159">
        </testcase>
        <testcase classname="src/lib/report-accommodation-pricing.breakfast-rate.test.ts" name="stored breakfast rates in period reports &gt; keeps a whole period balanced across mixed stored rates" time="0.0004619">
        </testcase>
        <testcase classname="src/lib/report-accommodation-pricing.breakfast-rate.test.ts" name="stored breakfast rates in period reports &gt; public booking still persists the resource rate, never the request body" time="0.001628397">
        </testcase>
    </testsuite>
    <testsuite name="src/lib/report-accommodation-pricing.discounts.test.ts" timestamp="2026-09-17T13:35:53.189Z" hostname="sandbox-pool-7fb46484d8-hq4cn" tests="9" failures="0" errors="0" skipped="0" time="0.025441062">
        <testcase classname="src/lib/report-accommodation-pricing.discounts.test.ts" name="accommodation totals with discounts, coupons and manual adjustments &gt; splits the discounted amount, not the list price (percentage promo code)" time="0.00474717">
        </testcase>
        <testcase classname="src/lib/report-accommodation-pricing.discounts.test.ts" name="accommodation totals with discounts, coupons and manual adjustments &gt; splits a fixed-amount coupon stay to the cent" time="0.000818455">
        </testcase>
        <testcase classname="src/lib/report-accommodation-pricing.discounts.test.ts" name="accommodation totals with discounts, coupons and manual adjustments &gt; handles awkward percentages that land on fractions of a cent" time="0.000528997">
        </testcase>
        <testcase classname="src/lib/report-accommodation-pricing.discounts.test.ts" name="accommodation totals with discounts, coupons and manual adjustments &gt; keeps long discounted stays and large groups exact" time="0.008922434">
        </testcase>
        <testcase classname="src/lib/report-accommodation-pricing.discounts.test.ts" name="accommodation totals with discounts, coupons and manual adjustments &gt; caps breakfast when a deep discount drops the total below the breakfast value" time="0.000585403">
        </testcase>
        <testcase classname="src/lib/report-accommodation-pricing.discounts.test.ts" name="accommodation totals with discounts, coupons and manual adjustments &gt; counts a fully comped stay as zero with no negative lines" time="0.00109111">
        </testcase>
        <testcase classname="src/lib/report-accommodation-pricing.discounts.test.ts" name="accommodation totals with discounts, coupons and manual adjustments &gt; follows a manual price adjustment, up or down" time="0.003111925">
        </testcase>
        <testcase classname="src/lib/report-accommodation-pricing.discounts.test.ts" name="accommodation totals with discounts, coupons and manual adjustments &gt; uses the saved breakfast rate on discounted stays, falling back to the default" time="0.000341244">
        </testcase>
        <testcase classname="src/lib/report-accommodation-pricing.discounts.test.ts" name="accommodation totals with discounts, coupons and manual adjustments &gt; makes the period total equal the sum of charged amounts, and the discount saving the difference from list prices" time="0.000725842">
        </testcase>
    </testsuite>
    <testsuite name="src/lib/report-accommodation-pricing.multi-resource.test.ts" timestamp="2026-09-17T13:35:53.193Z" hostname="sandbox-pool-7fb46484d8-hq4cn" tests="6" failures="0" errors="0" skipped="0" time="0.030313055">
        <testcase classname="src/lib/report-accommodation-pricing.multi-resource.test.ts" name="stays spanning multiple resources &gt; keeps each room&apos;s own price and breakfast rate in a two-room booking" time="0.015778214">
        </testcase>
        <testcase classname="src/lib/report-accommodation-pricing.multi-resource.test.ts" name="stays spanning multiple resources &gt; reconciles a stay that moves from a hotel room to a guesthouse room" time="0.001828992">
        </testcase>
        <testcase classname="src/lib/report-accommodation-pricing.multi-resource.test.ts" name="stays spanning multiple resources &gt; handles a bundle where one leg carries the package price and others carry none" time="0.000711287">
        </testcase>
        <testcase classname="src/lib/report-accommodation-pricing.multi-resource.test.ts" name="stays spanning multiple resources &gt; mixes stored rates, a missing rate and a discounted leg without drift" time="0.000619888">
        </testcase>
        <testcase classname="src/lib/report-accommodation-pricing.multi-resource.test.ts" name="stays spanning multiple resources &gt; reconciles a large multi-resource group across many rate and length combinations" time="0.005376303">
        </testcase>
        <testcase classname="src/lib/report-accommodation-pricing.multi-resource.test.ts" name="stays spanning multiple resources &gt; keeps breakfast capped per resource when one leg is deeply discounted" time="0.00054299">
        </testcase>
    </testsuite>
    <testsuite name="src/lib/report-accommodation-pricing.property.test.ts" timestamp="2026-09-17T13:35:53.196Z" hostname="sandbox-pool-7fb46484d8-hq4cn" tests="2" failures="0" errors="0" skipped="0" time="5.113786644">
        <testcase classname="src/lib/report-accommodation-pricing.property.test.ts" name="property: accommodation lines always sum to the charged total &gt; holds for 20000 randomly generated discount combinations" time="4.950262625">
        </testcase>
        <testcase classname="src/lib/report-accommodation-pricing.property.test.ts" name="property: accommodation lines always sum to the charged total &gt; exports the same balanced figures for every generated booking" time="0.161264219">
        </testcase>
    </testsuite>
    <testsuite name="src/lib/report-accommodation-pricing.rounding.test.ts" timestamp="2026-09-17T13:35:53.197Z" hostname="sandbox-pool-7fb46484d8-hq4cn" tests="7" failures="0" errors="0" skipped="0" time="0.025212764">
        <testcase classname="src/lib/report-accommodation-pricing.rounding.test.ts" name="report accommodation split, rounding edge cases &gt; snaps values to whole cents" time="0.002450607">
        </testcase>
        <testcase classname="src/lib/report-accommodation-pricing.rounding.test.ts" name="report accommodation split, rounding edge cases &gt; splits awkward breakfast rates without a cent of drift" time="0.003428275">
        </testcase>
        <testcase classname="src/lib/report-accommodation-pricing.rounding.test.ts" name="report accommodation split, rounding edge cases &gt; splits awkward totals without a cent of drift" time="0.003109923">
        </testcase>
        <testcase classname="src/lib/report-accommodation-pricing.rounding.test.ts" name="report accommodation split, rounding edge cases &gt; holds for long stays and large groups" time="0.008999795">
        </testcase>
        <testcase classname="src/lib/report-accommodation-pricing.rounding.test.ts" name="report accommodation split, rounding edge cases &gt; keeps the split exact when breakfast alone would exceed the charged total" time="0.00054595">
        </testcase>
        <testcase classname="src/lib/report-accommodation-pricing.rounding.test.ts" name="report accommodation split, rounding edge cases &gt; keeps the split exact for zero-priced and comped stays" time="0.000816594">
        </testcase>
        <testcase classname="src/lib/report-accommodation-pricing.rounding.test.ts" name="report accommodation split, rounding edge cases &gt; keeps a whole period&apos;s room and breakfast lines equal to the charged sum, to the cent" time="0.000268915">
        </testcase>
    </testsuite>
    <testsuite name="src/lib/report-accommodation-pricing.stacked-discounts.test.ts" timestamp="2026-09-17T13:35:53.199Z" hostname="sandbox-pool-7fb46484d8-hq4cn" tests="6" failures="0" errors="0" skipped="0" time="0.655761312">
        <testcase classname="src/lib/report-accommodation-pricing.stacked-discounts.test.ts" name="stacked discounts on multi-night stays &gt; splits only the final charged amount, not any step of the stack" time="0.00984655">
        </testcase>
        <testcase classname="src/lib/report-accommodation-pricing.stacked-discounts.test.ts" name="stacked discounts on multi-night stays &gt; stays balanced when a stack discounts a stay below its breakfast value" time="0.000984249">
        </testcase>
        <testcase classname="src/lib/report-accommodation-pricing.stacked-discounts.test.ts" name="stacked discounts on multi-night stays &gt; reports zero for a stack that comps the whole stay" time="0.00049343">
        </testcase>
        <testcase classname="src/lib/report-accommodation-pricing.stacked-discounts.test.ts" name="stacked discounts on multi-night stays &gt; handles a stack that ends in a manual override above the list price" time="0.001558786">
        </testcase>
        <testcase classname="src/lib/report-accommodation-pricing.stacked-discounts.test.ts" name="stacked discounts on multi-night stays &gt; keeps every stacked combination balanced across many stays" time="0.627011243">
        </testcase>
        <testcase classname="src/lib/report-accommodation-pricing.stacked-discounts.test.ts" name="stacked discounts on multi-night stays &gt; ignores a stack entirely on a menu-priced restaurant booking" time="0.001971038">
        </testcase>
    </testsuite>
    <testsuite name="src/lib/report-accommodation-pricing.test.ts" timestamp="2026-09-17T13:35:53.201Z" hostname="sandbox-pool-7fb46484d8-hq4cn" tests="7" failures="0" errors="0" skipped="0" time="0.015927957">
        <testcase classname="src/lib/report-accommodation-pricing.test.ts" name="report accommodation pricing &gt; counts nights from check-in to check-out" time="0.006736718">
        </testcase>
        <testcase classname="src/lib/report-accommodation-pricing.test.ts" name="report accommodation pricing &gt; splits a multi-night stay with breakfast into room + breakfast without inflating the total" time="0.002006478">
        </testcase>
        <testcase classname="src/lib/report-accommodation-pricing.test.ts" name="report accommodation pricing &gt; reports the whole stored total as room revenue when breakfast is not included" time="0.001801268">
        </testcase>
        <testcase classname="src/lib/report-accommodation-pricing.test.ts" name="report accommodation pricing &gt; uses the default breakfast price when the stay has none stored" time="0.000511501">
        </testcase>
        <testcase classname="src/lib/report-accommodation-pricing.test.ts" name="report accommodation pricing &gt; never reports negative room revenue when breakfast exceeds the stored total" time="0.000515048">
        </testcase>
        <testcase classname="src/lib/report-accommodation-pricing.test.ts" name="report accommodation pricing &gt; treats hotels like guesthouses and leaves other services untouched" time="0.000895239">
        </testcase>
        <testcase classname="src/lib/report-accommodation-pricing.test.ts" name="report accommodation pricing &gt; keeps the period accommodation total equal to the sum of guest-charged amounts" time="0.000760907">
        </testcase>
    </testsuite>
    <testsuite name="src/lib/report-export-cells.test.ts" timestamp="2026-09-17T13:35:53.214Z" hostname="sandbox-pool-7fb46484d8-hq4cn" tests="6" failures="0" errors="0" skipped="0" time="0.062916158">
        <testcase classname="src/lib/report-export-cells.test.ts" name="exported CSV data &gt; spells out a room + breakfast split that sums to the charged amount" time="0.002943749">
        </testcase>
        <testcase classname="src/lib/report-export-cells.test.ts" name="exported CSV data &gt; balances every stay in a whole exported period" time="0.00678063">
        </testcase>
        <testcase classname="src/lib/report-export-cells.test.ts" name="exported CSV data &gt; writes a placeholder, never an invented amount, when there is no price" time="0.001724612">
        </testcase>
        <testcase classname="src/lib/report-export-cells.test.ts" name="exported print data &gt; shows a room + breakfast split that sums to the charged amount" time="0.024081113">
        </testcase>
        <testcase classname="src/lib/report-export-cells.test.ts" name="exported print data &gt; balances every stay in the printed table and matches the CSV figures" time="0.023250046">
        </testcase>
        <testcase classname="src/lib/report-export-cells.test.ts" name="the report panel uses the shared export cells &gt; builds CSV and print price cells only through the shared helpers" time="0.001322396">
        </testcase>
    </testsuite>
    <testsuite name="src/lib/report-export-consistency.test.ts" timestamp="2026-09-17T13:35:53.217Z" hostname="sandbox-pool-7fb46484d8-hq4cn" tests="5" failures="0" errors="0" skipped="0" time="0.012225503">
        <testcase classname="src/lib/report-export-consistency.test.ts" name="period report exports use one accommodation calculation &gt; prints the same total in the PDF as the CSV room + breakfast split" time="0.005071874">
        </testcase>
        <testcase classname="src/lib/report-export-consistency.test.ts" name="period report exports use one accommodation calculation &gt; keeps the CSV price column equal to the room line for accommodation" time="0.00076307">
        </testcase>
        <testcase classname="src/lib/report-export-consistency.test.ts" name="period report exports use one accommodation calculation &gt; counts restaurant &apos;according to menu&apos; bookings as no amount everywhere" time="0.000349927">
        </testcase>
        <testcase classname="src/lib/report-export-consistency.test.ts" name="period report exports use one accommodation calculation &gt; makes the grand total equal the sum of the room and breakfast lines" time="0.000668707">
        </testcase>
        <testcase classname="src/lib/report-export-consistency.test.ts" name="period report exports use one accommodation calculation &gt; keeps the report panel free of its own money arithmetic" time="0.002631662">
        </testcase>
    </testsuite>
    <testsuite name="src/lib/report-export-fractional-multi-resource.test.ts" timestamp="2026-09-17T13:35:53.221Z" hostname="sandbox-pool-7fb46484d8-hq4cn" tests="6" failures="0" errors="0" skipped="0" time="0.172721611">
        <testcase classname="src/lib/report-export-fractional-multi-resource.test.ts" name="fractional pricing and discounts across several resources &gt; keeps a two-room group booking exact in every export" time="0.005986656">
        </testcase>
        <testcase classname="src/lib/report-export-fractional-multi-resource.test.ts" name="fractional pricing and discounts across several resources &gt; reconciles a stay that moves between a hotel and a guesthouse room" time="0.00103711">
        </testcase>
        <testcase classname="src/lib/report-export-fractional-multi-resource.test.ts" name="fractional pricing and discounts across several resources &gt; handles a package where one leg carries the whole discounted price" time="0.001692352">
        </testcase>
        <testcase classname="src/lib/report-export-fractional-multi-resource.test.ts" name="fractional pricing and discounts across several resources &gt; caps breakfast without a negative room line when a deep discount hits one resource" time="0.001331155">
        </testcase>
        <testcase classname="src/lib/report-export-fractional-multi-resource.test.ts" name="fractional pricing and discounts across several resources &gt; reconciles mixed stored and missing breakfast rates across resources" time="0.001338098">
        </testcase>
        <testcase classname="src/lib/report-export-fractional-multi-resource.test.ts" name="fractional pricing and discounts across several resources &gt; reconciles a large generated period of fractional multi-resource stays" time="0.158759756">
        </testcase>
    </testsuite>
    <testsuite name="src/lib/report-menu-pricing-discounts.test.ts" timestamp="2026-09-17T13:35:53.225Z" hostname="sandbox-pool-7fb46484d8-hq4cn" tests="5" failures="0" errors="0" skipped="0" time="0.015221948">
        <testcase classname="src/lib/report-menu-pricing-discounts.test.ts" name="menu-priced bookings with discounts &gt; report zero charged, zero room and zero breakfast" time="0.003794383">
        </testcase>
        <testcase classname="src/lib/report-menu-pricing-discounts.test.ts" name="menu-priced bookings with discounts &gt; show a placeholder in the CSV, print view and PDF, never a discounted figure" time="0.00338551">
        </testcase>
        <testcase classname="src/lib/report-menu-pricing-discounts.test.ts" name="menu-priced bookings with discounts &gt; add nothing to a period&apos;s room, breakfast or charged totals" time="0.000640543">
        </testcase>
        <testcase classname="src/lib/report-menu-pricing-discounts.test.ts" name="menu-priced bookings with discounts &gt; leave a mixed period&apos;s totals identical with or without them" time="0.001258209">
        </testcase>
        <testcase classname="src/lib/report-menu-pricing-discounts.test.ts" name="menu-priced bookings with discounts &gt; still count a discounted restaurant booking that has a real fixed price" time="0.000452607">
        </testcase>
    </testsuite>
    <testsuite name="src/lib/report-pdf-export.discounted-stays.test.ts" timestamp="2026-09-17T13:35:53.229Z" hostname="sandbox-pool-7fb46484d8-hq4cn" tests="2" failures="0" errors="0" skipped="0" time="0.45690168">
        <testcase classname="src/lib/report-pdf-export.discounted-stays.test.ts" name="period report PDF for discounted multi-night stays &gt; prints the guest-charged total, split to the cent" time="0.224913373">
        </testcase>
        <testcase classname="src/lib/report-pdf-export.discounted-stays.test.ts" name="period report PDF for discounted multi-night stays &gt; never prints a list price or a discount step" time="0.229910078">
        </testcase>
    </testsuite>
    <testsuite name="src/lib/report-pdf-export.test.ts" timestamp="2026-09-17T13:35:53.234Z" hostname="sandbox-pool-7fb46484d8-hq4cn" tests="2" failures="0" errors="0" skipped="0" time="0.211521689">
        <testcase classname="src/lib/report-pdf-export.test.ts" name="generated period report PDF &gt; shows a room + breakfast split that matches the total to the cent" time="0.206178826">
        </testcase>
        <testcase classname="src/lib/report-pdf-export.test.ts" name="generated period report PDF &gt; keeps the PDF export reading its money from the shared cells" time="0.003178257">
        </testcase>
    </testsuite>
    <testsuite name="src/lib/report-pricing-accessor.test.ts" timestamp="2026-09-17T13:35:53.236Z" hostname="sandbox-pool-7fb46484d8-hq4cn" tests="9" failures="0" errors="0" skipped="0" time="0.012495413">
        <testcase classname="src/lib/report-pricing-accessor.test.ts" name="reportAmounts: the single pricing accessor &gt; splits an accommodation stay so room + breakfast equals the charged amount" time="0.002823181">
        </testcase>
        <testcase classname="src/lib/report-pricing-accessor.test.ts" name="reportAmounts: the single pricing accessor &gt; treats a non-accommodation booking as one room-line amount" time="0.000742477">
        </testcase>
        <testcase classname="src/lib/report-pricing-accessor.test.ts" name="reportAmounts: the single pricing accessor &gt; gives a menu-priced restaurant booking no amount and no split" time="0.000219644">
        </testcase>
        <testcase classname="src/lib/report-pricing-accessor.test.ts" name="reportAmounts: the single pricing accessor &gt; gives an unpriced booking zeros instead of guessing" time="0.000287605">
        </testcase>
        <testcase classname="src/lib/report-pricing-accessor.test.ts" name="reportAmounts: the single pricing accessor &gt; sums a period in cents so the total never drifts from its rows" time="0.000554248">
        </testcase>
        <testcase classname="src/lib/report-pricing-accessor.test.ts" name="reportAmounts: the single pricing accessor &gt; stays cents-exact across awkward rates, long stays and big parties" time="0.001829914">
        </testcase>
        <testcase classname="src/lib/report-pricing-accessor.test.ts" name="no report view recomputes amounts &gt; every report view imports money only from the accessor" time="0.001139628">
        </testcase>
        <testcase classname="src/lib/report-pricing-accessor.test.ts" name="no report view recomputes amounts &gt; no report view does its own arithmetic on stored prices" time="0.001486826">
        </testcase>
        <testcase classname="src/lib/report-pricing-accessor.test.ts" name="no report view recomputes amounts &gt; the accessor itself is the only place the split helpers are used" time="0.000701343">
        </testcase>
    </testsuite>
    <testsuite name="src/lib/reservation-pricing.test.ts" timestamp="2026-09-17T13:35:53.245Z" hostname="sandbox-pool-7fb46484d8-hq4cn" tests="8" failures="0" errors="0" skipped="0" time="0.01124549">
        <testcase classname="src/lib/reservation-pricing.test.ts" name="computeReservationPrice &gt; hotel: room nights x price x multiplier + breakfast" time="0.003889213">
        </testcase>
        <testcase classname="src/lib/reservation-pricing.test.ts" name="computeReservationPrice &gt; custom sub-services sum with qty" time="0.000581274">
        </testcase>
        <testcase classname="src/lib/reservation-pricing.test.ts" name="computeReservationPrice &gt; percentage discount applied to gross" time="0.000312482">
        </testcase>
        <testcase classname="src/lib/reservation-pricing.test.ts" name="computeReservationPrice &gt; fixed discount cannot push final below zero" time="0.000446531">
        </testcase>
        <testcase classname="src/lib/reservation-pricing.test.ts" name="computeReservationPrice &gt; free_nights discount subtracts up to n nights" time="0.00023064">
        </testcase>
        <testcase classname="src/lib/reservation-pricing.test.ts" name="computeReservationPrice &gt; restaurant fixed_price clamps to max sub_services price (anti-tamper)" time="0.000227748">
        </testcase>
        <testcase classname="src/lib/reservation-pricing.test.ts" name="computeReservationPrice &gt; staff manual_price_eur used as fallback when no auto source" time="0.00024237">
        </testcase>
        <testcase classname="src/lib/reservation-pricing.test.ts" name="computeReservationPrice &gt; returns nulls when nothing computable" time="0.000226067">
        </testcase>
    </testsuite>
    <testsuite name="src/lib/reservation-type-limit-api.regression.test.ts" timestamp="2026-09-17T13:35:53.248Z" hostname="sandbox-pool-7fb46484d8-hq4cn" tests="93" failures="0" errors="0" skipped="0" time="0.559233836">
        <testcase classname="src/lib/reservation-type-limit-api.regression.test.ts" name="reservations-type API: Professional 5-type cap &gt; frontend cap mirror agrees with the DB cap (5)" time="0.008579966">
        </testcase>
        <testcase classname="src/lib/reservation-type-limit-api.regression.test.ts" name="reservations-type API: Professional 5-type cap &gt; rejects 6-type combination: &apos;5 built-ins + custom (appended)&apos; &gt; returns the trigger error and parses to RESERVATION_TYPE_LIMIT_REACHED" time="0.004495476">
        </testcase>
        <testcase classname="src/lib/reservation-type-limit-api.regression.test.ts" name="reservations-type API: Professional 5-type cap &gt; rejects 6-type combination: &apos;5 built-ins + custom (prepended)&apos; &gt; returns the trigger error and parses to RESERVATION_TYPE_LIMIT_REACHED" time="0.003831287">
        </testcase>
        <testcase classname="src/lib/reservation-type-limit-api.regression.test.ts" name="reservations-type API: Professional 5-type cap &gt; rejects 6-type combination: &apos;5 built-ins + custom (middle)&apos; &gt; returns the trigger error and parses to RESERVATION_TYPE_LIMIT_REACHED" time="0.006089338">
        </testcase>
        <testcase classname="src/lib/reservation-type-limit-api.regression.test.ts" name="reservations-type API: Professional 5-type cap &gt; rejects 6-type combination: &apos;6 built-ins, no custom&apos; &gt; returns the trigger error and parses to RESERVATION_TYPE_LIMIT_REACHED" time="0.005688523">
        </testcase>
        <testcase classname="src/lib/reservation-type-limit-api.regression.test.ts" name="reservations-type API: Professional 5-type cap &gt; rejects 6-type combination: &apos;4 built-ins + custom + extra label&apos; &gt; returns the trigger error and parses to RESERVATION_TYPE_LIMIT_REACHED" time="0.003106284">
        </testcase>
        <testcase classname="src/lib/reservation-type-limit-api.regression.test.ts" name="reservations-type API: Professional 5-type cap &gt; rejects 6-type combination: &apos;3 built-ins + 3 custom&apos; &gt; returns the trigger error and parses to RESERVATION_TYPE_LIMIT_REACHED" time="0.005399505">
        </testcase>
        <testcase classname="src/lib/reservation-type-limit-api.regression.test.ts" name="reservations-type API: Professional 5-type cap &gt; accepts 5-type combination at the cap: &apos;5 built-ins, no custom&apos; &gt; returns the saved row and no error" time="0.012415718">
        </testcase>
        <testcase classname="src/lib/reservation-type-limit-api.regression.test.ts" name="reservations-type API: Professional 5-type cap &gt; accepts 5-type combination at the cap: &apos;4 built-ins + custom&apos; &gt; returns the saved row and no error" time="0.004212917">
        </testcase>
        <testcase classname="src/lib/reservation-type-limit-api.regression.test.ts" name="reservations-type API: Professional 5-type cap &gt; accepts 5-type combination at the cap: &apos;1 built-in + 4 custom&apos; &gt; returns the saved row and no error" time="0.004113491">
        </testcase>
        <testcase classname="src/lib/reservation-type-limit-api.regression.test.ts" name="reservations-type API: Professional 5-type cap &gt; accepts 5-type combination at the cap: &apos;5 customs&apos; &gt; returns the saved row and no error" time="0.002835538">
        </testcase>
        <testcase classname="src/lib/reservation-type-limit-api.regression.test.ts" name="reservations-type API: Professional 5-type cap &gt; rejected updates never mutate the persisted row &gt; baseline [single built-in] is preserved when rejecting [5 built-ins + custom (appended)]" time="0.013768824">
        </testcase>
        <testcase classname="src/lib/reservation-type-limit-api.regression.test.ts" name="reservations-type API: Professional 5-type cap &gt; rejected updates never mutate the persisted row &gt; baseline [single built-in] is preserved when rejecting [5 built-ins + custom (prepended)]" time="0.010588662">
        </testcase>
        <testcase classname="src/lib/reservation-type-limit-api.regression.test.ts" name="reservations-type API: Professional 5-type cap &gt; rejected updates never mutate the persisted row &gt; baseline [single built-in] is preserved when rejecting [5 built-ins + custom (middle)]" time="0.005509318">
        </testcase>
        <testcase classname="src/lib/reservation-type-limit-api.regression.test.ts" name="reservations-type API: Professional 5-type cap &gt; rejected updates never mutate the persisted row &gt; baseline [single built-in] is preserved when rejecting [6 built-ins, no custom]" time="0.006591932">
        </testcase>
        <testcase classname="src/lib/reservation-type-limit-api.regression.test.ts" name="reservations-type API: Professional 5-type cap &gt; rejected updates never mutate the persisted row &gt; baseline [single built-in] is preserved when rejecting [4 built-ins + custom + extra label]" time="0.004716154">
        </testcase>
        <testcase classname="src/lib/reservation-type-limit-api.regression.test.ts" name="reservations-type API: Professional 5-type cap &gt; rejected updates never mutate the persisted row &gt; baseline [single built-in] is preserved when rejecting [3 built-ins + 3 custom]" time="0.007507115">
        </testcase>
        <testcase classname="src/lib/reservation-type-limit-api.regression.test.ts" name="reservations-type API: Professional 5-type cap &gt; rejected updates never mutate the persisted row &gt; baseline [two built-ins] is preserved when rejecting [5 built-ins + custom (appended)]" time="0.005357827">
        </testcase>
        <testcase classname="src/lib/reservation-type-limit-api.regression.test.ts" name="reservations-type API: Professional 5-type cap &gt; rejected updates never mutate the persisted row &gt; baseline [two built-ins] is preserved when rejecting [5 built-ins + custom (prepended)]" time="0.00668616">
        </testcase>
        <testcase classname="src/lib/reservation-type-limit-api.regression.test.ts" name="reservations-type API: Professional 5-type cap &gt; rejected updates never mutate the persisted row &gt; baseline [two built-ins] is preserved when rejecting [5 built-ins + custom (middle)]" time="0.007712627">
        </testcase>
        <testcase classname="src/lib/reservation-type-limit-api.regression.test.ts" name="reservations-type API: Professional 5-type cap &gt; rejected updates never mutate the persisted row &gt; baseline [two built-ins] is preserved when rejecting [6 built-ins, no custom]" time="0.005532039">
        </testcase>
        <testcase classname="src/lib/reservation-type-limit-api.regression.test.ts" name="reservations-type API: Professional 5-type cap &gt; rejected updates never mutate the persisted row &gt; baseline [two built-ins] is preserved when rejecting [4 built-ins + custom + extra label]" time="0.007235557">
        </testcase>
        <testcase classname="src/lib/reservation-type-limit-api.regression.test.ts" name="reservations-type API: Professional 5-type cap &gt; rejected updates never mutate the persisted row &gt; baseline [two built-ins] is preserved when rejecting [3 built-ins + 3 custom]" time="0.006836902">
        </testcase>
        <testcase classname="src/lib/reservation-type-limit-api.regression.test.ts" name="reservations-type API: Professional 5-type cap &gt; rejected updates never mutate the persisted row &gt; baseline [at-cap built-ins] is preserved when rejecting [5 built-ins + custom (appended)]" time="0.008493077">
        </testcase>
        <testcase classname="src/lib/reservation-type-limit-api.regression.test.ts" name="reservations-type API: Professional 5-type cap &gt; rejected updates never mutate the persisted row &gt; baseline [at-cap built-ins] is preserved when rejecting [5 built-ins + custom (prepended)]" time="0.005342225">
        </testcase>
        <testcase classname="src/lib/reservation-type-limit-api.regression.test.ts" name="reservations-type API: Professional 5-type cap &gt; rejected updates never mutate the persisted row &gt; baseline [at-cap built-ins] is preserved when rejecting [5 built-ins + custom (middle)]" time="0.00581122">
        </testcase>
        <testcase classname="src/lib/reservation-type-limit-api.regression.test.ts" name="reservations-type API: Professional 5-type cap &gt; rejected updates never mutate the persisted row &gt; baseline [at-cap built-ins] is preserved when rejecting [6 built-ins, no custom]" time="0.011449257">
        </testcase>
        <testcase classname="src/lib/reservation-type-limit-api.regression.test.ts" name="reservations-type API: Professional 5-type cap &gt; rejected updates never mutate the persisted row &gt; baseline [at-cap built-ins] is preserved when rejecting [4 built-ins + custom + extra label]" time="0.006309825">
        </testcase>
        <testcase classname="src/lib/reservation-type-limit-api.regression.test.ts" name="reservations-type API: Professional 5-type cap &gt; rejected updates never mutate the persisted row &gt; baseline [at-cap built-ins] is preserved when rejecting [3 built-ins + 3 custom]" time="0.005681176">
        </testcase>
        <testcase classname="src/lib/reservation-type-limit-api.regression.test.ts" name="reservations-type API: Professional 5-type cap &gt; rejected updates never mutate the persisted row &gt; baseline [at-cap mixed with custom] is preserved when rejecting [5 built-ins + custom (appended)]" time="0.010370592">
        </testcase>
        <testcase classname="src/lib/reservation-type-limit-api.regression.test.ts" name="reservations-type API: Professional 5-type cap &gt; rejected updates never mutate the persisted row &gt; baseline [at-cap mixed with custom] is preserved when rejecting [5 built-ins + custom (prepended)]" time="0.012775675">
        </testcase>
        <testcase classname="src/lib/reservation-type-limit-api.regression.test.ts" name="reservations-type API: Professional 5-type cap &gt; rejected updates never mutate the persisted row &gt; baseline [at-cap mixed with custom] is preserved when rejecting [5 built-ins + custom (middle)]" time="0.004943182">
        </testcase>
        <testcase classname="src/lib/reservation-type-limit-api.regression.test.ts" name="reservations-type API: Professional 5-type cap &gt; rejected updates never mutate the persisted row &gt; baseline [at-cap mixed with custom] is preserved when rejecting [6 built-ins, no custom]" time="0.00667962">
        </testcase>
        <testcase classname="src/lib/reservation-type-limit-api.regression.test.ts" name="reservations-type API: Professional 5-type cap &gt; rejected updates never mutate the persisted row &gt; baseline [at-cap mixed with custom] is preserved when rejecting [4 built-ins + custom + extra label]" time="0.0052302">
        </testcase>
        <testcase classname="src/lib/reservation-type-limit-api.regression.test.ts" name="reservations-type API: Professional 5-type cap &gt; rejected updates never mutate the persisted row &gt; baseline [at-cap mixed with custom] is preserved when rejecting [3 built-ins + 3 custom]" time="0.005562477">
        </testcase>
        <testcase classname="src/lib/reservation-type-limit-api.regression.test.ts" name="reservations-type API: Professional 5-type cap &gt; rejected updates never mutate the persisted row &gt; baseline [only custom] is preserved when rejecting [5 built-ins + custom (appended)]" time="0.005419723">
        </testcase>
        <testcase classname="src/lib/reservation-type-limit-api.regression.test.ts" name="reservations-type API: Professional 5-type cap &gt; rejected updates never mutate the persisted row &gt; baseline [only custom] is preserved when rejecting [5 built-ins + custom (prepended)]" time="0.005805533">
        </testcase>
        <testcase classname="src/lib/reservation-type-limit-api.regression.test.ts" name="reservations-type API: Professional 5-type cap &gt; rejected updates never mutate the persisted row &gt; baseline [only custom] is preserved when rejecting [5 built-ins + custom (middle)]" time="0.005162797">
        </testcase>
        <testcase classname="src/lib/reservation-type-limit-api.regression.test.ts" name="reservations-type API: Professional 5-type cap &gt; rejected updates never mutate the persisted row &gt; baseline [only custom] is preserved when rejecting [6 built-ins, no custom]" time="0.008884798">
        </testcase>
        <testcase classname="src/lib/reservation-type-limit-api.regression.test.ts" name="reservations-type API: Professional 5-type cap &gt; rejected updates never mutate the persisted row &gt; baseline [only custom] is preserved when rejecting [4 built-ins + custom + extra label]" time="0.006421602">
        </testcase>
        <testcase classname="src/lib/reservation-type-limit-api.regression.test.ts" name="reservations-type API: Professional 5-type cap &gt; rejected updates never mutate the persisted row &gt; baseline [only custom] is preserved when rejecting [3 built-ins + 3 custom]" time="0.005265952">
        </testcase>
        <testcase classname="src/lib/reservation-type-limit-api.regression.test.ts" name="reservations-type API: Professional 5-type cap &gt; rejected updates never mutate the persisted row &gt; baseline [empty] is preserved when rejecting [5 built-ins + custom (appended)]" time="0.006194597">
        </testcase>
        <testcase classname="src/lib/reservation-type-limit-api.regression.test.ts" name="reservations-type API: Professional 5-type cap &gt; rejected updates never mutate the persisted row &gt; baseline [empty] is preserved when rejecting [5 built-ins + custom (prepended)]" time="0.006002868">
        </testcase>
        <testcase classname="src/lib/reservation-type-limit-api.regression.test.ts" name="reservations-type API: Professional 5-type cap &gt; rejected updates never mutate the persisted row &gt; baseline [empty] is preserved when rejecting [5 built-ins + custom (middle)]" time="0.005887011">
        </testcase>
        <testcase classname="src/lib/reservation-type-limit-api.regression.test.ts" name="reservations-type API: Professional 5-type cap &gt; rejected updates never mutate the persisted row &gt; baseline [empty] is preserved when rejecting [6 built-ins, no custom]" time="0.006137843">
        </testcase>
        <testcase classname="src/lib/reservation-type-limit-api.regression.test.ts" name="reservations-type API: Professional 5-type cap &gt; rejected updates never mutate the persisted row &gt; baseline [empty] is preserved when rejecting [4 built-ins + custom + extra label]" time="0.006039964">
        </testcase>
        <testcase classname="src/lib/reservation-type-limit-api.regression.test.ts" name="reservations-type API: Professional 5-type cap &gt; rejected updates never mutate the persisted row &gt; baseline [empty] is preserved when rejecting [3 built-ins + 3 custom]" time="0.005831168">
        </testcase>
        <testcase classname="src/lib/reservation-type-limit-api.regression.test.ts" name="reservations-type API: Professional 5-type cap &gt; rejected updates never mutate the persisted row &gt; after several rejections in a row, no partial write leaks through" time="0.025594644">
        </testcase>
        <testcase classname="src/lib/reservation-type-limit-api.regression.test.ts" name="reservations-type API: Professional 5-type cap &gt; rejected updates never mutate the persisted row &gt; an accepted update between rejections persists, and a later rejection does not undo it" time="0.012977486">
        </testcase>
        <testcase classname="src/lib/reservation-type-limit-api.regression.test.ts" name="reservations-type API: Professional 5-type cap &gt; rejected updates never mutate the persisted row &gt; rejection on a non-existent row creates nothing" time="0.004697522">
        </testcase>
        <testcase classname="src/lib/reservation-type-limit-api.regression.test.ts" name="reservations-type API: Professional 5-type cap &gt; trigger returns the exact &apos;at most 5&apos; error for every over-limit combo &gt; matches the contract for &apos;size=6, custom@0&apos;" time="0.003349518">
        </testcase>
        <testcase classname="src/lib/reservation-type-limit-api.regression.test.ts" name="reservations-type API: Professional 5-type cap &gt; trigger returns the exact &apos;at most 5&apos; error for every over-limit combo &gt; matches the contract for &apos;size=6, custom@1&apos;" time="0.010847907">
        </testcase>
        <testcase classname="src/lib/reservation-type-limit-api.regression.test.ts" name="reservations-type API: Professional 5-type cap &gt; trigger returns the exact &apos;at most 5&apos; error for every over-limit combo &gt; matches the contract for &apos;size=6, custom@2&apos;" time="0.003182892">
        </testcase>
        <testcase classname="src/lib/reservation-type-limit-api.regression.test.ts" name="reservations-type API: Professional 5-type cap &gt; trigger returns the exact &apos;at most 5&apos; error for every over-limit combo &gt; matches the contract for &apos;size=6, custom@3&apos;" time="0.004136235">
        </testcase>
        <testcase classname="src/lib/reservation-type-limit-api.regression.test.ts" name="reservations-type API: Professional 5-type cap &gt; trigger returns the exact &apos;at most 5&apos; error for every over-limit combo &gt; matches the contract for &apos;size=6, custom@4&apos;" time="0.002876264">
        </testcase>
        <testcase classname="src/lib/reservation-type-limit-api.regression.test.ts" name="reservations-type API: Professional 5-type cap &gt; trigger returns the exact &apos;at most 5&apos; error for every over-limit combo &gt; matches the contract for &apos;size=6, custom@5&apos;" time="0.002673963">
        </testcase>
        <testcase classname="src/lib/reservation-type-limit-api.regression.test.ts" name="reservations-type API: Professional 5-type cap &gt; trigger returns the exact &apos;at most 5&apos; error for every over-limit combo &gt; matches the contract for &apos;size=6, no custom&apos;" time="0.003350872">
        </testcase>
        <testcase classname="src/lib/reservation-type-limit-api.regression.test.ts" name="reservations-type API: Professional 5-type cap &gt; trigger returns the exact &apos;at most 5&apos; error for every over-limit combo &gt; matches the contract for &apos;size=6, 3 customs&apos;" time="0.004035028">
        </testcase>
        <testcase classname="src/lib/reservation-type-limit-api.regression.test.ts" name="reservations-type API: Professional 5-type cap &gt; trigger returns the exact &apos;at most 5&apos; error for every over-limit combo &gt; matches the contract for &apos;size=7, custom@0&apos;" time="0.00370566">
        </testcase>
        <testcase classname="src/lib/reservation-type-limit-api.regression.test.ts" name="reservations-type API: Professional 5-type cap &gt; trigger returns the exact &apos;at most 5&apos; error for every over-limit combo &gt; matches the contract for &apos;size=7, custom@1&apos;" time="0.003477933">
        </testcase>
        <testcase classname="src/lib/reservation-type-limit-api.regression.test.ts" name="reservations-type API: Professional 5-type cap &gt; trigger returns the exact &apos;at most 5&apos; error for every over-limit combo &gt; matches the contract for &apos;size=7, custom@2&apos;" time="0.005900218">
        </testcase>
        <testcase classname="src/lib/reservation-type-limit-api.regression.test.ts" name="reservations-type API: Professional 5-type cap &gt; trigger returns the exact &apos;at most 5&apos; error for every over-limit combo &gt; matches the contract for &apos;size=7, custom@3&apos;" time="0.002999529">
        </testcase>
        <testcase classname="src/lib/reservation-type-limit-api.regression.test.ts" name="reservations-type API: Professional 5-type cap &gt; trigger returns the exact &apos;at most 5&apos; error for every over-limit combo &gt; matches the contract for &apos;size=7, custom@4&apos;" time="0.002978328">
        </testcase>
        <testcase classname="src/lib/reservation-type-limit-api.regression.test.ts" name="reservations-type API: Professional 5-type cap &gt; trigger returns the exact &apos;at most 5&apos; error for every over-limit combo &gt; matches the contract for &apos;size=7, custom@5&apos;" time="0.003088174">
        </testcase>
        <testcase classname="src/lib/reservation-type-limit-api.regression.test.ts" name="reservations-type API: Professional 5-type cap &gt; trigger returns the exact &apos;at most 5&apos; error for every over-limit combo &gt; matches the contract for &apos;size=7, custom@6&apos;" time="0.009861946">
        </testcase>
        <testcase classname="src/lib/reservation-type-limit-api.regression.test.ts" name="reservations-type API: Professional 5-type cap &gt; trigger returns the exact &apos;at most 5&apos; error for every over-limit combo &gt; matches the contract for &apos;size=7, no custom&apos;" time="0.00369293">
        </testcase>
        <testcase classname="src/lib/reservation-type-limit-api.regression.test.ts" name="reservations-type API: Professional 5-type cap &gt; trigger returns the exact &apos;at most 5&apos; error for every over-limit combo &gt; matches the contract for &apos;size=7, 4 customs&apos;" time="0.003661725">
        </testcase>
        <testcase classname="src/lib/reservation-type-limit-api.regression.test.ts" name="reservations-type API: Professional 5-type cap &gt; trigger returns the exact &apos;at most 5&apos; error for every over-limit combo &gt; matches the contract for &apos;size=8, custom@0&apos;" time="0.002991075">
        </testcase>
        <testcase classname="src/lib/reservation-type-limit-api.regression.test.ts" name="reservations-type API: Professional 5-type cap &gt; trigger returns the exact &apos;at most 5&apos; error for every over-limit combo &gt; matches the contract for &apos;size=8, custom@1&apos;" time="0.003744327">
        </testcase>
        <testcase classname="src/lib/reservation-type-limit-api.regression.test.ts" name="reservations-type API: Professional 5-type cap &gt; trigger returns the exact &apos;at most 5&apos; error for every over-limit combo &gt; matches the contract for &apos;size=8, custom@2&apos;" time="0.003509292">
        </testcase>
        <testcase classname="src/lib/reservation-type-limit-api.regression.test.ts" name="reservations-type API: Professional 5-type cap &gt; trigger returns the exact &apos;at most 5&apos; error for every over-limit combo &gt; matches the contract for &apos;size=8, custom@3&apos;" time="0.004138663">
        </testcase>
        <testcase classname="src/lib/reservation-type-limit-api.regression.test.ts" name="reservations-type API: Professional 5-type cap &gt; trigger returns the exact &apos;at most 5&apos; error for every over-limit combo &gt; matches the contract for &apos;size=8, custom@4&apos;" time="0.00280866">
        </testcase>
        <testcase classname="src/lib/reservation-type-limit-api.regression.test.ts" name="reservations-type API: Professional 5-type cap &gt; trigger returns the exact &apos;at most 5&apos; error for every over-limit combo &gt; matches the contract for &apos;size=8, custom@5&apos;" time="0.002748194">
        </testcase>
        <testcase classname="src/lib/reservation-type-limit-api.regression.test.ts" name="reservations-type API: Professional 5-type cap &gt; trigger returns the exact &apos;at most 5&apos; error for every over-limit combo &gt; matches the contract for &apos;size=8, custom@6&apos;" time="0.003017021">
        </testcase>
        <testcase classname="src/lib/reservation-type-limit-api.regression.test.ts" name="reservations-type API: Professional 5-type cap &gt; trigger returns the exact &apos;at most 5&apos; error for every over-limit combo &gt; matches the contract for &apos;size=8, custom@7&apos;" time="0.004404015">
        </testcase>
        <testcase classname="src/lib/reservation-type-limit-api.regression.test.ts" name="reservations-type API: Professional 5-type cap &gt; trigger returns the exact &apos;at most 5&apos; error for every over-limit combo &gt; matches the contract for &apos;size=8, no custom&apos;" time="0.004337521">
        </testcase>
[...]
        </testcase>
        <testcase classname="src/test/security/privilege-escalation.test.ts" name="Privilege Escalation - Security Regression Tests &gt; Role granting restrictions &gt; admin cannot grant owner role" time="0.000115615">
        </testcase>
        <testcase classname="src/test/security/privilege-escalation.test.ts" name="Privilege Escalation - Security Regression Tests &gt; Role granting restrictions &gt; admin cannot grant superadmin role" time="0.00033001">
        </testcase>
        <testcase classname="src/test/security/privilege-escalation.test.ts" name="Privilege Escalation - Security Regression Tests &gt; Role granting restrictions &gt; superadmin CAN grant admin role" time="0.000156431">
        </testcase>
        <testcase classname="src/test/security/privilege-escalation.test.ts" name="Privilege Escalation - Security Regression Tests &gt; Role granting restrictions &gt; superadmin CAN grant owner role" time="0.000305308">
        </testcase>
        <testcase classname="src/test/security/privilege-escalation.test.ts" name="Privilege Escalation - Security Regression Tests &gt; Role granting restrictions &gt; system admin CAN grant any role" time="0.000881047">
        </testcase>
        <testcase classname="src/test/security/privilege-escalation.test.ts" name="Privilege Escalation - Security Regression Tests &gt; Role granting restrictions &gt; anyone can grant staff role" time="0.000312654">
        </testcase>
        <testcase classname="src/test/security/privilege-escalation.test.ts" name="Privilege Escalation - Security Regression Tests &gt; Role validation &gt; all PRIVILEGED_ROLES are subset of VALID_ROLES" time="0.001588511">
        </testcase>
        <testcase classname="src/test/security/privilege-escalation.test.ts" name="Privilege Escalation - Security Regression Tests &gt; Role validation &gt; site roles are restricted to admin and staff only" time="0.001702635">
        </testcase>
        <testcase classname="src/test/security/privilege-escalation.test.ts" name="Privilege Escalation - Security Regression Tests &gt; Role validation &gt; custom role keys cannot masquerade as system roles" time="0.000507993">
        </testcase>
        <testcase classname="src/test/security/privilege-escalation.test.ts" name="Privilege Escalation - Security Regression Tests &gt; Self-modification prevention &gt; user cannot delete themselves" time="0.000153231">
        </testcase>
        <testcase classname="src/test/security/privilege-escalation.test.ts" name="Privilege Escalation - Security Regression Tests &gt; Tenant isolation &gt; operations require tenant context" time="0.000148223">
        </testcase>
        <testcase classname="src/test/security/privilege-escalation.test.ts" name="Privilege Escalation - Security Regression Tests &gt; Tenant isolation &gt; tenant IDs must be valid UUIDs" time="0.000448431">
        </testcase>
    </testsuite>
    <testsuite name="src/test/security/public-booking-response-headers.test.ts" timestamp="2026-09-17T13:35:53.789Z" hostname="sandbox-pool-7fb46484d8-hq4cn" tests="21" failures="0" errors="0" skipped="0" time="0.014631387">
        <testcase classname="src/test/security/public-booking-response-headers.test.ts" name="public-booking — every Response spreads shared headers &gt; imports the shared headers module (single source of truth)" time="0.002302787">
        </testcase>
        <testcase classname="src/test/security/public-booking-response-headers.test.ts" name="public-booking — every Response spreads shared headers &gt; discovered at least one Response site (sanity)" time="0.000410417">
        </testcase>
        <testcase classname="src/test/security/public-booking-response-headers.test.ts" name="public-booking — every Response spreads shared headers &gt; Response at L58 &gt; spreads corsHeaders (or the rebound cors parameter)" time="0.000412499">
        </testcase>
        <testcase classname="src/test/security/public-booking-response-headers.test.ts" name="public-booking — every Response spreads shared headers &gt; Response at L58 &gt; declares Content-Type when returning a JSON body" time="0.000446472">
        </testcase>
        <testcase classname="src/test/security/public-booking-response-headers.test.ts" name="public-booking — every Response spreads shared headers &gt; Response at L235 &gt; spreads corsHeaders (or the rebound cors parameter)" time="0.00031995">
        </testcase>
        <testcase classname="src/test/security/public-booking-response-headers.test.ts" name="public-booking — every Response spreads shared headers &gt; Response at L235 &gt; declares Content-Type when returning a JSON body" time="0.000461338">
        </testcase>
        <testcase classname="src/test/security/public-booking-response-headers.test.ts" name="public-booking — every Response spreads shared headers &gt; Response at L243 &gt; spreads corsHeaders (or the rebound cors parameter)" time="0.000185571">
        </testcase>
        <testcase classname="src/test/security/public-booking-response-headers.test.ts" name="public-booking — every Response spreads shared headers &gt; Response at L243 &gt; declares Content-Type when returning a JSON body" time="0.000388991">
        </testcase>
        <testcase classname="src/test/security/public-booking-response-headers.test.ts" name="public-booking — every Response spreads shared headers &gt; Response at L275 &gt; spreads corsHeaders (or the rebound cors parameter)" time="0.000516159">
        </testcase>
        <testcase classname="src/test/security/public-booking-response-headers.test.ts" name="public-booking — every Response spreads shared headers &gt; Response at L275 &gt; declares Content-Type when returning a JSON body" time="0.000376016">
        </testcase>
        <testcase classname="src/test/security/public-booking-response-headers.test.ts" name="public-booking — every Response spreads shared headers &gt; Response at L330 &gt; spreads corsHeaders (or the rebound cors parameter)" time="0.000750502">
        </testcase>
        <testcase classname="src/test/security/public-booking-response-headers.test.ts" name="public-booking — every Response spreads shared headers &gt; Response at L330 &gt; declares Content-Type when returning a JSON body" time="0.000474773">
        </testcase>
        <testcase classname="src/test/security/public-booking-response-headers.test.ts" name="public-booking — every Response spreads shared headers &gt; Response at L364 &gt; spreads corsHeaders (or the rebound cors parameter)" time="0.000605744">
        </testcase>
        <testcase classname="src/test/security/public-booking-response-headers.test.ts" name="public-booking — every Response spreads shared headers &gt; Response at L364 &gt; declares Content-Type when returning a JSON body" time="0.000154246">
        </testcase>
        <testcase classname="src/test/security/public-booking-response-headers.test.ts" name="public-booking — every Response spreads shared headers &gt; Response at L578 &gt; spreads corsHeaders (or the rebound cors parameter)" time="0.000181881">
        </testcase>
        <testcase classname="src/test/security/public-booking-response-headers.test.ts" name="public-booking — every Response spreads shared headers &gt; Response at L578 &gt; declares Content-Type when returning a JSON body" time="0.00012137">
        </testcase>
        <testcase classname="src/test/security/public-booking-response-headers.test.ts" name="public-booking — every Response spreads shared headers &gt; Response at L1111 &gt; spreads corsHeaders (or the rebound cors parameter)" time="0.000286917">
        </testcase>
        <testcase classname="src/test/security/public-booking-response-headers.test.ts" name="public-booking — every Response spreads shared headers &gt; Response at L1111 &gt; declares Content-Type when returning a JSON body" time="0.000148546">
        </testcase>
        <testcase classname="src/test/security/public-booking-response-headers.test.ts" name="public-booking — every Response spreads shared headers &gt; Response at L1139 &gt; spreads corsHeaders (or the rebound cors parameter)" time="0.000175399">
        </testcase>
        <testcase classname="src/test/security/public-booking-response-headers.test.ts" name="public-booking — every Response spreads shared headers &gt; Response at L1139 &gt; declares Content-Type when returning a JSON body" time="0.000155254">
        </testcase>
        <testcase classname="src/test/security/public-booking-response-headers.test.ts" name="public-booking — every Response spreads shared headers &gt; every error-path Response (status &gt;= 400) is covered by the spread check" time="0.001486412">
        </testcase>
    </testsuite>
    <testsuite name="src/test/security/rate-limiting.test.ts" timestamp="2026-09-17T13:35:53.799Z" hostname="sandbox-pool-7fb46484d8-hq4cn" tests="6" failures="0" errors="0" skipped="0" time="0.013379618">
        <testcase classname="src/test/security/rate-limiting.test.ts" name="Rate Limiting - Security Regression Tests &gt; allows requests within limit" time="0.003406029">
        </testcase>
        <testcase classname="src/test/security/rate-limiting.test.ts" name="Rate Limiting - Security Regression Tests &gt; blocks requests exceeding limit" time="0.000596212">
        </testcase>
        <testcase classname="src/test/security/rate-limiting.test.ts" name="Rate Limiting - Security Regression Tests &gt; tracks different IPs independently" time="0.000289305">
        </testcase>
        <testcase classname="src/test/security/rate-limiting.test.ts" name="Rate Limiting - Security Regression Tests &gt; resets after window expires" time="0.005431278">
        </testcase>
        <testcase classname="src/test/security/rate-limiting.test.ts" name="Rate Limiting - Security Regression Tests &gt; public-booking has stricter limits than admin endpoints" time="0.000277127">
        </testcase>
        <testcase classname="src/test/security/rate-limiting.test.ts" name="Rate Limiting - Security Regression Tests &gt; support-chat has moderate limits" time="0.000186902">
        </testcase>
    </testsuite>
    <testsuite name="src/test/security/safe-yaml.test.ts" timestamp="2026-09-17T13:35:53.805Z" hostname="sandbox-pool-7fb46484d8-hq4cn" tests="10" failures="0" errors="0" skipped="0" time="0.019022592">
        <testcase classname="src/test/security/safe-yaml.test.ts" name="safeLoadYaml &gt; parses normal YAML and returns the value" time="0.006528415">
        </testcase>
        <testcase classname="src/test/security/safe-yaml.test.ts" name="safeLoadYaml &gt; rejects input larger than maxBytes" time="0.001130227">
        </testcase>
        <testcase classname="src/test/security/safe-yaml.test.ts" name="safeLoadYaml &gt; rejects input with too many alias references" time="0.001795138">
        </testcase>
        <testcase classname="src/test/security/safe-yaml.test.ts" name="safeLoadYaml &gt; rejects input with too many anchors" time="0.000651149">
        </testcase>
        <testcase classname="src/test/security/safe-yaml.test.ts" name="safeLoadYaml &gt; rejects input with too many merge keys" time="0.000592128">
        </testcase>
        <testcase classname="src/test/security/safe-yaml.test.ts" name="safeLoadYaml &gt; rejects structures deeper than maxDepth" time="0.001673999">
        </testcase>
        <testcase classname="src/test/security/safe-yaml.test.ts" name="safeLoadYaml &gt; ignores anchor-like sequences inside quoted strings" time="0.000678714">
        </testcase>
        <testcase classname="src/test/security/safe-yaml.test.ts" name="safeLoadYaml &gt; wraps js-yaml syntax errors as YamlGuardError with code parse_error" time="0.001322711">
        </testcase>
        <testcase classname="src/test/security/safe-yaml.test.ts" name="safeLoadYaml &gt; includes the source label in errors when provided" time="0.000631251">
        </testcase>
        <testcase classname="src/test/security/safe-yaml.test.ts" name="safeLoadYaml &gt; blocks the CVE-2026-53550 merge-bomb shape via the alias cap" time="0.001155351">
        </testcase>
    </testsuite>
    <testsuite name="src/test/security/sql-injection.test.ts" timestamp="2026-09-17T13:35:53.812Z" hostname="sandbox-pool-7fb46484d8-hq4cn" tests="21" failures="0" errors="0" skipped="0" time="0.019722893">
        <testcase classname="src/test/security/sql-injection.test.ts" name="SQL Injection Prevention - Security Regression Tests &gt; UUID parameter injection &gt; rejects UUID injection: &apos;; DROP TABLE users;--..." time="0.00221853">
        </testcase>
        <testcase classname="src/test/security/sql-injection.test.ts" name="SQL Injection Prevention - Security Regression Tests &gt; UUID parameter injection &gt; rejects UUID injection: 1 OR 1=1..." time="0.000422112">
        </testcase>
        <testcase classname="src/test/security/sql-injection.test.ts" name="SQL Injection Prevention - Security Regression Tests &gt; UUID parameter injection &gt; rejects UUID injection: &apos; UNION SELECT * FROM auth.use..." time="0.000169095">
        </testcase>
        <testcase classname="src/test/security/sql-injection.test.ts" name="SQL Injection Prevention - Security Regression Tests &gt; UUID parameter injection &gt; rejects UUID injection: 1; DELETE FROM tenants;..." time="0.000573743">
        </testcase>
        <testcase classname="src/test/security/sql-injection.test.ts" name="SQL Injection Prevention - Security Regression Tests &gt; UUID parameter injection &gt; rejects UUID injection: &apos; OR &apos;&apos;=&apos;..." time="0.000230909">
        </testcase>
        <testcase classname="src/test/security/sql-injection.test.ts" name="SQL Injection Prevention - Security Regression Tests &gt; UUID parameter injection &gt; rejects UUID injection: admin&apos;--..." time="0.000217866">
        </testcase>
        <testcase classname="src/test/security/sql-injection.test.ts" name="SQL Injection Prevention - Security Regression Tests &gt; UUID parameter injection &gt; rejects UUID injection: 1&apos; AND (SELECT COUNT(*) FROM a..." time="0.000155409">
        </testcase>
        <testcase classname="src/test/security/sql-injection.test.ts" name="SQL Injection Prevention - Security Regression Tests &gt; UUID parameter injection &gt; rejects UUID injection: {{constructor.constructor(&apos;ret..." time="0.000122601">
        </testcase>
        <testcase classname="src/test/security/sql-injection.test.ts" name="SQL Injection Prevention - Security Regression Tests &gt; Email parameter injection &gt; rejects email injection: admin@example.com&apos; OR &apos;1&apos;=&apos;1..." time="0.00064644">
        </testcase>
        <testcase classname="src/test/security/sql-injection.test.ts" name="SQL Injection Prevention - Security Regression Tests &gt; Email parameter injection &gt; rejects email injection: &apos;; DROP TABLE--@x.com..." time="0.000356497">
        </testcase>
        <testcase classname="src/test/security/sql-injection.test.ts" name="SQL Injection Prevention - Security Regression Tests &gt; Email parameter injection &gt; rejects email injection: user@example.com&quot;; DELETE FROM..." time="0.001015082">
        </testcase>
        <testcase classname="src/test/security/sql-injection.test.ts" name="SQL Injection Prevention - Security Regression Tests &gt; Email parameter injection &gt; rejects email injection: user@ex.com&apos; UNION SELECT pass..." time="0.00234309">
        </testcase>
        <testcase classname="src/test/security/sql-injection.test.ts" name="SQL Injection Prevention - Security Regression Tests &gt; Role parameter injection &gt; rejects role injection: admin&apos;; DROP TABLE--..." time="0.004069267">
        </testcase>
        <testcase classname="src/test/security/sql-injection.test.ts" name="SQL Injection Prevention - Security Regression Tests &gt; Role parameter injection &gt; rejects role injection: staff OR 1=1..." time="0.000096922">
        </testcase>
        <testcase classname="src/test/security/sql-injection.test.ts" name="SQL Injection Prevention - Security Regression Tests &gt; Role parameter injection &gt; rejects role injection: owner; DELETE FROM tenants..." time="0.000045537">
        </testcase>
        <testcase classname="src/test/security/sql-injection.test.ts" name="SQL Injection Prevention - Security Regression Tests &gt; Role parameter injection &gt; rejects role injection: &apos; UNION SELECT--..." time="0.000059945">
        </testcase>
        <testcase classname="src/test/security/sql-injection.test.ts" name="SQL Injection Prevention - Security Regression Tests &gt; Role parameter injection &gt; rejects role injection: ../../../etc/passwd..." time="0.000040291">
        </testcase>
        <testcase classname="src/test/security/sql-injection.test.ts" name="SQL Injection Prevention - Security Regression Tests &gt; Parameterized query patterns &gt; Supabase SDK uses parameterized queries by default" time="0.000312103">
        </testcase>
        <testcase classname="src/test/security/sql-injection.test.ts" name="SQL Injection Prevention - Security Regression Tests &gt; Parameterized query patterns &gt; no string concatenation in query building" time="0.000129874">
        </testcase>
        <testcase classname="src/test/security/sql-injection.test.ts" name="SQL Injection Prevention - Security Regression Tests &gt; Batch operation limits &gt; bulk operations have size limits" time="0.000161357">
        </testcase>
        <testcase classname="src/test/security/sql-injection.test.ts" name="SQL Injection Prevention - Security Regression Tests &gt; Batch operation limits &gt; each item in batch is individually validated" time="0.000735096">
        </testcase>
    </testsuite>
    <testsuite name="src/test/security/xss-prevention.test.ts" timestamp="2026-09-17T13:35:53.820Z" hostname="sandbox-pool-7fb46484d8-hq4cn" tests="8" failures="0" errors="0" skipped="0" time="0.118169787">
        <testcase classname="src/test/security/xss-prevention.test.ts" name="XSS Prevention - Security Regression Tests &gt; DOMPurify sanitization &gt; strips script tags" time="0.041261967">
        </testcase>
        <testcase classname="src/test/security/xss-prevention.test.ts" name="XSS Prevention - Security Regression Tests &gt; DOMPurify sanitization &gt; strips event handlers" time="0.006546867">
        </testcase>
        <testcase classname="src/test/security/xss-prevention.test.ts" name="XSS Prevention - Security Regression Tests &gt; DOMPurify sanitization &gt; strips javascript: URLs" time="0.00340306">
        </testcase>
        <testcase classname="src/test/security/xss-prevention.test.ts" name="XSS Prevention - Security Regression Tests &gt; DOMPurify sanitization &gt; strips dangerous data: URIs when using ALLOWED_URI_REGEXP" time="0.002555983">
        </testcase>
        <testcase classname="src/test/security/xss-prevention.test.ts" name="XSS Prevention - Security Regression Tests &gt; DOMPurify sanitization &gt; strips iframe tags" time="0.004345611">
        </testcase>
        <testcase classname="src/test/security/xss-prevention.test.ts" name="XSS Prevention - Security Regression Tests &gt; DOMPurify sanitization &gt; preserves safe HTML" time="0.002584403">
        </testcase>
        <testcase classname="src/test/security/xss-prevention.test.ts" name="XSS Prevention - Security Regression Tests &gt; DOMPurify sanitization &gt; strips SVG-based XSS" time="0.004634673">
        </testcase>
        <testcase classname="src/test/security/xss-prevention.test.ts" name="XSS Prevention - Security Regression Tests &gt; DOMPurify sanitization &gt; strips inline styles when FORBID_ATTR is used" time="0.045955929">
        </testcase>
    </testsuite>
</testsuites>
