<testsuites id="" name="" tests="99" failures="0" skipped="14" errors="24" time="31.702434">
<testsuite name="cross-booking-same-guest.spec.ts" timestamp="2026-09-17T14:40:27.518Z" hostname="chromium" tests="2" failures="0" skipped="0" time="0.02" errors="2">
<testcase name="Cross-booking: same guest, multiple resources/services › public booking page for the test tenant loads" classname="cross-booking-same-guest.spec.ts" time="0.013">
<system-out>
<![CDATA[
[[ATTACHMENT|../../test-results/cross-booking-same-guest-C-53650-e-for-the-test-tenant-loads-chromium/error-context.md]]

[[ATTACHMENT|../../test-results/cross-booking-same-guest-C-53650-e-for-the-test-tenant-loads-chromium/trace.zip]]
]]>
</system-out>
<system-err>
<![CDATA[Skipping host requirements validation logic because `PLAYWRIGHT_SKIP_VALIDATE_HOST_REQUIREMENTS` env variable is set.
]]>
</system-err>
<error message="browserType.launch: Target page, context or browser has been closed" type="Error">
<![CDATA[  [chromium] › cross-booking-same-guest.spec.ts:524:3 › Cross-booking: same guest, multiple resources/services › public booking page for the test tenant loads 

    Error: browserType.launch: Target page, context or browser has been closed
    Browser logs:

    <launching> /opt/ms-playwright/chromium_headless_shell-1234/chrome-headless-shell-linux64/chrome-headless-shell --disable-field-trial-config --disable-background-networking --disable-background-timer-throttling --disable-backgrounding-occluded-windows --disable-back-forward-cache --disable-breakpad --disable-client-side-phishing-detection --disable-component-extensions-with-background-pages --disable-component-update --no-default-browser-check --disable-default-apps --disable-dev-shm-usage --disable-edgeupdater --disable-extensions --disable-features=AvoidUnnecessaryBeforeUnloadCheckSync,BoundaryEventDispatchTracksNodeRemoval,DestroyProfileOnBrowserClose,DialMediaRouteProvider,GlobalMediaControls,HttpsUpgrades,LensOverlay,MediaRouter,PaintHolding,ThirdPartyStoragePartitioning,BlockOriginHeaderModificationOnRedirect,Translate,AutoDeElevate,OptimizationHints,msForceBrowserSignIn,msEdgeUpdateLaunchServicesPreferredVersion --enable-features=CDPScreenshotNewSurface --allow-pre-commit-input --disable-hang-monitor --disable-ipc-flooding-protection --disable-popup-blocking --disable-prompt-on-repost --disable-renderer-backgrounding --disable-updater-scheduler --force-color-profile=srgb --metrics-recording-only --no-first-run --password-store=basic --use-mock-keychain --no-service-autorun --export-tagged-pdf --disable-search-engine-choice-screen --unsafely-disable-devtools-self-xss-warnings --edge-skip-compat-layer-relaunch --disable-infobars --disable-search-engine-choice-screen --disable-sync --enable-unsafe-swiftshader --headless --hide-scrollbars --mute-audio --blink-settings=primaryHoverType=2,availableHoverTypes=2,primaryPointerType=4,availablePointerTypes=4 --no-sandbox --user-data-dir=/tmp/playwright_chromiumdev_profile-SQ85JA --remote-debugging-pipe --no-startup-window
    <launched> pid=43488
    [pid=43488][err] /opt/ms-playwright/chromium_headless_shell-1234/chrome-headless-shell-linux64/chrome-headless-shell: error while loading shared libraries: libglib-2.0.so.0: cannot open shared object file: No such file or directory
    Call log:
      - <launching> /opt/ms-playwright/chromium_headless_shell-1234/chrome-headless-shell-linux64/chrome-headless-shell --disable-field-trial-config --disable-background-networking --disable-background-timer-throttling --disable-backgrounding-occluded-windows --disable-back-forward-cache --disable-breakpad --disable-client-side-phishing-detection --disable-component-extensions-with-background-pages --disable-component-update --no-default-browser-check --disable-default-apps --disable-dev-shm-usage --disable-edgeupdater --disable-extensions --disable-features=AvoidUnnecessaryBeforeUnloadCheckSync,BoundaryEventDispatchTracksNodeRemoval,DestroyProfileOnBrowserClose,DialMediaRouteProvider,GlobalMediaControls,HttpsUpgrades,LensOverlay,MediaRouter,PaintHolding,ThirdPartyStoragePartitioning,BlockOriginHeaderModificationOnRedirect,Translate,AutoDeElevate,OptimizationHints,msForceBrowserSignIn,msEdgeUpdateLaunchServicesPreferredVersion --enable-features=CDPScreenshotNewSurface --allow-pre-commit-input --disable-hang-monitor --disable-ipc-flooding-protection --disable-popup-blocking --disable-prompt-on-repost --disable-renderer-backgrounding --disable-updater-scheduler --force-color-profile=srgb --metrics-recording-only --no-first-run --password-store=basic --use-mock-keychain --no-service-autorun --export-tagged-pdf --disable-search-engine-choice-screen --unsafely-disable-devtools-self-xss-warnings --edge-skip-compat-layer-relaunch --disable-infobars --disable-search-engine-choice-screen --disable-sync --enable-unsafe-swiftshader --headless --hide-scrollbars --mute-audio --blink-settings=primaryHoverType=2,availableHoverTypes=2,primaryPointerType=4,availablePointerTypes=4 --no-sandbox --user-data-dir=/tmp/playwright_chromiumdev_profile-SQ85JA --remote-debugging-pipe --no-startup-window
      - <launched> pid=43488
      - [pid=43488][err] /opt/ms-playwright/chromium_headless_shell-1234/chrome-headless-shell-linux64/chrome-headless-shell: error while loading shared libraries: libglib-2.0.so.0: cannot open shared object file: No such file or directory
      - [pid=43488] <gracefully close start>
      - [pid=43488] <kill>
      - [pid=43488] <will force kill>
      - [pid=43488] exception while trying to kill process: Error: kill ESRCH
      - [pid=43488] <process did exit: exitCode=127, signal=null>
      - [pid=43488] starting temporary directories cleanup
      - [pid=43488] finished temporary directories cleanup
      - [pid=43488] <gracefully close end>


    Error Context: ../test-results/cross-booking-same-guest-C-53650-e-for-the-test-tenant-loads-chromium/error-context.md

    attachment #2: trace (application/zip) ─────────────────────────────────────────────────────────
    ../test-results/cross-booking-same-guest-C-53650-e-for-the-test-tenant-loads-chromium/trace.zip
    Usage:

        npx playwright show-trace ../test-results/cross-booking-same-guest-C-53650-e-for-the-test-tenant-loads-chromium/trace.zip

    ────────────────────────────────────────────────────────────────────────────────────────────────
]]>
</error>
</testcase>
<testcase name="Cross-booking: same guest, multiple resources/services › creates restaurant + guesthouse + venue reservations for the same guest" classname="cross-booking-same-guest.spec.ts" time="0.007">
<system-out>
<![CDATA[
[[ATTACHMENT|../../test-results/cross-booking-same-guest-C-af4ac-rvations-for-the-same-guest-chromium/error-context.md]]

[[ATTACHMENT|../../test-results/cross-booking-same-guest-C-af4ac-rvations-for-the-same-guest-chromium/trace.zip]]
]]>
</system-out>
<system-err>
<![CDATA[Skipping host requirements validation logic because `PLAYWRIGHT_SKIP_VALIDATE_HOST_REQUIREMENTS` env variable is set.
]]>
</system-err>
<error message="browserType.launch: Target page, context or browser has been closed" type="Error">
<![CDATA[  [chromium] › cross-booking-same-guest.spec.ts:534:3 › Cross-booking: same guest, multiple resources/services › creates restaurant + guesthouse + venue reservations for the same guest 

    Error: browserType.launch: Target page, context or browser has been closed
    Browser logs:

    <launching> /opt/ms-playwright/chromium_headless_shell-1234/chrome-headless-shell-linux64/chrome-headless-shell --disable-field-trial-config --disable-background-networking --disable-background-timer-throttling --disable-backgrounding-occluded-windows --disable-back-forward-cache --disable-breakpad --disable-client-side-phishing-detection --disable-component-extensions-with-background-pages --disable-component-update --no-default-browser-check --disable-default-apps --disable-dev-shm-usage --disable-edgeupdater --disable-extensions --disable-features=AvoidUnnecessaryBeforeUnloadCheckSync,BoundaryEventDispatchTracksNodeRemoval,DestroyProfileOnBrowserClose,DialMediaRouteProvider,GlobalMediaControls,HttpsUpgrades,LensOverlay,MediaRouter,PaintHolding,ThirdPartyStoragePartitioning,BlockOriginHeaderModificationOnRedirect,Translate,AutoDeElevate,OptimizationHints,msForceBrowserSignIn,msEdgeUpdateLaunchServicesPreferredVersion --enable-features=CDPScreenshotNewSurface --allow-pre-commit-input --disable-hang-monitor --disable-ipc-flooding-protection --disable-popup-blocking --disable-prompt-on-repost --disable-renderer-backgrounding --disable-updater-scheduler --force-color-profile=srgb --metrics-recording-only --no-first-run --password-store=basic --use-mock-keychain --no-service-autorun --export-tagged-pdf --disable-search-engine-choice-screen --unsafely-disable-devtools-self-xss-warnings --edge-skip-compat-layer-relaunch --disable-infobars --disable-search-engine-choice-screen --disable-sync --enable-unsafe-swiftshader --headless --hide-scrollbars --mute-audio --blink-settings=primaryHoverType=2,availableHoverTypes=2,primaryPointerType=4,availablePointerTypes=4 --no-sandbox --user-data-dir=/tmp/playwright_chromiumdev_profile-PtF8t1 --remote-debugging-pipe --no-startup-window
    <launched> pid=43490
    [pid=43490][err] /opt/ms-playwright/chromium_headless_shell-1234/chrome-headless-shell-linux64/chrome-headless-shell: error while loading shared libraries: libglib-2.0.so.0: cannot open shared object file: No such file or directory
    Call log:
      - <launching> /opt/ms-playwright/chromium_headless_shell-1234/chrome-headless-shell-linux64/chrome-headless-shell --disable-field-trial-config --disable-background-networking --disable-background-timer-throttling --disable-backgrounding-occluded-windows --disable-back-forward-cache --disable-breakpad --disable-client-side-phishing-detection --disable-component-extensions-with-background-pages --disable-component-update --no-default-browser-check --disable-default-apps --disable-dev-shm-usage --disable-edgeupdater --disable-extensions --disable-features=AvoidUnnecessaryBeforeUnloadCheckSync,BoundaryEventDispatchTracksNodeRemoval,DestroyProfileOnBrowserClose,DialMediaRouteProvider,GlobalMediaControls,HttpsUpgrades,LensOverlay,MediaRouter,PaintHolding,ThirdPartyStoragePartitioning,BlockOriginHeaderModificationOnRedirect,Translate,AutoDeElevate,OptimizationHints,msForceBrowserSignIn,msEdgeUpdateLaunchServicesPreferredVersion --enable-features=CDPScreenshotNewSurface --allow-pre-commit-input --disable-hang-monitor --disable-ipc-flooding-protection --disable-popup-blocking --disable-prompt-on-repost --disable-renderer-backgrounding --disable-updater-scheduler --force-color-profile=srgb --metrics-recording-only --no-first-run --password-store=basic --use-mock-keychain --no-service-autorun --export-tagged-pdf --disable-search-engine-choice-screen --unsafely-disable-devtools-self-xss-warnings --edge-skip-compat-layer-relaunch --disable-infobars --disable-search-engine-choice-screen --disable-sync --enable-unsafe-swiftshader --headless --hide-scrollbars --mute-audio --blink-settings=primaryHoverType=2,availableHoverTypes=2,primaryPointerType=4,availablePointerTypes=4 --no-sandbox --user-data-dir=/tmp/playwright_chromiumdev_profile-PtF8t1 --remote-debugging-pipe --no-startup-window
      - <launched> pid=43490
      - [pid=43490][err] /opt/ms-playwright/chromium_headless_shell-1234/chrome-headless-shell-linux64/chrome-headless-shell: error while loading shared libraries: libglib-2.0.so.0: cannot open shared object file: No such file or directory
      - [pid=43490] <gracefully close start>
      - [pid=43490] <kill>
      - [pid=43490] <will force kill>
      - [pid=43490] exception while trying to kill process: Error: kill ESRCH
      - [pid=43490] <process did exit: exitCode=127, signal=null>
      - [pid=43490] starting temporary directories cleanup
      - [pid=43490] finished temporary directories cleanup
      - [pid=43490] <gracefully close end>


    Error Context: ../test-results/cross-booking-same-guest-C-af4ac-rvations-for-the-same-guest-chromium/error-context.md

    attachment #2: trace (application/zip) ─────────────────────────────────────────────────────────
    ../test-results/cross-booking-same-guest-C-af4ac-rvations-for-the-same-guest-chromium/trace.zip
    Usage:

        npx playwright show-trace ../test-results/cross-booking-same-guest-C-af4ac-rvations-for-the-same-guest-chromium/trace.zip

    ────────────────────────────────────────────────────────────────────────────────────────────────
]]>
</error>
</testcase>
</testsuite>
<testsuite name="dashboard-reservations.spec.ts" timestamp="2026-09-17T14:40:27.518Z" hostname="chromium" tests="2" failures="0" skipped="0" time="0.015" errors="2">
<testcase name="Dashboard reservations route › redirects unauthenticated users away from /dashboard" classname="dashboard-reservations.spec.ts" time="0.009">
<system-out>
<![CDATA[
[[ATTACHMENT|../../test-results/dashboard-reservations-Das-ca565-d-users-away-from-dashboard-chromium/error-context.md]]

[[ATTACHMENT|../../test-results/dashboard-reservations-Das-ca565-d-users-away-from-dashboard-chromium/trace.zip]]
]]>
</system-out>
<system-err>
<![CDATA[Skipping host requirements validation logic because `PLAYWRIGHT_SKIP_VALIDATE_HOST_REQUIREMENTS` env variable is set.
]]>
</system-err>
<error message="browserType.launch: Target page, context or browser has been closed" type="Error">
<![CDATA[  [chromium] › dashboard-reservations.spec.ts:4:3 › Dashboard reservations route › redirects unauthenticated users away from /dashboard 

    Error: browserType.launch: Target page, context or browser has been closed
    Browser logs:

    <launching> /opt/ms-playwright/chromium_headless_shell-1234/chrome-headless-shell-linux64/chrome-headless-shell --disable-field-trial-config --disable-background-networking --disable-background-timer-throttling --disable-backgrounding-occluded-windows --disable-back-forward-cache --disable-breakpad --disable-client-side-phishing-detection --disable-component-extensions-with-background-pages --disable-component-update --no-default-browser-check --disable-default-apps --disable-dev-shm-usage --disable-edgeupdater --disable-extensions --disable-features=AvoidUnnecessaryBeforeUnloadCheckSync,BoundaryEventDispatchTracksNodeRemoval,DestroyProfileOnBrowserClose,DialMediaRouteProvider,GlobalMediaControls,HttpsUpgrades,LensOverlay,MediaRouter,PaintHolding,ThirdPartyStoragePartitioning,BlockOriginHeaderModificationOnRedirect,Translate,AutoDeElevate,OptimizationHints,msForceBrowserSignIn,msEdgeUpdateLaunchServicesPreferredVersion --enable-features=CDPScreenshotNewSurface --allow-pre-commit-input --disable-hang-monitor --disable-ipc-flooding-protection --disable-popup-blocking --disable-prompt-on-repost --disable-renderer-backgrounding --disable-updater-scheduler --force-color-profile=srgb --metrics-recording-only --no-first-run --password-store=basic --use-mock-keychain --no-service-autorun --export-tagged-pdf --disable-search-engine-choice-screen --unsafely-disable-devtools-self-xss-warnings --edge-skip-compat-layer-relaunch --disable-infobars --disable-search-engine-choice-screen --disable-sync --enable-unsafe-swiftshader --headless --hide-scrollbars --mute-audio --blink-settings=primaryHoverType=2,availableHoverTypes=2,primaryPointerType=4,availablePointerTypes=4 --no-sandbox --user-data-dir=/tmp/playwright_chromiumdev_profile-XTzrOx --remote-debugging-pipe --no-startup-window
    <launched> pid=43441
    [pid=43441][err] /opt/ms-playwright/chromium_headless_shell-1234/chrome-headless-shell-linux64/chrome-headless-shell: error while loading shared libraries: libglib-2.0.so.0: cannot open shared object file: No such file or directory
    Call log:
      - <launching> /opt/ms-playwright/chromium_headless_shell-1234/chrome-headless-shell-linux64/chrome-headless-shell --disable-field-trial-config --disable-background-networking --disable-background-timer-throttling --disable-backgrounding-occluded-windows --disable-back-forward-cache --disable-breakpad --disable-client-side-phishing-detection --disable-component-extensions-with-background-pages --disable-component-update --no-default-browser-check --disable-default-apps --disable-dev-shm-usage --disable-edgeupdater --disable-extensions --disable-features=AvoidUnnecessaryBeforeUnloadCheckSync,BoundaryEventDispatchTracksNodeRemoval,DestroyProfileOnBrowserClose,DialMediaRouteProvider,GlobalMediaControls,HttpsUpgrades,LensOverlay,MediaRouter,PaintHolding,ThirdPartyStoragePartitioning,BlockOriginHeaderModificationOnRedirect,Translate,AutoDeElevate,OptimizationHints,msForceBrowserSignIn,msEdgeUpdateLaunchServicesPreferredVersion --enable-features=CDPScreenshotNewSurface --allow-pre-commit-input --disable-hang-monitor --disable-ipc-flooding-protection --disable-popup-blocking --disable-prompt-on-repost --disable-renderer-backgrounding --disable-updater-scheduler --force-color-profile=srgb --metrics-recording-only --no-first-run --password-store=basic --use-mock-keychain --no-service-autorun --export-tagged-pdf --disable-search-engine-choice-screen --unsafely-disable-devtools-self-xss-warnings --edge-skip-compat-layer-relaunch --disable-infobars --disable-search-engine-choice-screen --disable-sync --enable-unsafe-swiftshader --headless --hide-scrollbars --mute-audio --blink-settings=primaryHoverType=2,availableHoverTypes=2,primaryPointerType=4,availablePointerTypes=4 --no-sandbox --user-data-dir=/tmp/playwright_chromiumdev_profile-XTzrOx --remote-debugging-pipe --no-startup-window
      - <launched> pid=43441
      - [pid=43441][err] /opt/ms-playwright/chromium_headless_shell-1234/chrome-headless-shell-linux64/chrome-headless-shell: error while loading shared libraries: libglib-2.0.so.0: cannot open shared object file: No such file or directory
      - [pid=43441] <gracefully close start>
      - [pid=43441] <kill>
      - [pid=43441] <will force kill>
      - [pid=43441] exception while trying to kill process: Error: kill ESRCH
      - [pid=43441] <process did exit: exitCode=127, signal=null>
      - [pid=43441] starting temporary directories cleanup
      - [pid=43441] finished temporary directories cleanup
      - [pid=43441] <gracefully close end>


    Error Context: ../test-results/dashboard-reservations-Das-ca565-d-users-away-from-dashboard-chromium/error-context.md

    attachment #2: trace (application/zip) ─────────────────────────────────────────────────────────
    ../test-results/dashboard-reservations-Das-ca565-d-users-away-from-dashboard-chromium/trace.zip
    Usage:

        npx playwright show-trace ../test-results/dashboard-reservations-Das-ca565-d-users-away-from-dashboard-chromium/trace.zip

    ────────────────────────────────────────────────────────────────────────────────────────────────
]]>
</error>
</testcase>
<testcase name="Dashboard reservations route › login page exposes the email/password fields used to reach dashboard" classname="dashboard-reservations.spec.ts" time="0.006">
<system-out>
<![CDATA[
[[ATTACHMENT|../../test-results/dashboard-reservations-Das-0ae16-lds-used-to-reach-dashboard-chromium/error-context.md]]

[[ATTACHMENT|../../test-results/dashboard-reservations-Das-0ae16-lds-used-to-reach-dashboard-chromium/trace.zip]]
]]>
</system-out>
<system-err>
<![CDATA[Skipping host requirements validation logic because `PLAYWRIGHT_SKIP_VALIDATE_HOST_REQUIREMENTS` env variable is set.
]]>
</system-err>
<error message="browserType.launch: Target page, context or browser has been closed" type="Error">
<![CDATA[  [chromium] › dashboard-reservations.spec.ts:11:3 › Dashboard reservations route › login page exposes the email/password fields used to reach dashboard 

    Error: browserType.launch: Target page, context or browser has been closed
    Browser logs:

    <launching> /opt/ms-playwright/chromium_headless_shell-1234/chrome-headless-shell-linux64/chrome-headless-shell --disable-field-trial-config --disable-background-networking --disable-background-timer-throttling --disable-backgrounding-occluded-windows --disable-back-forward-cache --disable-breakpad --disable-client-side-phishing-detection --disable-component-extensions-with-background-pages --disable-component-update --no-default-browser-check --disable-default-apps --disable-dev-shm-usage --disable-edgeupdater --disable-extensions --disable-features=AvoidUnnecessaryBeforeUnloadCheckSync,BoundaryEventDispatchTracksNodeRemoval,DestroyProfileOnBrowserClose,DialMediaRouteProvider,GlobalMediaControls,HttpsUpgrades,LensOverlay,MediaRouter,PaintHolding,ThirdPartyStoragePartitioning,BlockOriginHeaderModificationOnRedirect,Translate,AutoDeElevate,OptimizationHints,msForceBrowserSignIn,msEdgeUpdateLaunchServicesPreferredVersion --enable-features=CDPScreenshotNewSurface --allow-pre-commit-input --disable-hang-monitor --disable-ipc-flooding-protection --disable-popup-blocking --disable-prompt-on-repost --disable-renderer-backgrounding --disable-updater-scheduler --force-color-profile=srgb --metrics-recording-only --no-first-run --password-store=basic --use-mock-keychain --no-service-autorun --export-tagged-pdf --disable-search-engine-choice-screen --unsafely-disable-devtools-self-xss-warnings --edge-skip-compat-layer-relaunch --disable-infobars --disable-search-engine-choice-screen --disable-sync --enable-unsafe-swiftshader --headless --hide-scrollbars --mute-audio --blink-settings=primaryHoverType=2,availableHoverTypes=2,primaryPointerType=4,availablePointerTypes=4 --no-sandbox --user-data-dir=/tmp/playwright_chromiumdev_profile-8MBHVc --remote-debugging-pipe --no-startup-window
    <launched> pid=43449
    [pid=43449][err] /opt/ms-playwright/chromium_headless_shell-1234/chrome-headless-shell-linux64/chrome-headless-shell: error while loading shared libraries: libglib-2.0.so.0: cannot open shared object file: No such file or directory
    Call log:
      - <launching> /opt/ms-playwright/chromium_headless_shell-1234/chrome-headless-shell-linux64/chrome-headless-shell --disable-field-trial-config --disable-background-networking --disable-background-timer-throttling --disable-backgrounding-occluded-windows --disable-back-forward-cache --disable-breakpad --disable-client-side-phishing-detection --disable-component-extensions-with-background-pages --disable-component-update --no-default-browser-check --disable-default-apps --disable-dev-shm-usage --disable-edgeupdater --disable-extensions --disable-features=AvoidUnnecessaryBeforeUnloadCheckSync,BoundaryEventDispatchTracksNodeRemoval,DestroyProfileOnBrowserClose,DialMediaRouteProvider,GlobalMediaControls,HttpsUpgrades,LensOverlay,MediaRouter,PaintHolding,ThirdPartyStoragePartitioning,BlockOriginHeaderModificationOnRedirect,Translate,AutoDeElevate,OptimizationHints,msForceBrowserSignIn,msEdgeUpdateLaunchServicesPreferredVersion --enable-features=CDPScreenshotNewSurface --allow-pre-commit-input --disable-hang-monitor --disable-ipc-flooding-protection --disable-popup-blocking --disable-prompt-on-repost --disable-renderer-backgrounding --disable-updater-scheduler --force-color-profile=srgb --metrics-recording-only --no-first-run --password-store=basic --use-mock-keychain --no-service-autorun --export-tagged-pdf --disable-search-engine-choice-screen --unsafely-disable-devtools-self-xss-warnings --edge-skip-compat-layer-relaunch --disable-infobars --disable-search-engine-choice-screen --disable-sync --enable-unsafe-swiftshader --headless --hide-scrollbars --mute-audio --blink-settings=primaryHoverType=2,availableHoverTypes=2,primaryPointerType=4,availablePointerTypes=4 --no-sandbox --user-data-dir=/tmp/playwright_chromiumdev_profile-8MBHVc --remote-debugging-pipe --no-startup-window
      - <launched> pid=43449
      - [pid=43449][err] /opt/ms-playwright/chromium_headless_shell-1234/chrome-headless-shell-linux64/chrome-headless-shell: error while loading shared libraries: libglib-2.0.so.0: cannot open shared object file: No such file or directory
      - [pid=43449] <gracefully close start>
      - [pid=43449] <kill>
      - [pid=43449] <will force kill>
      - [pid=43449] exception while trying to kill process: Error: kill ESRCH
      - [pid=43449] <process did exit: exitCode=127, signal=null>
      - [pid=43449] starting temporary directories cleanup
      - [pid=43449] finished temporary directories cleanup
      - [pid=43449] <gracefully close end>


    Error Context: ../test-results/dashboard-reservations-Das-0ae16-lds-used-to-reach-dashboard-chromium/error-context.md

    attachment #2: trace (application/zip) ─────────────────────────────────────────────────────────
    ../test-results/dashboard-reservations-Das-0ae16-lds-used-to-reach-dashboard-chromium/trace.zip
    Usage:

        npx playwright show-trace ../test-results/dashboard-reservations-Das-0ae16-lds-used-to-reach-dashboard-chromium/trace.zip

    ────────────────────────────────────────────────────────────────────────────────────────────────
]]>
</error>
</testcase>
</testsuite>
<testsuite name="guest-portal-flow.spec.ts" timestamp="2026-09-17T14:40:27.518Z" hostname="chromium" tests="1" failures="0" skipped="0" time="0.718" errors="1">
<testcase name="guest self-service flow › find booking, reschedule, staff approval, and guest cancellation" classname="guest-portal-flow.spec.ts" time="0.718">
<system-out>
<![CDATA[
[[ATTACHMENT|../../test-results/guest-portal-flow-guest-se-87dd2-oval-and-guest-cancellation-chromium/error-context.md]]

[[ATTACHMENT|../../test-results/guest-portal-flow-guest-se-87dd2-oval-and-guest-cancellation-chromium/trace.zip]]
]]>
</system-out>
<system-err>
<![CDATA[Skipping host requirements validation logic because `PLAYWRIGHT_SKIP_VALIDATE_HOST_REQUIREMENTS` env variable is set.
]]>
</system-err>
<error message="browserType.launch: Target page, context or browser has been closed" type="Error">
<![CDATA[  [chromium] › guest-portal-flow.spec.ts:111:3 › guest self-service flow › find booking, reschedule, staff approval, and guest cancellation 

    Error: browserType.launch: Target page, context or browser has been closed
    Browser logs:

    <launching> /opt/ms-playwright/chromium_headless_shell-1234/chrome-headless-shell-linux64/chrome-headless-shell --disable-field-trial-config --disable-background-networking --disable-background-timer-throttling --disable-backgrounding-occluded-windows --disable-back-forward-cache --disable-breakpad --disable-client-side-phishing-detection --disable-component-extensions-with-background-pages --disable-component-update --no-default-browser-check --disable-default-apps --disable-dev-shm-usage --disable-edgeupdater --disable-extensions --disable-features=AvoidUnnecessaryBeforeUnloadCheckSync,BoundaryEventDispatchTracksNodeRemoval,DestroyProfileOnBrowserClose,DialMediaRouteProvider,GlobalMediaControls,HttpsUpgrades,LensOverlay,MediaRouter,PaintHolding,ThirdPartyStoragePartitioning,BlockOriginHeaderModificationOnRedirect,Translate,AutoDeElevate,OptimizationHints,msForceBrowserSignIn,msEdgeUpdateLaunchServicesPreferredVersion --enable-features=CDPScreenshotNewSurface --allow-pre-commit-input --disable-hang-monitor --disable-ipc-flooding-protection --disable-popup-blocking --disable-prompt-on-repost --disable-renderer-backgrounding --disable-updater-scheduler --force-color-profile=srgb --metrics-recording-only --no-first-run --password-store=basic --use-mock-keychain --no-service-autorun --export-tagged-pdf --disable-search-engine-choice-screen --unsafely-disable-devtools-self-xss-warnings --edge-skip-compat-layer-relaunch --disable-infobars --disable-search-engine-choice-screen --disable-sync --enable-unsafe-swiftshader --headless --hide-scrollbars --mute-audio --blink-settings=primaryHoverType=2,availableHoverTypes=2,primaryPointerType=4,availablePointerTypes=4 --no-sandbox --user-data-dir=/tmp/playwright_chromiumdev_profile-Ouan8c --remote-debugging-pipe --no-startup-window
    <launched> pid=43511
    [pid=43511][err] /opt/ms-playwright/chromium_headless_shell-1234/chrome-headless-shell-linux64/chrome-headless-shell: error while loading shared libraries: libglib-2.0.so.0: cannot open shared object file: No such file or directory
    Call log:
      - <launching> /opt/ms-playwright/chromium_headless_shell-1234/chrome-headless-shell-linux64/chrome-headless-shell --disable-field-trial-config --disable-background-networking --disable-background-timer-throttling --disable-backgrounding-occluded-windows --disable-back-forward-cache --disable-breakpad --disable-client-side-phishing-detection --disable-component-extensions-with-background-pages --disable-component-update --no-default-browser-check --disable-default-apps --disable-dev-shm-usage --disable-edgeupdater --disable-extensions --disable-features=AvoidUnnecessaryBeforeUnloadCheckSync,BoundaryEventDispatchTracksNodeRemoval,DestroyProfileOnBrowserClose,DialMediaRouteProvider,GlobalMediaControls,HttpsUpgrades,LensOverlay,MediaRouter,PaintHolding,ThirdPartyStoragePartitioning,BlockOriginHeaderModificationOnRedirect,Translate,AutoDeElevate,OptimizationHints,msForceBrowserSignIn,msEdgeUpdateLaunchServicesPreferredVersion --enable-features=CDPScreenshotNewSurface --allow-pre-commit-input --disable-hang-monitor --disable-ipc-flooding-protection --disable-popup-blocking --disable-prompt-on-repost --disable-renderer-backgrounding --disable-updater-scheduler --force-color-profile=srgb --metrics-recording-only --no-first-run --password-store=basic --use-mock-keychain --no-service-autorun --export-tagged-pdf --disable-search-engine-choice-screen --unsafely-disable-devtools-self-xss-warnings --edge-skip-compat-layer-relaunch --disable-infobars --disable-search-engine-choice-screen --disable-sync --enable-unsafe-swiftshader --headless --hide-scrollbars --mute-audio --blink-settings=primaryHoverType=2,availableHoverTypes=2,primaryPointerType=4,availablePointerTypes=4 --no-sandbox --user-data-dir=/tmp/playwright_chromiumdev_profile-Ouan8c --remote-debugging-pipe --no-startup-window
      - <launched> pid=43511
      - [pid=43511][err] /opt/ms-playwright/chromium_headless_shell-1234/chrome-headless-shell-linux64/chrome-headless-shell: error while loading shared libraries: libglib-2.0.so.0: cannot open shared object file: No such file or directory
      - [pid=43511] <gracefully close start>
      - [pid=43511] <kill>
      - [pid=43511] <will force kill>
      - [pid=43511] exception while trying to kill process: Error: kill ESRCH
      - [pid=43511] <process did exit: exitCode=127, signal=null>
      - [pid=43511] starting temporary directories cleanup
      - [pid=43511] finished temporary directories cleanup
      - [pid=43511] <gracefully close end>


    Error Context: ../test-results/guest-portal-flow-guest-se-87dd2-oval-and-guest-cancellation-chromium/error-context.md

    attachment #2: trace (application/zip) ─────────────────────────────────────────────────────────
    ../test-results/guest-portal-flow-guest-se-87dd2-oval-and-guest-cancellation-chromium/trace.zip
    Usage:

        npx playwright show-trace ../test-results/guest-portal-flow-guest-se-87dd2-oval-and-guest-cancellation-chromium/trace.zip

    ────────────────────────────────────────────────────────────────────────────────────────────────
]]>
</error>
</testcase>
</testsuite>
<testsuite name="multi-resource-invoice-line-items.spec.ts" timestamp="2026-09-17T14:40:27.518Z" hostname="chromium" tests="1" failures="0" skipped="0" time="1.587" errors="0">
<testcase name="Multi-resource invoice line items › line items sum to the charged total for every leg and the group" classname="multi-resource-invoice-line-items.spec.ts" time="1.587">
<system-out>
<![CDATA[
[[ATTACHMENT|../../test-results/multi-resource-invoice-lin-0dcbb-for-every-leg-and-the-group-chromium/trace.zip]]
]]>
</system-out>
</testcase>
</testsuite>
<testsuite name="no-tenant-navigation.spec.ts" timestamp="2026-09-17T14:40:27.518Z" hostname="chromium" tests="9" failures="0" skipped="5" time="0.027" errors="4">
<testcase name="Anonymous users hitting protected routes › GET /dashboard as anon redirects to /login" classname="no-tenant-navigation.spec.ts" time="0.006">
<system-out>
<![CDATA[
[[ATTACHMENT|../../test-results/no-tenant-navigation-Anony-694eb--as-anon-redirects-to-login-chromium/error-context.md]]

[[ATTACHMENT|../../test-results/no-tenant-navigation-Anony-694eb--as-anon-redirects-to-login-chromium/trace.zip]]
]]>
</system-out>
<system-err>
<![CDATA[Skipping host requirements validation logic because `PLAYWRIGHT_SKIP_VALIDATE_HOST_REQUIREMENTS` env variable is set.
]]>
</system-err>
<error message="browserType.launch: Target page, context or browser has been closed" type="Error">
<![CDATA[  [chromium] › no-tenant-navigation.spec.ts:39:5 › Anonymous users hitting protected routes › GET /dashboard as anon redirects to /login 

    Error: browserType.launch: Target page, context or browser has been closed
    Browser logs:

    <launching> /opt/ms-playwright/chromium_headless_shell-1234/chrome-headless-shell-linux64/chrome-headless-shell --disable-field-trial-config --disable-background-networking --disable-background-timer-throttling --disable-backgrounding-occluded-windows --disable-back-forward-cache --disable-breakpad --disable-client-side-phishing-detection --disable-component-extensions-with-background-pages --disable-component-update --no-default-browser-check --disable-default-apps --disable-dev-shm-usage --disable-edgeupdater --disable-extensions --disable-features=AvoidUnnecessaryBeforeUnloadCheckSync,BoundaryEventDispatchTracksNodeRemoval,DestroyProfileOnBrowserClose,DialMediaRouteProvider,GlobalMediaControls,HttpsUpgrades,LensOverlay,MediaRouter,PaintHolding,ThirdPartyStoragePartitioning,BlockOriginHeaderModificationOnRedirect,Translate,AutoDeElevate,OptimizationHints,msForceBrowserSignIn,msEdgeUpdateLaunchServicesPreferredVersion --enable-features=CDPScreenshotNewSurface --allow-pre-commit-input --disable-hang-monitor --disable-ipc-flooding-protection --disable-popup-blocking --disable-prompt-on-repost --disable-renderer-backgrounding --disable-updater-scheduler --force-color-profile=srgb --metrics-recording-only --no-first-run --password-store=basic --use-mock-keychain --no-service-autorun --export-tagged-pdf --disable-search-engine-choice-screen --unsafely-disable-devtools-self-xss-warnings --edge-skip-compat-layer-relaunch --disable-infobars --disable-search-engine-choice-screen --disable-sync --enable-unsafe-swiftshader --headless --hide-scrollbars --mute-audio --blink-settings=primaryHoverType=2,availableHoverTypes=2,primaryPointerType=4,availablePointerTypes=4 --no-sandbox --user-data-dir=/tmp/playwright_chromiumdev_profile-CJtyq9 --remote-debugging-pipe --no-startup-window
    <launched> pid=43447
    [pid=43447][err] /opt/ms-playwright/chromium_headless_shell-1234/chrome-headless-shell-linux64/chrome-headless-shell: error while loading shared libraries: libglib-2.0.so.0: cannot open shared object file: No such file or directory
    Call log:
      - <launching> /opt/ms-playwright/chromium_headless_shell-1234/chrome-headless-shell-linux64/chrome-headless-shell --disable-field-trial-config --disable-background-networking --disable-background-timer-throttling --disable-backgrounding-occluded-windows --disable-back-forward-cache --disable-breakpad --disable-client-side-phishing-detection --disable-component-extensions-with-background-pages --disable-component-update --no-default-browser-check --disable-default-apps --disable-dev-shm-usage --disable-edgeupdater --disable-extensions --disable-features=AvoidUnnecessaryBeforeUnloadCheckSync,BoundaryEventDispatchTracksNodeRemoval,DestroyProfileOnBrowserClose,DialMediaRouteProvider,GlobalMediaControls,HttpsUpgrades,LensOverlay,MediaRouter,PaintHolding,ThirdPartyStoragePartitioning,BlockOriginHeaderModificationOnRedirect,Translate,AutoDeElevate,OptimizationHints,msForceBrowserSignIn,msEdgeUpdateLaunchServicesPreferredVersion --enable-features=CDPScreenshotNewSurface --allow-pre-commit-input --disable-hang-monitor --disable-ipc-flooding-protection --disable-popup-blocking --disable-prompt-on-repost --disable-renderer-backgrounding --disable-updater-scheduler --force-color-profile=srgb --metrics-recording-only --no-first-run --password-store=basic --use-mock-keychain --no-service-autorun --export-tagged-pdf --disable-search-engine-choice-screen --unsafely-disable-devtools-self-xss-warnings --edge-skip-compat-layer-relaunch --disable-infobars --disable-search-engine-choice-screen --disable-sync --enable-unsafe-swiftshader --headless --hide-scrollbars --mute-audio --blink-settings=primaryHoverType=2,availableHoverTypes=2,primaryPointerType=4,availablePointerTypes=4 --no-sandbox --user-data-dir=/tmp/playwright_chromiumdev_profile-CJtyq9 --remote-debugging-pipe --no-startup-window
      - <launched> pid=43447
      - [pid=43447][err] /opt/ms-playwright/chromium_headless_shell-1234/chrome-headless-shell-linux64/chrome-headless-shell: error while loading shared libraries: libglib-2.0.so.0: cannot open shared object file: No such file or directory
      - [pid=43447] <gracefully close start>
      - [pid=43447] <kill>
      - [pid=43447] <will force kill>
      - [pid=43447] exception while trying to kill process: Error: kill ESRCH
      - [pid=43447] <process did exit: exitCode=127, signal=null>
      - [pid=43447] starting temporary directories cleanup
      - [pid=43447] finished temporary directories cleanup
      - [pid=43447] <gracefully close end>


    Error Context: ../test-results/no-tenant-navigation-Anony-694eb--as-anon-redirects-to-login-chromium/error-context.md

    attachment #2: trace (application/zip) ─────────────────────────────────────────────────────────
    ../test-results/no-tenant-navigation-Anony-694eb--as-anon-redirects-to-login-chromium/trace.zip
    Usage:

        npx playwright show-trace ../test-results/no-tenant-navigation-Anony-694eb--as-anon-redirects-to-login-chromium/trace.zip

    ────────────────────────────────────────────────────────────────────────────────────────────────
]]>
</error>
</testcase>
<testcase name="Anonymous users hitting protected routes › GET /onboarding as anon redirects to /login" classname="no-tenant-navigation.spec.ts" time="0.005">
<system-out>
<![CDATA[
[[ATTACHMENT|../../test-results/no-tenant-navigation-Anony-e501a--as-anon-redirects-to-login-chromium/error-context.md]]

[[ATTACHMENT|../../test-results/no-tenant-navigation-Anony-e501a--as-anon-redirects-to-login-chromium/trace.zip]]
]]>
</system-out>
<system-err>
<![CDATA[Skipping host requirements validation logic because `PLAYWRIGHT_SKIP_VALIDATE_HOST_REQUIREMENTS` env variable is set.
]]>
</system-err>
<error message="browserType.launch: Target page, context or browser has been closed" type="Error">
<![CDATA[  [chromium] › no-tenant-navigation.spec.ts:39:5 › Anonymous users hitting protected routes › GET /onboarding as anon redirects to /login 

    Error: browserType.launch: Target page, context or browser has been closed
    Browser logs:

    <launching> /opt/ms-playwright/chromium_headless_shell-1234/chrome-headless-shell-linux64/chrome-headless-shell --disable-field-trial-config --disable-background-networking --disable-background-timer-throttling --disable-backgrounding-occluded-windows --disable-back-forward-cache --disable-breakpad --disable-client-side-phishing-detection --disable-component-extensions-with-background-pages --disable-component-update --no-default-browser-check --disable-default-apps --disable-dev-shm-usage --disable-edgeupdater --disable-extensions --disable-features=AvoidUnnecessaryBeforeUnloadCheckSync,BoundaryEventDispatchTracksNodeRemoval,DestroyProfileOnBrowserClose,DialMediaRouteProvider,GlobalMediaControls,HttpsUpgrades,LensOverlay,MediaRouter,PaintHolding,ThirdPartyStoragePartitioning,BlockOriginHeaderModificationOnRedirect,Translate,AutoDeElevate,OptimizationHints,msForceBrowserSignIn,msEdgeUpdateLaunchServicesPreferredVersion --enable-features=CDPScreenshotNewSurface --allow-pre-commit-input --disable-hang-monitor --disable-ipc-flooding-protection --disable-popup-blocking --disable-prompt-on-repost --disable-renderer-backgrounding --disable-updater-scheduler --force-color-profile=srgb --metrics-recording-only --no-first-run --password-store=basic --use-mock-keychain --no-service-autorun --export-tagged-pdf --disable-search-engine-choice-screen --unsafely-disable-devtools-self-xss-warnings --edge-skip-compat-layer-relaunch --disable-infobars --disable-search-engine-choice-screen --disable-sync --enable-unsafe-swiftshader --headless --hide-scrollbars --mute-audio --blink-settings=primaryHoverType=2,availableHoverTypes=2,primaryPointerType=4,availablePointerTypes=4 --no-sandbox --user-data-dir=/tmp/playwright_chromiumdev_profile-5o7UqR --remote-debugging-pipe --no-startup-window
    <launched> pid=43436
    [pid=43436][err] /opt/ms-playwright/chromium_headless_shell-1234/chrome-headless-shell-linux64/chrome-headless-shell: error while loading shared libraries: libglib-2.0.so.0: cannot open shared object file: No such file or directory
    Call log:
      - <launching> /opt/ms-playwright/chromium_headless_shell-1234/chrome-headless-shell-linux64/chrome-headless-shell --disable-field-trial-config --disable-background-networking --disable-background-timer-throttling --disable-backgrounding-occluded-windows --disable-back-forward-cache --disable-breakpad --disable-client-side-phishing-detection --disable-component-extensions-with-background-pages --disable-component-update --no-default-browser-check --disable-default-apps --disable-dev-shm-usage --disable-edgeupdater --disable-extensions --disable-features=AvoidUnnecessaryBeforeUnloadCheckSync,BoundaryEventDispatchTracksNodeRemoval,DestroyProfileOnBrowserClose,DialMediaRouteProvider,GlobalMediaControls,HttpsUpgrades,LensOverlay,MediaRouter,PaintHolding,ThirdPartyStoragePartitioning,BlockOriginHeaderModificationOnRedirect,Translate,AutoDeElevate,OptimizationHints,msForceBrowserSignIn,msEdgeUpdateLaunchServicesPreferredVersion --enable-features=CDPScreenshotNewSurface --allow-pre-commit-input --disable-hang-monitor --disable-ipc-flooding-protection --disable-popup-blocking --disable-prompt-on-repost --disable-renderer-backgrounding --disable-updater-scheduler --force-color-profile=srgb --metrics-recording-only --no-first-run --password-store=basic --use-mock-keychain --no-service-autorun --export-tagged-pdf --disable-search-engine-choice-screen --unsafely-disable-devtools-self-xss-warnings --edge-skip-compat-layer-relaunch --disable-infobars --disable-search-engine-choice-screen --disable-sync --enable-unsafe-swiftshader --headless --hide-scrollbars --mute-audio --blink-settings=primaryHoverType=2,availableHoverTypes=2,primaryPointerType=4,availablePointerTypes=4 --no-sandbox --user-data-dir=/tmp/playwright_chromiumdev_profile-5o7UqR --remote-debugging-pipe --no-startup-window
      - <launched> pid=43436
      - [pid=43436][err] /opt/ms-playwright/chromium_headless_shell-1234/chrome-headless-shell-linux64/chrome-headless-shell: error while loading shared libraries: libglib-2.0.so.0: cannot open shared object file: No such file or directory
      - [pid=43436] <gracefully close start>
      - [pid=43436] <kill>
      - [pid=43436] <will force kill>
      - [pid=43436] exception while trying to kill process: Error: kill ESRCH
      - [pid=43436] <process did exit: exitCode=127, signal=null>
      - [pid=43436] starting temporary directories cleanup
      - [pid=43436] finished temporary directories cleanup
      - [pid=43436] <gracefully close end>


    Error Context: ../test-results/no-tenant-navigation-Anony-e501a--as-anon-redirects-to-login-chromium/error-context.md

    attachment #2: trace (application/zip) ─────────────────────────────────────────────────────────
    ../test-results/no-tenant-navigation-Anony-e501a--as-anon-redirects-to-login-chromium/trace.zip
    Usage:

        npx playwright show-trace ../test-results/no-tenant-navigation-Anony-e501a--as-anon-redirects-to-login-chromium/trace.zip

    ────────────────────────────────────────────────────────────────────────────────────────────────
]]>
</error>
</testcase>
<testcase name="Anonymous users hitting protected routes › GET /guide as anon redirects to /login" classname="no-tenant-navigation.spec.ts" time="0.008">
<system-out>
<![CDATA[
[[ATTACHMENT|../../test-results/no-tenant-navigation-Anony-d9f72--as-anon-redirects-to-login-chromium/error-context.md]]

[[ATTACHMENT|../../test-results/no-tenant-navigation-Anony-d9f72--as-anon-redirects-to-login-chromium/trace.zip]]
]]>
</system-out>
<system-err>
<![CDATA[Skipping host requirements validation logic because `PLAYWRIGHT_SKIP_VALIDATE_HOST_REQUIREMENTS` env variable is set.
]]>
</system-err>
<error message="browserType.launch: Target page, context or browser has been closed" type="Error">
<![CDATA[  [chromium] › no-tenant-navigation.spec.ts:39:5 › Anonymous users hitting protected routes › GET /guide as anon redirects to /login 

    Error: browserType.launch: Target page, context or browser has been closed
    Browser logs:

    <launching> /opt/ms-playwright/chromium_headless_shell-1234/chrome-headless-shell-linux64/chrome-headless-shell --disable-field-trial-config --disable-background-networking --disable-background-timer-throttling --disable-backgrounding-occluded-windows --disable-back-forward-cache --disable-breakpad --disable-client-side-phishing-detection --disable-component-extensions-with-background-pages --disable-component-update --no-default-browser-check --disable-default-apps --disable-dev-shm-usage --disable-edgeupdater --disable-extensions --disable-features=AvoidUnnecessaryBeforeUnloadCheckSync,BoundaryEventDispatchTracksNodeRemoval,DestroyProfileOnBrowserClose,DialMediaRouteProvider,GlobalMediaControls,HttpsUpgrades,LensOverlay,MediaRouter,PaintHolding,ThirdPartyStoragePartitioning,BlockOriginHeaderModificationOnRedirect,Translate,AutoDeElevate,OptimizationHints,msForceBrowserSignIn,msEdgeUpdateLaunchServicesPreferredVersion --enable-features=CDPScreenshotNewSurface --allow-pre-commit-input --disable-hang-monitor --disable-ipc-flooding-protection --disable-popup-blocking --disable-prompt-on-repost --disable-renderer-backgrounding --disable-updater-scheduler --force-color-profile=srgb --metrics-recording-only --no-first-run --password-store=basic --use-mock-keychain --no-service-autorun --export-tagged-pdf --disable-search-engine-choice-screen --unsafely-disable-devtools-self-xss-warnings --edge-skip-compat-layer-relaunch --disable-infobars --disable-search-engine-choice-screen --disable-sync --enable-unsafe-swiftshader --headless --hide-scrollbars --mute-audio --blink-settings=primaryHoverType=2,availableHoverTypes=2,primaryPointerType=4,availablePointerTypes=4 --no-sandbox --user-data-dir=/tmp/playwright_chromiumdev_profile-Bn5oyI --remote-debugging-pipe --no-startup-window
    <launched> pid=43540
    [pid=43540][err] /opt/ms-playwright/chromium_headless_shell-1234/chrome-headless-shell-linux64/chrome-headless-shell: error while loading shared libraries: libglib-2.0.so.0: cannot open shared object file: No such file or directory
    Call log:
      - <launching> /opt/ms-playwright/chromium_headless_shell-1234/chrome-headless-shell-linux64/chrome-headless-shell --disable-field-trial-config --disable-background-networking --disable-background-timer-throttling --disable-backgrounding-occluded-windows --disable-back-forward-cache --disable-breakpad --disable-client-side-phishing-detection --disable-component-extensions-with-background-pages --disable-component-update --no-default-browser-check --disable-default-apps --disable-dev-shm-usage --disable-edgeupdater --disable-extensions --disable-features=AvoidUnnecessaryBeforeUnloadCheckSync,BoundaryEventDispatchTracksNodeRemoval,DestroyProfileOnBrowserClose,DialMediaRouteProvider,GlobalMediaControls,HttpsUpgrades,LensOverlay,MediaRouter,PaintHolding,ThirdPartyStoragePartitioning,BlockOriginHeaderModificationOnRedirect,Translate,AutoDeElevate,OptimizationHints,msForceBrowserSignIn,msEdgeUpdateLaunchServicesPreferredVersion --enable-features=CDPScreenshotNewSurface --allow-pre-commit-input --disable-hang-monitor --disable-ipc-flooding-protection --disable-popup-blocking --disable-prompt-on-repost --disable-renderer-backgrounding --disable-updater-scheduler --force-color-profile=srgb --metrics-recording-only --no-first-run --password-store=basic --use-mock-keychain --no-service-autorun --export-tagged-pdf --disable-search-engine-choice-screen --unsafely-disable-devtools-self-xss-warnings --edge-skip-compat-layer-relaunch --disable-infobars --disable-search-engine-choice-screen --disable-sync --enable-unsafe-swiftshader --headless --hide-scrollbars --mute-audio --blink-settings=primaryHoverType=2,availableHoverTypes=2,primaryPointerType=4,availablePointerTypes=4 --no-sandbox --user-data-dir=/tmp/playwright_chromiumdev_profile-Bn5oyI --remote-debugging-pipe --no-startup-window
      - <launched> pid=43540
      - [pid=43540][err] /opt/ms-playwright/chromium_headless_shell-1234/chrome-headless-shell-linux64/chrome-headless-shell: error while loading shared libraries: libglib-2.0.so.0: cannot open shared object file: No such file or directory
      - [pid=43540] <gracefully close start>
      - [pid=43540] <kill>
      - [pid=43540] <will force kill>
      - [pid=43540] exception while trying to kill process: Error: kill ESRCH
      - [pid=43540] <process did exit: exitCode=127, signal=null>
      - [pid=43540] starting temporary directories cleanup
      - [pid=43540] finished temporary directories cleanup
      - [pid=43540] <gracefully close end>


    Error Context: ../test-results/no-tenant-navigation-Anony-d9f72--as-anon-redirects-to-login-chromium/error-context.md

    attachment #2: trace (application/zip) ─────────────────────────────────────────────────────────
    ../test-results/no-tenant-navigation-Anony-d9f72--as-anon-redirects-to-login-chromium/trace.zip
    Usage:

        npx playwright show-trace ../test-results/no-tenant-navigation-Anony-d9f72--as-anon-redirects-to-login-chromium/trace.zip

    ────────────────────────────────────────────────────────────────────────────────────────────────
]]>
</error>
</testcase>
<testcase name="Anonymous users hitting protected routes › GET /superadmin as anon redirects to /login" classname="no-tenant-navigation.spec.ts" time="0.008">
<system-out>
<![CDATA[
[[ATTACHMENT|../../test-results/no-tenant-navigation-Anony-df823--as-anon-redirects-to-login-chromium/error-context.md]]

[[ATTACHMENT|../../test-results/no-tenant-navigation-Anony-df823--as-anon-redirects-to-login-chromium/trace.zip]]
]]>
</system-out>
<system-err>
<![CDATA[Skipping host requirements validation logic because `PLAYWRIGHT_SKIP_VALIDATE_HOST_REQUIREMENTS` env variable is set.
]]>
</system-err>
<error message="browserType.launch: Target page, context or browser has been closed" type="Error">
<![CDATA[  [chromium] › no-tenant-navigation.spec.ts:39:5 › Anonymous users hitting protected routes › GET /superadmin as anon redirects to /login 

    Error: browserType.launch: Target page, context or browser has been closed
    Browser logs:

    <launching> /opt/ms-playwright/chromium_headless_shell-1234/chrome-headless-shell-linux64/chrome-headless-shell --disable-field-trial-config --disable-background-networking --disable-background-timer-throttling --disable-backgrounding-occluded-windows --disable-back-forward-cache --disable-breakpad --disable-client-side-phishing-detection --disable-component-extensions-with-background-pages --disable-component-update --no-default-browser-check --disable-default-apps --disable-dev-shm-usage --disable-edgeupdater --disable-extensions --disable-features=AvoidUnnecessaryBeforeUnloadCheckSync,BoundaryEventDispatchTracksNodeRemoval,DestroyProfileOnBrowserClose,DialMediaRouteProvider,GlobalMediaControls,HttpsUpgrades,LensOverlay,MediaRouter,PaintHolding,ThirdPartyStoragePartitioning,BlockOriginHeaderModificationOnRedirect,Translate,AutoDeElevate,OptimizationHints,msForceBrowserSignIn,msEdgeUpdateLaunchServicesPreferredVersion --enable-features=CDPScreenshotNewSurface --allow-pre-commit-input --disable-hang-monitor --disable-ipc-flooding-protection --disable-popup-blocking --disable-prompt-on-repost --disable-renderer-backgrounding --disable-updater-scheduler --force-color-profile=srgb --metrics-recording-only --no-first-run --password-store=basic --use-mock-keychain --no-service-autorun --export-tagged-pdf --disable-search-engine-choice-screen --unsafely-disable-devtools-self-xss-warnings --edge-skip-compat-layer-relaunch --disable-infobars --disable-search-engine-choice-screen --disable-sync --enable-unsafe-swiftshader --headless --hide-scrollbars --mute-audio --blink-settings=primaryHoverType=2,availableHoverTypes=2,primaryPointerType=4,availablePointerTypes=4 --no-sandbox --user-data-dir=/tmp/playwright_chromiumdev_profile-y4ufoh --remote-debugging-pipe --no-startup-window
    <launched> pid=43541
    [pid=43541][err] /opt/ms-playwright/chromium_headless_shell-1234/chrome-headless-shell-linux64/chrome-headless-shell: error while loading shared libraries: libglib-2.0.so.0: cannot open shared object file: No such file or directory
    Call log:
      - <launching> /opt/ms-playwright/chromium_headless_shell-1234/chrome-headless-shell-linux64/chrome-headless-shell --disable-field-trial-config --disable-background-networking --disable-background-timer-throttling --disable-backgrounding-occluded-windows --disable-back-forward-cache --disable-breakpad --disable-client-side-phishing-detection --disable-component-extensions-with-background-pages --disable-component-update --no-default-browser-check --disable-default-apps --disable-dev-shm-usage --disable-edgeupdater --disable-extensions --disable-features=AvoidUnnecessaryBeforeUnloadCheckSync,BoundaryEventDispatchTracksNodeRemoval,DestroyProfileOnBrowserClose,DialMediaRouteProvider,GlobalMediaControls,HttpsUpgrades,LensOverlay,MediaRouter,PaintHolding,ThirdPartyStoragePartitioning,BlockOriginHeaderModificationOnRedirect,Translate,AutoDeElevate,OptimizationHints,msForceBrowserSignIn,msEdgeUpdateLaunchServicesPreferredVersion --enable-features=CDPScreenshotNewSurface --allow-pre-commit-input --disable-hang-monitor --disable-ipc-flooding-protection --disable-popup-blocking --disable-prompt-on-repost --disable-renderer-backgrounding --disable-updater-scheduler --force-color-profile=srgb --metrics-recording-only --no-first-run --password-store=basic --use-mock-keychain --no-service-autorun --export-tagged-pdf --disable-search-engine-choice-screen --unsafely-disable-devtools-self-xss-warnings --edge-skip-compat-layer-relaunch --disable-infobars --disable-search-engine-choice-screen --disable-sync --enable-unsafe-swiftshader --headless --hide-scrollbars --mute-audio --blink-settings=primaryHoverType=2,availableHoverTypes=2,primaryPointerType=4,availablePointerTypes=4 --no-sandbox --user-data-dir=/tmp/playwright_chromiumdev_profile-y4ufoh --remote-debugging-pipe --no-startup-window
      - <launched> pid=43541
      - [pid=43541][err] /opt/ms-playwright/chromium_headless_shell-1234/chrome-headless-shell-linux64/chrome-headless-shell: error while loading shared libraries: libglib-2.0.so.0: cannot open shared object file: No such file or directory
      - [pid=43541] <gracefully close start>
      - [pid=43541] <kill>
      - [pid=43541] <will force kill>
      - [pid=43541] exception while trying to kill process: Error: kill ESRCH
      - [pid=43541] <process did exit: exitCode=127, signal=null>
      - [pid=43541] starting temporary directories cleanup
      - [pid=43541] finished temporary directories cleanup
      - [pid=43541] <gracefully close end>


    Error Context: ../test-results/no-tenant-navigation-Anony-df823--as-anon-redirects-to-login-chromium/error-context.md

    attachment #2: trace (application/zip) ─────────────────────────────────────────────────────────
    ../test-results/no-tenant-navigation-Anony-df823--as-anon-redirects-to-login-chromium/trace.zip
    Usage:

        npx playwright show-trace ../test-results/no-tenant-navigation-Anony-df823--as-anon-redirects-to-login-chromium/trace.zip

    ────────────────────────────────────────────────────────────────────────────────────────────────
]]>
</error>
</testcase>
<testcase name="Authenticated user without tenant membership › /dashboard redirects to /onboarding" classname="no-tenant-navigation.spec.ts">
<properties>
<property name="skip" value="Set E2E_NO_TENANT_EMAIL and E2E_NO_TENANT_PASSWORD to run">
</property>
</properties>
<skipped>
</skipped>
</testcase>
<testcase name="Authenticated user without tenant membership › /onboarding renders the wizard (no redirect loop)" classname="no-tenant-navigation.spec.ts">
<properties>
<property name="skip" value="Set E2E_NO_TENANT_EMAIL and E2E_NO_TENANT_PASSWORD to run">
</property>
</properties>
<skipped>
</skipped>
</testcase>
<testcase name="Authenticated user without tenant membership › /guide renders without requiring a tenant" classname="no-tenant-navigation.spec.ts">
<properties>
<property name="skip" value="Set E2E_NO_TENANT_EMAIL and E2E_NO_TENANT_PASSWORD to run">
</property>
</properties>
<skipped>
</skipped>
</testcase>
<testcase name="Authenticated user without tenant membership › /superadmin denies non-admin and bounces to onboarding" classname="no-tenant-navigation.spec.ts">
<properties>
<property name="skip" value="Set E2E_NO_TENANT_EMAIL and E2E_NO_TENANT_PASSWORD to run">
</property>
</properties>
<skipped>
</skipped>
</testcase>
<testcase name="Authenticated user without tenant membership › full navigation loop: dashboard -&gt; onboarding -&gt; guide -&gt; superadmin" classname="no-tenant-navigation.spec.ts">
<properties>
<property name="skip" value="Set E2E_NO_TENANT_EMAIL and E2E_NO_TENANT_PASSWORD to run">
</property>
</properties>
<skipped>
</skipped>
</testcase>
</testsuite>
<testsuite name="no-tenant-state.spec.ts" timestamp="2026-09-17T14:40:27.518Z" hostname="chromium" tests="5" failures="0" skipped="5" time="0" errors="0">
<testcase name="NoTenantState for logged-in users without a tenant › /dashboard guard redirects no-tenant user to /onboarding" classname="no-tenant-state.spec.ts">
<properties>
<property name="skip" value="Set E2E_NO_TENANT_EMAIL and E2E_NO_TENANT_PASSWORD to run this suite.">
</property>
</properties>
<skipped>
</skipped>
</testcase>
<testcase name="NoTenantState for logged-in users without a tenant › /guide guard redirects no-tenant user to /onboarding" classname="no-tenant-state.spec.ts">
<properties>
<property name="skip" value="Set E2E_NO_TENANT_EMAIL and E2E_NO_TENANT_PASSWORD to run this suite.">
</property>
</properties>
<skipped>
</skipped>
</testcase>
<testcase name="NoTenantState for logged-in users without a tenant › /superadmin renders NoTenantState › shows the user&apos;s email and both CTAs" classname="no-tenant-state.spec.ts">
<properties>
<property name="skip" value="Set E2E_NO_TENANT_EMAIL and E2E_NO_TENANT_PASSWORD to run this suite.">
</property>
</properties>
<skipped>
</skipped>
</testcase>
<testcase name="NoTenantState for logged-in users without a tenant › /superadmin renders NoTenantState › &apos;Complete setup&apos; CTA navigates to /onboarding" classname="no-tenant-state.spec.ts">
<properties>
<property name="skip" value="Set E2E_NO_TENANT_EMAIL and E2E_NO_TENANT_PASSWORD to run this suite.">
</property>
</properties>
<skipped>
</skipped>
</testcase>
<testcase name="NoTenantState for logged-in users without a tenant › /superadmin renders NoTenantState › &apos;Contact support&apos; CTA opens /support with prefilled area + email" classname="no-tenant-state.spec.ts">
<properties>
<property name="skip" value="Set E2E_NO_TENANT_EMAIL and E2E_NO_TENANT_PASSWORD to run this suite.">
</property>
</properties>
<skipped>
</skipped>
</testcase>
</testsuite>
<testsuite name="offer-confirm-creates-reservations.spec.ts" timestamp="2026-09-17T14:40:27.518Z" hostname="chromium" tests="1" failures="0" skipped="1" time="0" errors="0">
<testcase name="Offer confirm creates main + linked cross reservations › confirms offer and produces main + 2 linked reservations" classname="offer-confirm-creates-reservations.spec.ts">
<properties>
<property name="skip" value="Set E2E_STAFF_EMAIL / E2E_STAFF_PASSWORD to run this spec.">
</property>
</properties>
<skipped>
</skipped>
</testcase>
</testsuite>
<testsuite name="public-booking-concurrent-invoice-identity.spec.ts" timestamp="2026-09-17T14:40:27.518Z" hostname="chromium" tests="1" failures="0" skipped="0" time="8.728" errors="0">
<testcase name="Concurrent invoicing identity › returns one consistent invoice identifier and a single history entry" classname="public-booking-concurrent-invoice-identity.spec.ts" time="8.728">
<system-out>
<![CDATA[
[[ATTACHMENT|../../test-results/public-booking-concurrent--9aceb--and-a-single-history-entry-chromium/trace.zip]]
]]>
</system-out>
</testcase>
</testsuite>
<testsuite name="public-booking-concurrent-invoicing.spec.ts" timestamp="2026-09-17T14:40:27.518Z" hostname="chromium" tests="1" failures="0" skipped="0" time="9.515" errors="0">
<testcase name="Concurrent invoicing › invoices only once and refuses while totals are inconsistent" classname="public-booking-concurrent-invoicing.spec.ts" time="9.515">
<system-out>
<![CDATA[
[[ATTACHMENT|../../test-results/public-booking-concurrent--422c9-ile-totals-are-inconsistent-chromium/trace.zip]]
]]>
</system-out>
</testcase>
</testsuite>
<testsuite name="public-booking-conflicting-discount-codes.spec.ts" timestamp="2026-09-17T14:40:27.518Z" hostname="chromium" tests="1" failures="0" skipped="0" time="19.314" errors="0">
<testcase name="Conflicting discount code combinations › are selected or refused by one policy, whatever the order or duplication" classname="public-booking-conflicting-discount-codes.spec.ts" time="19.314">
<system-out>
<![CDATA[
[[ATTACHMENT|../../test-results/public-booking-conflicting-c2c52-er-the-order-or-duplication-chromium/trace.zip]]
]]>
</system-out>
</testcase>
</testsuite>
<testsuite name="public-booking-discount-code-normalization.spec.ts" timestamp="2026-09-17T14:40:27.518Z" hostname="chromium" tests="1" failures="0" skipped="0" time="17.352" errors="0">
<testcase name="Discount code normalization › casing, whitespace and URL-encoded input are cleaned before policy runs" classname="public-booking-discount-code-normalization.spec.ts" time="17.352">
<system-out>
<![CDATA[
[[ATTACHMENT|../../test-results/public-booking-discount-co-63c10--cleaned-before-policy-runs-chromium/trace.zip]]
]]>
</system-out>
</testcase>
</testsuite>
<testsuite name="public-booking-discount-dashboard.spec.ts" timestamp="2026-09-17T14:40:27.518Z" hostname="chromium" tests="1" failures="0" skipped="0" time="1.056" errors="1">
<testcase name="Public booking with a discount code › stores the discounted price and shows it with invoice fields in the dashboard" classname="public-booking-discount-dashboard.spec.ts" time="1.056">
<system-out>
<![CDATA[
[[ATTACHMENT|../../test-results/public-booking-discount-da-23480-ice-fields-in-the-dashboard-chromium/error-context.md]]

[[ATTACHMENT|../../test-results/public-booking-discount-da-23480-ice-fields-in-the-dashboard-chromium/trace.zip]]
]]>
</system-out>
<system-err>
<![CDATA[Skipping host requirements validation logic because `PLAYWRIGHT_SKIP_VALIDATE_HOST_REQUIREMENTS` env variable is set.
]]>
</system-err>
<error message="browserType.launch: Target page, context or browser has been closed" type="Error">
<![CDATA[  [chromium] › public-booking-discount-dashboard.spec.ts:66:3 › Public booking with a discount code › stores the discounted price and shows it with invoice fields in the dashboard 

    Error: browserType.launch: Target page, context or browser has been closed
    Browser logs:

    <launching> /opt/ms-playwright/chromium_headless_shell-1234/chrome-headless-shell-linux64/chrome-headless-shell --disable-field-trial-config --disable-background-networking --disable-background-timer-throttling --disable-backgrounding-occluded-windows --disable-back-forward-cache --disable-breakpad --disable-client-side-phishing-detection --disable-component-extensions-with-background-pages --disable-component-update --no-default-browser-check --disable-default-apps --disable-dev-shm-usage --disable-edgeupdater --disable-extensions --disable-features=AvoidUnnecessaryBeforeUnloadCheckSync,BoundaryEventDispatchTracksNodeRemoval,DestroyProfileOnBrowserClose,DialMediaRouteProvider,GlobalMediaControls,HttpsUpgrades,LensOverlay,MediaRouter,PaintHolding,ThirdPartyStoragePartitioning,BlockOriginHeaderModificationOnRedirect,Translate,AutoDeElevate,OptimizationHints,msForceBrowserSignIn,msEdgeUpdateLaunchServicesPreferredVersion --enable-features=CDPScreenshotNewSurface --allow-pre-commit-input --disable-hang-monitor --disable-ipc-flooding-protection --disable-popup-blocking --disable-prompt-on-repost --disable-renderer-backgrounding --disable-updater-scheduler --force-color-profile=srgb --metrics-recording-only --no-first-run --password-store=basic --use-mock-keychain --no-service-autorun --export-tagged-pdf --disable-search-engine-choice-screen --unsafely-disable-devtools-self-xss-warnings --edge-skip-compat-layer-relaunch --disable-infobars --disable-search-engine-choice-screen --disable-sync --enable-unsafe-swiftshader --headless --hide-scrollbars --mute-audio --blink-settings=primaryHoverType=2,availableHoverTypes=2,primaryPointerType=4,availablePointerTypes=4 --no-sandbox --user-data-dir=/tmp/playwright_chromiumdev_profile-0xWTYd --remote-debugging-pipe --no-startup-window
    <launched> pid=43596
    [pid=43596][err] /opt/ms-playwright/chromium_headless_shell-1234/chrome-headless-shell-linux64/chrome-headless-shell: error while loading shared libraries: libglib-2.0.so.0: cannot open shared object file: No such file or directory
    Call log:
      - <launching> /opt/ms-playwright/chromium_headless_shell-1234/chrome-headless-shell-linux64/chrome-headless-shell --disable-field-trial-config --disable-background-networking --disable-background-timer-throttling --disable-backgrounding-occluded-windows --disable-back-forward-cache --disable-breakpad --disable-client-side-phishing-detection --disable-component-extensions-with-background-pages --disable-component-update --no-default-browser-check --disable-default-apps --disable-dev-shm-usage --disable-edgeupdater --disable-extensions --disable-features=AvoidUnnecessaryBeforeUnloadCheckSync,BoundaryEventDispatchTracksNodeRemoval,DestroyProfileOnBrowserClose,DialMediaRouteProvider,GlobalMediaControls,HttpsUpgrades,LensOverlay,MediaRouter,PaintHolding,ThirdPartyStoragePartitioning,BlockOriginHeaderModificationOnRedirect,Translate,AutoDeElevate,OptimizationHints,msForceBrowserSignIn,msEdgeUpdateLaunchServicesPreferredVersion --enable-features=CDPScreenshotNewSurface --allow-pre-commit-input --disable-hang-monitor --disable-ipc-flooding-protection --disable-popup-blocking --disable-prompt-on-repost --disable-renderer-backgrounding --disable-updater-scheduler --force-color-profile=srgb --metrics-recording-only --no-first-run --password-store=basic --use-mock-keychain --no-service-autorun --export-tagged-pdf --disable-search-engine-choice-screen --unsafely-disable-devtools-self-xss-warnings --edge-skip-compat-layer-relaunch --disable-infobars --disable-search-engine-choice-screen --disable-sync --enable-unsafe-swiftshader --headless --hide-scrollbars --mute-audio --blink-settings=primaryHoverType=2,availableHoverTypes=2,primaryPointerType=4,availablePointerTypes=4 --no-sandbox --user-data-dir=/tmp/playwright_chromiumdev_profile-0xWTYd --remote-debugging-pipe --no-startup-window
      - <launched> pid=43596
      - [pid=43596][err] /opt/ms-playwright/chromium_headless_shell-1234/chrome-headless-shell-linux64/chrome-headless-shell: error while loading shared libraries: libglib-2.0.so.0: cannot open shared object file: No such file or directory
      - [pid=43596] <gracefully close start>
      - [pid=43596] <kill>
      - [pid=43596] <will force kill>
      - [pid=43596] exception while trying to kill process: Error: kill ESRCH
      - [pid=43596] <process did exit: exitCode=127, signal=null>
      - [pid=43596] starting temporary directories cleanup
      - [pid=43596] finished temporary directories cleanup
      - [pid=43596] <gracefully close end>


    Error Context: ../test-results/public-booking-discount-da-23480-ice-fields-in-the-dashboard-chromium/error-context.md

    attachment #2: trace (application/zip) ─────────────────────────────────────────────────────────
    ../test-results/public-booking-discount-da-23480-ice-fields-in-the-dashboard-chromium/trace.zip
    Usage:

        npx playwright show-trace ../test-results/public-booking-discount-da-23480-ice-fields-in-the-dashboard-chromium/trace.zip

    ────────────────────────────────────────────────────────────────────────────────────────────────
]]>
</error>
</testcase>
</testsuite>
<testsuite name="public-booking-discount-partial-night.spec.ts" timestamp="2026-09-17T14:40:27.518Z" hostname="chromium" tests="1" failures="0" skipped="0" time="0.812" errors="1">
<testcase name="Discounted partial-night stays › prices partial nights correctly and reflects them in the dashboard" classname="public-booking-discount-partial-night.spec.ts" time="0.812">
<system-out>
<![CDATA[
[[ATTACHMENT|../../test-results/public-booking-discount-pa-a55e7-lects-them-in-the-dashboard-chromium/error-context.md]]

[[ATTACHMENT|../../test-results/public-booking-discount-pa-a55e7-lects-them-in-the-dashboard-chromium/trace.zip]]
]]>
</system-out>
<system-err>
<![CDATA[Skipping host requirements validation logic because `PLAYWRIGHT_SKIP_VALIDATE_HOST_REQUIREMENTS` env variable is set.
]]>
</system-err>
<error message="browserType.launch: Target page, context or browser has been closed" type="Error">
<![CDATA[  [chromium] › public-booking-discount-partial-night.spec.ts:66:3 › Discounted partial-night stays › prices partial nights correctly and reflects them in the dashboard 

    Error: browserType.launch: Target page, context or browser has been closed
    Browser logs:

    <launching> /opt/ms-playwright/chromium_headless_shell-1234/chrome-headless-shell-linux64/chrome-headless-shell --disable-field-trial-config --disable-background-networking --disable-background-timer-throttling --disable-backgrounding-occluded-windows --disable-back-forward-cache --disable-breakpad --disable-client-side-phishing-detection --disable-component-extensions-with-background-pages --disable-component-update --no-default-browser-check --disable-default-apps --disable-dev-shm-usage --disable-edgeupdater --disable-extensions --disable-features=AvoidUnnecessaryBeforeUnloadCheckSync,BoundaryEventDispatchTracksNodeRemoval,DestroyProfileOnBrowserClose,DialMediaRouteProvider,GlobalMediaControls,HttpsUpgrades,LensOverlay,MediaRouter,PaintHolding,ThirdPartyStoragePartitioning,BlockOriginHeaderModificationOnRedirect,Translate,AutoDeElevate,OptimizationHints,msForceBrowserSignIn,msEdgeUpdateLaunchServicesPreferredVersion --enable-features=CDPScreenshotNewSurface --allow-pre-commit-input --disable-hang-monitor --disable-ipc-flooding-protection --disable-popup-blocking --disable-prompt-on-repost --disable-renderer-backgrounding --disable-updater-scheduler --force-color-profile=srgb --metrics-recording-only --no-first-run --password-store=basic --use-mock-keychain --no-service-autorun --export-tagged-pdf --disable-search-engine-choice-screen --unsafely-disable-devtools-self-xss-warnings --edge-skip-compat-layer-relaunch --disable-infobars --disable-search-engine-choice-screen --disable-sync --enable-unsafe-swiftshader --headless --hide-scrollbars --mute-audio --blink-settings=primaryHoverType=2,availableHoverTypes=2,primaryPointerType=4,availablePointerTypes=4 --no-sandbox --user-data-dir=/tmp/playwright_chromiumdev_profile-WTQu6W --remote-debugging-pipe --no-startup-window
    <launched> pid=43600
    [pid=43600][err] /opt/ms-playwright/chromium_headless_shell-1234/chrome-headless-shell-linux64/chrome-headless-shell: error while loading shared libraries: libglib-2.0.so.0: cannot open shared object file: No such file or directory
    Call log:
      - <launching> /opt/ms-playwright/chromium_headless_shell-1234/chrome-headless-shell-linux64/chrome-headless-shell --disable-field-trial-config --disable-background-networking --disable-background-timer-throttling --disable-backgrounding-occluded-windows --disable-back-forward-cache --disable-breakpad --disable-client-side-phishing-detection --disable-component-extensions-with-background-pages --disable-component-update --no-default-browser-check --disable-default-apps --disable-dev-shm-usage --disable-edgeupdater --disable-extensions --disable-features=AvoidUnnecessaryBeforeUnloadCheckSync,BoundaryEventDispatchTracksNodeRemoval,DestroyProfileOnBrowserClose,DialMediaRouteProvider,GlobalMediaControls,HttpsUpgrades,LensOverlay,MediaRouter,PaintHolding,ThirdPartyStoragePartitioning,BlockOriginHeaderModificationOnRedirect,Translate,AutoDeElevate,OptimizationHints,msForceBrowserSignIn,msEdgeUpdateLaunchServicesPreferredVersion --enable-features=CDPScreenshotNewSurface --allow-pre-commit-input --disable-hang-monitor --disable-ipc-flooding-protection --disable-popup-blocking --disable-prompt-on-repost --disable-renderer-backgrounding --disable-updater-scheduler --force-color-profile=srgb --metrics-recording-only --no-first-run --password-store=basic --use-mock-keychain --no-service-autorun --export-tagged-pdf --disable-search-engine-choice-screen --unsafely-disable-devtools-self-xss-warnings --edge-skip-compat-layer-relaunch --disable-infobars --disable-search-engine-choice-screen --disable-sync --enable-unsafe-swiftshader --headless --hide-scrollbars --mute-audio --blink-settings=primaryHoverType=2,availableHoverTypes=2,primaryPointerType=4,availablePointerTypes=4 --no-sandbox --user-data-dir=/tmp/playwright_chromiumdev_profile-WTQu6W --remote-debugging-pipe --no-startup-window
      - <launched> pid=43600
      - [pid=43600][err] /opt/ms-playwright/chromium_headless_shell-1234/chrome-headless-shell-linux64/chrome-headless-shell: error while loading shared libraries: libglib-2.0.so.0: cannot open shared object file: No such file or directory
      - [pid=43600] <gracefully close start>
      - [pid=43600] <kill>
      - [pid=43600] <will force kill>
      - [pid=43600] exception while trying to kill process: Error: kill ESRCH
      - [pid=43600] <process did exit: exitCode=127, signal=null>
      - [pid=43600] starting temporary directories cleanup
      - [pid=43600] finished temporary directories cleanup
      - [pid=43600] <gracefully close end>


    Error Context: ../test-results/public-booking-discount-pa-a55e7-lects-them-in-the-dashboard-chromium/error-context.md

    attachment #2: trace (application/zip) ─────────────────────────────────────────────────────────
    ../test-results/public-booking-discount-pa-a55e7-lects-them-in-the-dashboard-chromium/trace.zip
    Usage:

        npx playwright show-trace ../test-results/public-booking-discount-pa-a55e7-lects-them-in-the-dashboard-chromium/trace.zip

    ────────────────────────────────────────────────────────────────────────────────────────────────
]]>
</error>
</testcase>
</testsuite>
<testsuite name="public-booking-discount-reuse.spec.ts" timestamp="2026-09-17T14:40:27.518Z" hostname="chromium" tests="1" failures="0" skipped="0" time="2.89" errors="0">
<testcase name="Reusing a single-use discount code › counts the code as used once and leaves the first booking&apos;s price unchanged" classname="public-booking-discount-reuse.spec.ts" time="2.89">
<system-out>
<![CDATA[
[[ATTACHMENT|../../test-results/public-booking-discount-re-f58b1-t-booking-s-price-unchanged-chromium/trace.zip]]
]]>
</system-out>
</testcase>
</testsuite>
<testsuite name="public-booking-discount-rounding-edge-cases.spec.ts" timestamp="2026-09-17T14:40:27.518Z" hostname="chromium" tests="1" failures="0" skipped="0" time="11.378" errors="0">
<testcase name="Discount rounding edge cases › always round to the same cent in every persisted report" classname="public-booking-discount-rounding-edge-cases.spec.ts" time="11.378">
<system-out>
<![CDATA[
[[ATTACHMENT|../../test-results/public-booking-discount-ro-e4c6d-t-in-every-persisted-report-chromium/trace.zip]]
]]>
</system-out>
</testcase>
</testsuite>
<testsuite name="public-booking-idempotency-key.spec.ts" timestamp="2026-09-17T14:40:27.518Z" hostname="chromium" tests="1" failures="0" skipped="0" time="10.576" errors="0">
<testcase name="Booking create idempotency key › repeated creates with the same key never double-apply a promotion" classname="public-booking-idempotency-key.spec.ts" time="10.576">
<system-out>
<![CDATA[
[[ATTACHMENT|../../test-results/public-booking-idempotency-fd119-er-double-apply-a-promotion-chromium/trace.zip]]
]]>
</system-out>
</testcase>
</testsuite>
<testsuite name="public-booking-invalid-discount.spec.ts" timestamp="2026-09-17T14:40:27.518Z" hostname="chromium" tests="1" failures="0" skipped="0" time="0.725" errors="1">
<testcase name="Public booking with an invalid or expired discount code › rejects the booking, shows an error, and writes no price or invoice data" classname="public-booking-invalid-discount.spec.ts" time="0.725">
<system-out>
<![CDATA[
[[ATTACHMENT|../../test-results/public-booking-invalid-dis-56f63-es-no-price-or-invoice-data-chromium/error-context.md]]

[[ATTACHMENT|../../test-results/public-booking-invalid-dis-56f63-es-no-price-or-invoice-data-chromium/trace.zip]]
]]>
</system-out>
<system-err>
<![CDATA[Skipping host requirements validation logic because `PLAYWRIGHT_SKIP_VALIDATE_HOST_REQUIREMENTS` env variable is set.
]]>
</system-err>
<error message="browserType.launch: Target page, context or browser has been closed" type="Error">
<![CDATA[  [chromium] › public-booking-invalid-discount.spec.ts:43:3 › Public booking with an invalid or expired discount code › rejects the booking, shows an error, and writes no price or invoice data 

    Error: browserType.launch: Target page, context or browser has been closed
    Browser logs:

[...]
</skipped>
</testcase>
<testcase name="Authenticated non-admin /superadmin denial flow › Forbidden page beacon to forbidden-status produces a real HTTP 403 in the network log" classname="superadmin-forbidden.spec.ts">
<properties>
<property name="skip" value="Set E2E_NON_ADMIN_EMAIL + E2E_NON_ADMIN_PASSWORD to run the authenticated denial flow">
</property>
</properties>
<skipped>
</skipped>
</testcase>
</testsuite>
<testsuite name="superadmin-mocked-auth.spec.ts" timestamp="2026-09-17T14:40:27.518Z" hostname="chromium" tests="3" failures="0" skipped="0" time="0.015" errors="3">
<testcase name="/superadmin — mocked auth states (lightweight E2E) › anonymous: redirects to /login, no Forbidden UI, no beacons" classname="superadmin-mocked-auth.spec.ts" time="0.006">
<system-out>
<![CDATA[
[[ATTACHMENT|../../test-results/superadmin-mocked-auth--su-818f9--no-Forbidden-UI-no-beacons-chromium/error-context.md]]

[[ATTACHMENT|../../test-results/superadmin-mocked-auth--su-818f9--no-Forbidden-UI-no-beacons-chromium/trace.zip]]
]]>
</system-out>
<system-err>
<![CDATA[Skipping host requirements validation logic because `PLAYWRIGHT_SKIP_VALIDATE_HOST_REQUIREMENTS` env variable is set.
]]>
</system-err>
<error message="browserType.launch: Target page, context or browser has been closed" type="Error">
<![CDATA[  [chromium] › superadmin-mocked-auth.spec.ts:194:3 › /superadmin — mocked auth states (lightweight E2E) › anonymous: redirects to /login, no Forbidden UI, no beacons 

    Error: browserType.launch: Target page, context or browser has been closed
    Browser logs:

    <launching> /opt/ms-playwright/chromium_headless_shell-1234/chrome-headless-shell-linux64/chrome-headless-shell --disable-field-trial-config --disable-background-networking --disable-background-timer-throttling --disable-backgrounding-occluded-windows --disable-back-forward-cache --disable-breakpad --disable-client-side-phishing-detection --disable-component-extensions-with-background-pages --disable-component-update --no-default-browser-check --disable-default-apps --disable-dev-shm-usage --disable-edgeupdater --disable-extensions --disable-features=AvoidUnnecessaryBeforeUnloadCheckSync,BoundaryEventDispatchTracksNodeRemoval,DestroyProfileOnBrowserClose,DialMediaRouteProvider,GlobalMediaControls,HttpsUpgrades,LensOverlay,MediaRouter,PaintHolding,ThirdPartyStoragePartitioning,BlockOriginHeaderModificationOnRedirect,Translate,AutoDeElevate,OptimizationHints,msForceBrowserSignIn,msEdgeUpdateLaunchServicesPreferredVersion --enable-features=CDPScreenshotNewSurface --allow-pre-commit-input --disable-hang-monitor --disable-ipc-flooding-protection --disable-popup-blocking --disable-prompt-on-repost --disable-renderer-backgrounding --disable-updater-scheduler --force-color-profile=srgb --metrics-recording-only --no-first-run --password-store=basic --use-mock-keychain --no-service-autorun --export-tagged-pdf --disable-search-engine-choice-screen --unsafely-disable-devtools-self-xss-warnings --edge-skip-compat-layer-relaunch --disable-infobars --disable-search-engine-choice-screen --disable-sync --enable-unsafe-swiftshader --headless --hide-scrollbars --mute-audio --blink-settings=primaryHoverType=2,availableHoverTypes=2,primaryPointerType=4,availablePointerTypes=4 --no-sandbox --user-data-dir=/tmp/playwright_chromiumdev_profile-xKALEz --remote-debugging-pipe --no-startup-window
    <launched> pid=43886
    [pid=43886][err] /opt/ms-playwright/chromium_headless_shell-1234/chrome-headless-shell-linux64/chrome-headless-shell: error while loading shared libraries: libglib-2.0.so.0: cannot open shared object file: No such file or directory
    Call log:
      - <launching> /opt/ms-playwright/chromium_headless_shell-1234/chrome-headless-shell-linux64/chrome-headless-shell --disable-field-trial-config --disable-background-networking --disable-background-timer-throttling --disable-backgrounding-occluded-windows --disable-back-forward-cache --disable-breakpad --disable-client-side-phishing-detection --disable-component-extensions-with-background-pages --disable-component-update --no-default-browser-check --disable-default-apps --disable-dev-shm-usage --disable-edgeupdater --disable-extensions --disable-features=AvoidUnnecessaryBeforeUnloadCheckSync,BoundaryEventDispatchTracksNodeRemoval,DestroyProfileOnBrowserClose,DialMediaRouteProvider,GlobalMediaControls,HttpsUpgrades,LensOverlay,MediaRouter,PaintHolding,ThirdPartyStoragePartitioning,BlockOriginHeaderModificationOnRedirect,Translate,AutoDeElevate,OptimizationHints,msForceBrowserSignIn,msEdgeUpdateLaunchServicesPreferredVersion --enable-features=CDPScreenshotNewSurface --allow-pre-commit-input --disable-hang-monitor --disable-ipc-flooding-protection --disable-popup-blocking --disable-prompt-on-repost --disable-renderer-backgrounding --disable-updater-scheduler --force-color-profile=srgb --metrics-recording-only --no-first-run --password-store=basic --use-mock-keychain --no-service-autorun --export-tagged-pdf --disable-search-engine-choice-screen --unsafely-disable-devtools-self-xss-warnings --edge-skip-compat-layer-relaunch --disable-infobars --disable-search-engine-choice-screen --disable-sync --enable-unsafe-swiftshader --headless --hide-scrollbars --mute-audio --blink-settings=primaryHoverType=2,availableHoverTypes=2,primaryPointerType=4,availablePointerTypes=4 --no-sandbox --user-data-dir=/tmp/playwright_chromiumdev_profile-xKALEz --remote-debugging-pipe --no-startup-window
      - <launched> pid=43886
      - [pid=43886][err] /opt/ms-playwright/chromium_headless_shell-1234/chrome-headless-shell-linux64/chrome-headless-shell: error while loading shared libraries: libglib-2.0.so.0: cannot open shared object file: No such file or directory
      - [pid=43886] <gracefully close start>
      - [pid=43886] <kill>
      - [pid=43886] <will force kill>
      - [pid=43886] exception while trying to kill process: Error: kill ESRCH
      - [pid=43886] <process did exit: exitCode=127, signal=null>
      - [pid=43886] starting temporary directories cleanup
      - [pid=43886] finished temporary directories cleanup
      - [pid=43886] <gracefully close end>


    Error Context: ../test-results/superadmin-mocked-auth--su-818f9--no-Forbidden-UI-no-beacons-chromium/error-context.md

    attachment #2: trace (application/zip) ─────────────────────────────────────────────────────────
    ../test-results/superadmin-mocked-auth--su-818f9--no-Forbidden-UI-no-beacons-chromium/trace.zip
    Usage:

        npx playwright show-trace ../test-results/superadmin-mocked-auth--su-818f9--no-Forbidden-UI-no-beacons-chromium/trace.zip

    ────────────────────────────────────────────────────────────────────────────────────────────────
]]>
</error>
</testcase>
<testcase name="/superadmin — mocked auth states (lightweight E2E) › authenticated states (require VITE_SUPABASE_URL) › non-admin: Forbidden renders in-place with data-http-status=403 and a real 403 in the network log" classname="superadmin-mocked-auth.spec.ts" time="0.004">
<system-out>
<![CDATA[
[[ATTACHMENT|../../test-results/superadmin-mocked-auth--su-6312c-real-403-in-the-network-log-chromium/error-context.md]]

[[ATTACHMENT|../../test-results/superadmin-mocked-auth--su-6312c-real-403-in-the-network-log-chromium/trace.zip]]
]]>
</system-out>
<system-err>
<![CDATA[Skipping host requirements validation logic because `PLAYWRIGHT_SKIP_VALIDATE_HOST_REQUIREMENTS` env variable is set.
]]>
</system-err>
<error message="browserType.launch: Target page, context or browser has been closed" type="Error">
<![CDATA[  [chromium] › superadmin-mocked-auth.spec.ts:225:5 › /superadmin — mocked auth states (lightweight E2E) › authenticated states (require VITE_SUPABASE_URL) › non-admin: Forbidden renders in-place with data-http-status=403 and a real 403 in the network log 

    Error: browserType.launch: Target page, context or browser has been closed
    Browser logs:

    <launching> /opt/ms-playwright/chromium_headless_shell-1234/chrome-headless-shell-linux64/chrome-headless-shell --disable-field-trial-config --disable-background-networking --disable-background-timer-throttling --disable-backgrounding-occluded-windows --disable-back-forward-cache --disable-breakpad --disable-client-side-phishing-detection --disable-component-extensions-with-background-pages --disable-component-update --no-default-browser-check --disable-default-apps --disable-dev-shm-usage --disable-edgeupdater --disable-extensions --disable-features=AvoidUnnecessaryBeforeUnloadCheckSync,BoundaryEventDispatchTracksNodeRemoval,DestroyProfileOnBrowserClose,DialMediaRouteProvider,GlobalMediaControls,HttpsUpgrades,LensOverlay,MediaRouter,PaintHolding,ThirdPartyStoragePartitioning,BlockOriginHeaderModificationOnRedirect,Translate,AutoDeElevate,OptimizationHints,msForceBrowserSignIn,msEdgeUpdateLaunchServicesPreferredVersion --enable-features=CDPScreenshotNewSurface --allow-pre-commit-input --disable-hang-monitor --disable-ipc-flooding-protection --disable-popup-blocking --disable-prompt-on-repost --disable-renderer-backgrounding --disable-updater-scheduler --force-color-profile=srgb --metrics-recording-only --no-first-run --password-store=basic --use-mock-keychain --no-service-autorun --export-tagged-pdf --disable-search-engine-choice-screen --unsafely-disable-devtools-self-xss-warnings --edge-skip-compat-layer-relaunch --disable-infobars --disable-search-engine-choice-screen --disable-sync --enable-unsafe-swiftshader --headless --hide-scrollbars --mute-audio --blink-settings=primaryHoverType=2,availableHoverTypes=2,primaryPointerType=4,availablePointerTypes=4 --no-sandbox --user-data-dir=/tmp/playwright_chromiumdev_profile-TG2Uae --remote-debugging-pipe --no-startup-window
    <launched> pid=43854
    [pid=43854][err] /opt/ms-playwright/chromium_headless_shell-1234/chrome-headless-shell-linux64/chrome-headless-shell: error while loading shared libraries: libglib-2.0.so.0: cannot open shared object file: No such file or directory
    Call log:
      - <launching> /opt/ms-playwright/chromium_headless_shell-1234/chrome-headless-shell-linux64/chrome-headless-shell --disable-field-trial-config --disable-background-networking --disable-background-timer-throttling --disable-backgrounding-occluded-windows --disable-back-forward-cache --disable-breakpad --disable-client-side-phishing-detection --disable-component-extensions-with-background-pages --disable-component-update --no-default-browser-check --disable-default-apps --disable-dev-shm-usage --disable-edgeupdater --disable-extensions --disable-features=AvoidUnnecessaryBeforeUnloadCheckSync,BoundaryEventDispatchTracksNodeRemoval,DestroyProfileOnBrowserClose,DialMediaRouteProvider,GlobalMediaControls,HttpsUpgrades,LensOverlay,MediaRouter,PaintHolding,ThirdPartyStoragePartitioning,BlockOriginHeaderModificationOnRedirect,Translate,AutoDeElevate,OptimizationHints,msForceBrowserSignIn,msEdgeUpdateLaunchServicesPreferredVersion --enable-features=CDPScreenshotNewSurface --allow-pre-commit-input --disable-hang-monitor --disable-ipc-flooding-protection --disable-popup-blocking --disable-prompt-on-repost --disable-renderer-backgrounding --disable-updater-scheduler --force-color-profile=srgb --metrics-recording-only --no-first-run --password-store=basic --use-mock-keychain --no-service-autorun --export-tagged-pdf --disable-search-engine-choice-screen --unsafely-disable-devtools-self-xss-warnings --edge-skip-compat-layer-relaunch --disable-infobars --disable-search-engine-choice-screen --disable-sync --enable-unsafe-swiftshader --headless --hide-scrollbars --mute-audio --blink-settings=primaryHoverType=2,availableHoverTypes=2,primaryPointerType=4,availablePointerTypes=4 --no-sandbox --user-data-dir=/tmp/playwright_chromiumdev_profile-TG2Uae --remote-debugging-pipe --no-startup-window
      - <launched> pid=43854
      - [pid=43854][err] /opt/ms-playwright/chromium_headless_shell-1234/chrome-headless-shell-linux64/chrome-headless-shell: error while loading shared libraries: libglib-2.0.so.0: cannot open shared object file: No such file or directory
      - [pid=43854] <gracefully close start>
      - [pid=43854] <kill>
      - [pid=43854] <will force kill>
      - [pid=43854] exception while trying to kill process: Error: kill ESRCH
      - [pid=43854] <process did exit: exitCode=127, signal=null>
      - [pid=43854] starting temporary directories cleanup
      - [pid=43854] finished temporary directories cleanup
      - [pid=43854] <gracefully close end>


    Error Context: ../test-results/superadmin-mocked-auth--su-6312c-real-403-in-the-network-log-chromium/error-context.md

    attachment #2: trace (application/zip) ─────────────────────────────────────────────────────────
    ../test-results/superadmin-mocked-auth--su-6312c-real-403-in-the-network-log-chromium/trace.zip
    Usage:

        npx playwright show-trace ../test-results/superadmin-mocked-auth--su-6312c-real-403-in-the-network-log-chromium/trace.zip

    ────────────────────────────────────────────────────────────────────────────────────────────────
]]>
</error>
</testcase>
<testcase name="/superadmin — mocked auth states (lightweight E2E) › authenticated states (require VITE_SUPABASE_URL) › system admin: reaches Superadmin page, no Forbidden UI" classname="superadmin-mocked-auth.spec.ts" time="0.005">
<system-out>
<![CDATA[
[[ATTACHMENT|../../test-results/superadmin-mocked-auth--su-18740-radmin-page-no-Forbidden-UI-chromium/error-context.md]]

[[ATTACHMENT|../../test-results/superadmin-mocked-auth--su-18740-radmin-page-no-Forbidden-UI-chromium/trace.zip]]
]]>
</system-out>
<system-err>
<![CDATA[Skipping host requirements validation logic because `PLAYWRIGHT_SKIP_VALIDATE_HOST_REQUIREMENTS` env variable is set.
]]>
</system-err>
<error message="browserType.launch: Target page, context or browser has been closed" type="Error">
<![CDATA[  [chromium] › superadmin-mocked-auth.spec.ts:278:5 › /superadmin — mocked auth states (lightweight E2E) › authenticated states (require VITE_SUPABASE_URL) › system admin: reaches Superadmin page, no Forbidden UI 

    Error: browserType.launch: Target page, context or browser has been closed
    Browser logs:

    <launching> /opt/ms-playwright/chromium_headless_shell-1234/chrome-headless-shell-linux64/chrome-headless-shell --disable-field-trial-config --disable-background-networking --disable-background-timer-throttling --disable-backgrounding-occluded-windows --disable-back-forward-cache --disable-breakpad --disable-client-side-phishing-detection --disable-component-extensions-with-background-pages --disable-component-update --no-default-browser-check --disable-default-apps --disable-dev-shm-usage --disable-edgeupdater --disable-extensions --disable-features=AvoidUnnecessaryBeforeUnloadCheckSync,BoundaryEventDispatchTracksNodeRemoval,DestroyProfileOnBrowserClose,DialMediaRouteProvider,GlobalMediaControls,HttpsUpgrades,LensOverlay,MediaRouter,PaintHolding,ThirdPartyStoragePartitioning,BlockOriginHeaderModificationOnRedirect,Translate,AutoDeElevate,OptimizationHints,msForceBrowserSignIn,msEdgeUpdateLaunchServicesPreferredVersion --enable-features=CDPScreenshotNewSurface --allow-pre-commit-input --disable-hang-monitor --disable-ipc-flooding-protection --disable-popup-blocking --disable-prompt-on-repost --disable-renderer-backgrounding --disable-updater-scheduler --force-color-profile=srgb --metrics-recording-only --no-first-run --password-store=basic --use-mock-keychain --no-service-autorun --export-tagged-pdf --disable-search-engine-choice-screen --unsafely-disable-devtools-self-xss-warnings --edge-skip-compat-layer-relaunch --disable-infobars --disable-search-engine-choice-screen --disable-sync --enable-unsafe-swiftshader --headless --hide-scrollbars --mute-audio --blink-settings=primaryHoverType=2,availableHoverTypes=2,primaryPointerType=4,availablePointerTypes=4 --no-sandbox --user-data-dir=/tmp/playwright_chromiumdev_profile-uEaVxI --remote-debugging-pipe --no-startup-window
    <launched> pid=43892
    [pid=43892][err] /opt/ms-playwright/chromium_headless_shell-1234/chrome-headless-shell-linux64/chrome-headless-shell: error while loading shared libraries: libglib-2.0.so.0: cannot open shared object file: No such file or directory
    Call log:
      - <launching> /opt/ms-playwright/chromium_headless_shell-1234/chrome-headless-shell-linux64/chrome-headless-shell --disable-field-trial-config --disable-background-networking --disable-background-timer-throttling --disable-backgrounding-occluded-windows --disable-back-forward-cache --disable-breakpad --disable-client-side-phishing-detection --disable-component-extensions-with-background-pages --disable-component-update --no-default-browser-check --disable-default-apps --disable-dev-shm-usage --disable-edgeupdater --disable-extensions --disable-features=AvoidUnnecessaryBeforeUnloadCheckSync,BoundaryEventDispatchTracksNodeRemoval,DestroyProfileOnBrowserClose,DialMediaRouteProvider,GlobalMediaControls,HttpsUpgrades,LensOverlay,MediaRouter,PaintHolding,ThirdPartyStoragePartitioning,BlockOriginHeaderModificationOnRedirect,Translate,AutoDeElevate,OptimizationHints,msForceBrowserSignIn,msEdgeUpdateLaunchServicesPreferredVersion --enable-features=CDPScreenshotNewSurface --allow-pre-commit-input --disable-hang-monitor --disable-ipc-flooding-protection --disable-popup-blocking --disable-prompt-on-repost --disable-renderer-backgrounding --disable-updater-scheduler --force-color-profile=srgb --metrics-recording-only --no-first-run --password-store=basic --use-mock-keychain --no-service-autorun --export-tagged-pdf --disable-search-engine-choice-screen --unsafely-disable-devtools-self-xss-warnings --edge-skip-compat-layer-relaunch --disable-infobars --disable-search-engine-choice-screen --disable-sync --enable-unsafe-swiftshader --headless --hide-scrollbars --mute-audio --blink-settings=primaryHoverType=2,availableHoverTypes=2,primaryPointerType=4,availablePointerTypes=4 --no-sandbox --user-data-dir=/tmp/playwright_chromiumdev_profile-uEaVxI --remote-debugging-pipe --no-startup-window
      - <launched> pid=43892
      - [pid=43892][err] /opt/ms-playwright/chromium_headless_shell-1234/chrome-headless-shell-linux64/chrome-headless-shell: error while loading shared libraries: libglib-2.0.so.0: cannot open shared object file: No such file or directory
      - [pid=43892] <gracefully close start>
      - [pid=43892] <kill>
      - [pid=43892] <will force kill>
      - [pid=43892] exception while trying to kill process: Error: kill ESRCH
      - [pid=43892] <process did exit: exitCode=127, signal=null>
      - [pid=43892] starting temporary directories cleanup
      - [pid=43892] finished temporary directories cleanup
      - [pid=43892] <gracefully close end>


    Error Context: ../test-results/superadmin-mocked-auth--su-18740-radmin-page-no-Forbidden-UI-chromium/error-context.md

    attachment #2: trace (application/zip) ─────────────────────────────────────────────────────────
    ../test-results/superadmin-mocked-auth--su-18740-radmin-page-no-Forbidden-UI-chromium/trace.zip
    Usage:

        npx playwright show-trace ../test-results/superadmin-mocked-auth--su-18740-radmin-page-no-Forbidden-UI-chromium/trace.zip

    ────────────────────────────────────────────────────────────────────────────────────────────────
]]>
</error>
</testcase>
</testsuite>
<testsuite name="tenant-membership-removed.spec.ts" timestamp="2026-09-17T14:40:27.518Z" hostname="chromium" tests="1" failures="0" skipped="1" time="0" errors="0">
<testcase name="Tenant membership revoked mid-session › removes membership while on /dashboard, shows toast, and lands on /onboarding" classname="tenant-membership-removed.spec.ts">
<properties>
<property name="skip" value="Set E2E_SUPABASE_URL, E2E_SUPABASE_SERVICE_ROLE_KEY, E2E_MEMBERSHIP_TEST_EMAIL, E2E_MEMBERSHIP_TEST_PASSWORD, and E2E_MEMBERSHIP_TEST_TENANT_ID to run this test.">
</property>
</properties>
<skipped>
</skipped>
</testcase>
</testsuite>
</testsuites>